[2026-05-05T00:26:00+00:00] block 12 fGn N=100 sweep: H=[0.3, 0.5, 0.7, 0.9], N=100 seeds, 2 conditions per (seed, H)
[2026-05-05T00:26:00+00:00] device: gpu / cuda:0
[2026-05-05T00:26:00+00:00] already complete: 0 / 800
[2026-05-05T00:26:03+00:00]   done seed=0 H=0.3 open_loop track=-8.008e-05 pred=-8.448e-05 lag1=-0.171 wall=3.3s
[2026-05-05T00:26:04+00:00]   done seed=0 H=0.3 closed_loop track=-4.120e-06 pred=-8.795e-06 lag1=-0.171 wall=0.4s
[2026-05-05T00:26:04+00:00]   done seed=37 H=0.3 open_loop track=-8.233e-05 pred=-8.764e-05 lag1=-0.118 wall=0.3s
[2026-05-05T00:26:05+00:00]   done seed=37 H=0.3 closed_loop track=-1.135e-06 pred=-1.333e-05 lag1=-0.118 wall=0.4s
[2026-05-05T00:26:05+00:00]   done seed=74 H=0.3 open_loop track=-8.328e-05 pred=-8.988e-05 lag1=-0.187 wall=0.3s
[2026-05-05T00:26:05+00:00]   done seed=74 H=0.3 closed_loop track=-2.987e-06 pred=-1.376e-05 lag1=-0.187 wall=0.4s
[2026-05-05T00:26:06+00:00]   done seed=111 H=0.3 open_loop track=-8.338e-05 pred=-8.312e-05 lag1=0.197 wall=0.3s
[2026-05-05T00:26:06+00:00]   done seed=111 H=0.3 closed_loop track=-1.150e-05 pred=-5.327e-06 lag1=0.197 wall=0.4s
[2026-05-05T00:26:06+00:00]   done seed=148 H=0.3 open_loop track=-8.308e-05 pred=-8.731e-05 lag1=-0.309 wall=0.3s
[2026-05-05T00:26:07+00:00]   done seed=148 H=0.3 closed_loop track=-5.461e-06 pred=-9.839e-06 lag1=-0.309 wall=0.4s
[2026-05-05T00:26:07+00:00]   done seed=185 H=0.3 open_loop track=-8.457e-05 pred=-8.907e-05 lag1=-0.286 wall=0.3s
[2026-05-05T00:26:07+00:00]   done seed=185 H=0.3 closed_loop track=-4.059e-06 pred=-1.088e-05 lag1=-0.286 wall=0.4s
[2026-05-05T00:26:08+00:00]   done seed=222 H=0.3 open_loop track=-7.769e-05 pred=-8.269e-05 lag1=0.093 wall=0.3s
[2026-05-05T00:26:08+00:00]   done seed=222 H=0.3 closed_loop track=-4.971e-06 pred=-5.752e-06 lag1=0.093 wall=0.4s
[2026-05-05T00:26:08+00:00]   done seed=259 H=0.3 open_loop track=-7.623e-05 pred=-8.061e-05 lag1=-0.619 wall=0.3s
[2026-05-05T00:26:09+00:00]   done seed=259 H=0.3 closed_loop track=-1.025e-05 pred=-9.358e-06 lag1=-0.619 wall=0.4s
[2026-05-05T00:26:09+00:00]   done seed=296 H=0.3 open_loop track=-7.823e-05 pred=-8.263e-05 lag1=-0.473 wall=0.3s
[2026-05-05T00:26:09+00:00]   done seed=296 H=0.3 closed_loop track=-4.684e-06 pred=-1.253e-05 lag1=-0.473 wall=0.4s
[2026-05-05T00:26:09+00:00]   done seed=333 H=0.3 open_loop track=-8.410e-05 pred=-8.879e-05 lag1=-0.438 wall=0.3s
[2026-05-05T00:26:10+00:00]   done seed=333 H=0.3 closed_loop track=-1.426e-06 pred=-1.122e-05 lag1=-0.438 wall=0.4s
[2026-05-05T00:26:10+00:00]   done seed=370 H=0.3 open_loop track=-7.407e-05 pred=-7.850e-05 lag1=-0.241 wall=0.3s
[2026-05-05T00:26:11+00:00]   done seed=370 H=0.3 closed_loop track=-3.254e-06 pred=-9.697e-06 lag1=-0.241 wall=0.4s
[2026-05-05T00:26:11+00:00]   done seed=407 H=0.3 open_loop track=-9.044e-05 pred=-8.526e-05 lag1=-0.244 wall=0.3s
[2026-05-05T00:26:11+00:00]   done seed=407 H=0.3 closed_loop track=-9.468e-06 pred=-8.263e-06 lag1=-0.244 wall=0.4s
[2026-05-05T00:26:12+00:00]   done seed=444 H=0.3 open_loop track=-7.879e-05 pred=-7.961e-05 lag1=-0.203 wall=0.3s
[2026-05-05T00:26:12+00:00]   done seed=444 H=0.3 closed_loop track=-1.058e-05 pred=-5.969e-06 lag1=-0.203 wall=0.4s
[2026-05-05T00:26:12+00:00]   done seed=481 H=0.3 open_loop track=-8.225e-05 pred=-8.696e-05 lag1=-0.243 wall=0.3s
[2026-05-05T00:26:13+00:00]   done seed=481 H=0.3 closed_loop track=-1.018e-06 pred=-1.189e-05 lag1=-0.243 wall=0.4s
[2026-05-05T00:26:13+00:00]   done seed=518 H=0.3 open_loop track=-8.150e-05 pred=-8.597e-05 lag1=-0.311 wall=0.3s
[2026-05-05T00:26:13+00:00]   done seed=518 H=0.3 closed_loop track=-7.109e-06 pred=-8.467e-06 lag1=-0.311 wall=0.4s
[2026-05-05T00:26:14+00:00]   done seed=555 H=0.3 open_loop track=-7.549e-05 pred=-7.927e-05 lag1=-0.334 wall=0.3s
[2026-05-05T00:26:14+00:00]   done seed=555 H=0.3 closed_loop track=-4.142e-06 pred=-1.473e-05 lag1=-0.334 wall=0.4s
[2026-05-05T00:26:14+00:00]   done seed=592 H=0.3 open_loop track=-8.446e-05 pred=-9.984e-05 lag1=-0.206 wall=0.3s
[2026-05-05T00:26:15+00:00]   done seed=592 H=0.3 closed_loop track=-3.017e-06 pred=-9.685e-06 lag1=-0.206 wall=0.4s
[2026-05-05T00:26:15+00:00]   done seed=629 H=0.3 open_loop track=-8.270e-05 pred=-8.733e-05 lag1=0.094 wall=0.3s
[2026-05-05T00:26:15+00:00]   done seed=629 H=0.3 closed_loop track=-1.517e-06 pred=-8.277e-06 lag1=0.094 wall=0.4s
[2026-05-05T00:26:16+00:00]   done seed=666 H=0.3 open_loop track=-8.700e-05 pred=-9.236e-05 lag1=-0.424 wall=0.3s
[2026-05-05T00:26:16+00:00]   done seed=666 H=0.3 closed_loop track=-4.740e-06 pred=-7.374e-06 lag1=-0.424 wall=0.4s
[2026-05-05T00:26:16+00:00]   done seed=703 H=0.3 open_loop track=-7.884e-05 pred=-8.330e-05 lag1=-0.143 wall=0.3s
[2026-05-05T00:26:17+00:00]   done seed=703 H=0.3 closed_loop track=-3.693e-06 pred=-1.958e-05 lag1=-0.143 wall=0.4s
[2026-05-05T00:26:17+00:00]   done seed=740 H=0.3 open_loop track=-8.512e-05 pred=-8.927e-05 lag1=-0.204 wall=0.3s
[2026-05-05T00:26:17+00:00]   done seed=740 H=0.3 closed_loop track=-5.341e-06 pred=-5.834e-06 lag1=-0.204 wall=0.4s
[2026-05-05T00:26:18+00:00]   done seed=777 H=0.3 open_loop track=-8.264e-05 pred=-8.560e-05 lag1=-0.149 wall=0.3s
[2026-05-05T00:26:18+00:00]   done seed=777 H=0.3 closed_loop track=-4.478e-06 pred=-9.494e-06 lag1=-0.149 wall=0.4s
[2026-05-05T00:26:18+00:00]   done seed=814 H=0.3 open_loop track=-8.018e-05 pred=-8.210e-05 lag1=-0.369 wall=0.3s
[2026-05-05T00:26:19+00:00]   done seed=814 H=0.3 closed_loop track=-2.459e-06 pred=-7.812e-06 lag1=-0.369 wall=0.4s
[2026-05-05T00:26:19+00:00]   done seed=851 H=0.3 open_loop track=-7.999e-05 pred=-8.494e-05 lag1=0.003 wall=0.3s
[2026-05-05T00:26:19+00:00]   done seed=851 H=0.3 closed_loop track=-6.547e-06 pred=-7.242e-06 lag1=0.003 wall=0.4s
[2026-05-05T00:26:19+00:00]   done seed=888 H=0.3 open_loop track=-8.243e-05 pred=-8.702e-05 lag1=-0.211 wall=0.3s
[2026-05-05T00:26:20+00:00]   done seed=888 H=0.3 closed_loop track=-5.030e-06 pred=-1.107e-05 lag1=-0.211 wall=0.4s
[2026-05-05T00:26:20+00:00]   done seed=925 H=0.3 open_loop track=-8.044e-05 pred=-8.421e-05 lag1=-0.479 wall=0.3s
[2026-05-05T00:26:21+00:00]   done seed=925 H=0.3 closed_loop track=-7.911e-06 pred=-1.134e-05 lag1=-0.479 wall=0.4s
[2026-05-05T00:26:21+00:00]   done seed=962 H=0.3 open_loop track=-7.941e-05 pred=-8.448e-05 lag1=-0.165 wall=0.3s
[2026-05-05T00:26:21+00:00]   done seed=962 H=0.3 closed_loop track=-8.389e-06 pred=-6.136e-06 lag1=-0.165 wall=0.4s
[2026-05-05T00:26:21+00:00]   done seed=999 H=0.3 open_loop track=-7.930e-05 pred=-8.447e-05 lag1=-0.426 wall=0.3s
[2026-05-05T00:26:22+00:00]   done seed=999 H=0.3 closed_loop track=-2.081e-06 pred=-1.466e-05 lag1=-0.426 wall=0.4s
[2026-05-05T00:26:22+00:00]   done seed=1036 H=0.3 open_loop track=-8.496e-05 pred=-7.479e-05 lag1=0.003 wall=0.3s
[2026-05-05T00:26:23+00:00]   done seed=1036 H=0.3 closed_loop track=-1.309e-05 pred=-8.280e-06 lag1=0.003 wall=0.4s
[2026-05-05T00:26:23+00:00]   done seed=1073 H=0.3 open_loop track=-9.307e-05 pred=-9.797e-05 lag1=0.066 wall=0.3s
[2026-05-05T00:26:23+00:00]   done seed=1073 H=0.3 closed_loop track=-4.454e-06 pred=-1.439e-05 lag1=0.066 wall=0.4s
[2026-05-05T00:26:23+00:00]   done seed=1110 H=0.3 open_loop track=-8.021e-05 pred=-8.511e-05 lag1=0.040 wall=0.3s
[2026-05-05T00:26:24+00:00]   done seed=1110 H=0.3 closed_loop track=-4.518e-06 pred=-8.647e-06 lag1=0.040 wall=0.4s
[2026-05-05T00:26:24+00:00]   done seed=1147 H=0.3 open_loop track=-7.652e-05 pred=-7.974e-05 lag1=-0.150 wall=0.3s
[2026-05-05T00:26:24+00:00]   done seed=1147 H=0.3 closed_loop track=-9.613e-06 pred=-9.858e-06 lag1=-0.150 wall=0.4s
[2026-05-05T00:26:25+00:00]   done seed=1184 H=0.3 open_loop track=-8.718e-05 pred=-9.366e-05 lag1=-0.187 wall=0.3s
[2026-05-05T00:26:25+00:00]   done seed=1184 H=0.3 closed_loop track=-7.403e-07 pred=-1.337e-05 lag1=-0.187 wall=0.4s
[2026-05-05T00:26:25+00:00]   done seed=1221 H=0.3 open_loop track=-8.038e-05 pred=-8.577e-05 lag1=-0.147 wall=0.3s
[2026-05-05T00:26:26+00:00]   done seed=1221 H=0.3 closed_loop track=-4.626e-06 pred=-1.034e-05 lag1=-0.147 wall=0.4s
[2026-05-05T00:26:26+00:00]   done seed=1258 H=0.3 open_loop track=-7.690e-05 pred=-8.146e-05 lag1=0.032 wall=0.3s
[2026-05-05T00:26:26+00:00]   done seed=1258 H=0.3 closed_loop track=-5.242e-06 pred=-9.036e-06 lag1=0.032 wall=0.4s
[2026-05-05T00:26:27+00:00]   done seed=1295 H=0.3 open_loop track=-8.324e-05 pred=-8.642e-05 lag1=-0.053 wall=0.3s
[2026-05-05T00:26:27+00:00]   done seed=1295 H=0.3 closed_loop track=-5.698e-06 pred=-9.865e-06 lag1=-0.053 wall=0.4s
[2026-05-05T00:26:27+00:00]   done seed=1332 H=0.3 open_loop track=-8.357e-05 pred=-8.789e-05 lag1=0.008 wall=0.3s
[2026-05-05T00:26:28+00:00]   done seed=1332 H=0.3 closed_loop track=-8.208e-07 pred=-7.338e-06 lag1=0.008 wall=0.4s
[2026-05-05T00:26:28+00:00]   done seed=1369 H=0.3 open_loop track=-7.916e-05 pred=-9.352e-05 lag1=-0.070 wall=0.3s
[2026-05-05T00:26:28+00:00]   done seed=1369 H=0.3 closed_loop track=-5.127e-06 pred=-8.978e-06 lag1=-0.070 wall=0.4s
[2026-05-05T00:26:29+00:00]   done seed=1406 H=0.3 open_loop track=-8.173e-05 pred=-8.450e-05 lag1=-0.403 wall=0.3s
[2026-05-05T00:26:29+00:00]   done seed=1406 H=0.3 closed_loop track=-6.423e-06 pred=-6.136e-06 lag1=-0.403 wall=0.4s
[2026-05-05T00:26:29+00:00]   done seed=1443 H=0.3 open_loop track=-7.871e-05 pred=-7.997e-05 lag1=-0.437 wall=0.3s
[2026-05-05T00:26:30+00:00]   done seed=1443 H=0.3 closed_loop track=-3.233e-06 pred=-1.416e-05 lag1=-0.437 wall=0.4s
[2026-05-05T00:26:30+00:00]   done seed=1480 H=0.3 open_loop track=-8.415e-05 pred=-8.922e-05 lag1=-0.295 wall=0.3s
[2026-05-05T00:26:30+00:00]   done seed=1480 H=0.3 closed_loop track=-5.411e-06 pred=-1.173e-05 lag1=-0.295 wall=0.4s
[2026-05-05T00:26:31+00:00]   done seed=1517 H=0.3 open_loop track=-8.301e-05 pred=-8.625e-05 lag1=-0.122 wall=0.3s
[2026-05-05T00:26:31+00:00]   done seed=1517 H=0.3 closed_loop track=-8.614e-06 pred=-1.047e-05 lag1=-0.122 wall=0.4s
[2026-05-05T00:26:31+00:00]   done seed=1554 H=0.3 open_loop track=-8.160e-05 pred=-9.549e-05 lag1=-0.021 wall=0.3s
[2026-05-05T00:26:32+00:00]   done seed=1554 H=0.3 closed_loop track=-3.932e-06 pred=-8.560e-06 lag1=-0.021 wall=0.4s
[2026-05-05T00:26:32+00:00]   done seed=1591 H=0.3 open_loop track=-8.115e-05 pred=-8.512e-05 lag1=-0.130 wall=0.3s
[2026-05-05T00:26:32+00:00]   done seed=1591 H=0.3 closed_loop track=-5.400e-06 pred=-7.533e-06 lag1=-0.130 wall=0.4s
[2026-05-05T00:26:33+00:00]   done seed=1628 H=0.3 open_loop track=-7.963e-05 pred=-8.334e-05 lag1=-0.130 wall=0.3s
[2026-05-05T00:26:33+00:00]   done seed=1628 H=0.3 closed_loop track=-4.634e-06 pred=-6.465e-06 lag1=-0.130 wall=0.4s
[2026-05-05T00:26:33+00:00]   done seed=1665 H=0.3 open_loop track=-8.064e-05 pred=-8.467e-05 lag1=-0.041 wall=0.3s
[2026-05-05T00:26:34+00:00]   done seed=1665 H=0.3 closed_loop track=-8.100e-06 pred=-7.340e-06 lag1=-0.041 wall=0.4s
[2026-05-05T00:26:34+00:00]   done seed=1702 H=0.3 open_loop track=-7.988e-05 pred=-8.383e-05 lag1=-0.030 wall=0.3s
[2026-05-05T00:26:34+00:00]   done seed=1702 H=0.3 closed_loop track=-5.354e-06 pred=-1.334e-05 lag1=-0.030 wall=0.4s
[2026-05-05T00:26:34+00:00]   done seed=1739 H=0.3 open_loop track=-8.479e-05 pred=-8.925e-05 lag1=-0.096 wall=0.3s
[2026-05-05T00:26:35+00:00]   done seed=1739 H=0.3 closed_loop track=-3.054e-06 pred=-9.399e-06 lag1=-0.096 wall=0.4s
[2026-05-05T00:26:35+00:00]   done seed=1776 H=0.3 open_loop track=-8.267e-05 pred=-8.732e-05 lag1=-0.116 wall=0.3s
[2026-05-05T00:26:35+00:00]   done seed=1776 H=0.3 closed_loop track=-6.956e-06 pred=-6.103e-06 lag1=-0.116 wall=0.4s
[2026-05-05T00:26:36+00:00]   done seed=1813 H=0.3 open_loop track=-7.624e-05 pred=-8.138e-05 lag1=-0.536 wall=0.3s
[2026-05-05T00:26:36+00:00]   done seed=1813 H=0.3 closed_loop track=-4.384e-06 pred=-9.240e-06 lag1=-0.536 wall=0.4s
[2026-05-05T00:26:36+00:00]   done seed=1850 H=0.3 open_loop track=-8.431e-05 pred=-8.885e-05 lag1=-0.321 wall=0.3s
[2026-05-05T00:26:37+00:00]   done seed=1850 H=0.3 closed_loop track=-4.543e-06 pred=-7.929e-06 lag1=-0.321 wall=0.4s
[2026-05-05T00:26:37+00:00]   done seed=1887 H=0.3 open_loop track=-8.292e-05 pred=-8.723e-05 lag1=-0.448 wall=0.3s
[2026-05-05T00:26:37+00:00]   done seed=1887 H=0.3 closed_loop track=-6.834e-06 pred=-1.139e-05 lag1=-0.448 wall=0.4s
[2026-05-05T00:26:38+00:00]   done seed=1924 H=0.3 open_loop track=-8.430e-05 pred=-9.969e-05 lag1=0.170 wall=0.3s
[2026-05-05T00:26:38+00:00]   done seed=1924 H=0.3 closed_loop track=-1.252e-06 pred=-1.016e-05 lag1=0.170 wall=0.4s
[2026-05-05T00:26:38+00:00]   done seed=1961 H=0.3 open_loop track=-8.151e-05 pred=-8.567e-05 lag1=-0.600 wall=0.3s
[2026-05-05T00:26:39+00:00]   done seed=1961 H=0.3 closed_loop track=-8.794e-06 pred=-6.648e-06 lag1=-0.600 wall=0.4s
[2026-05-05T00:26:39+00:00]   done seed=1998 H=0.3 open_loop track=-8.235e-05 pred=-8.714e-05 lag1=-0.165 wall=0.4s
[2026-05-05T00:26:39+00:00]   done seed=1998 H=0.3 closed_loop track=-3.832e-06 pred=-9.879e-06 lag1=-0.165 wall=0.4s
[2026-05-05T00:26:40+00:00]   done seed=2035 H=0.3 open_loop track=-7.975e-05 pred=-8.433e-05 lag1=-0.202 wall=0.3s
[2026-05-05T00:26:40+00:00]   done seed=2035 H=0.3 closed_loop track=-2.058e-06 pred=-1.051e-05 lag1=-0.202 wall=0.4s
[2026-05-05T00:26:40+00:00]   done seed=2072 H=0.3 open_loop track=-7.913e-05 pred=-8.217e-05 lag1=-0.239 wall=0.3s
[2026-05-05T00:26:41+00:00]   done seed=2072 H=0.3 closed_loop track=-6.543e-06 pred=-8.616e-06 lag1=-0.239 wall=0.4s
[2026-05-05T00:26:41+00:00]   done seed=2109 H=0.3 open_loop track=-8.005e-05 pred=-8.478e-05 lag1=-0.366 wall=0.3s
[2026-05-05T00:26:41+00:00]   done seed=2109 H=0.3 closed_loop track=-4.829e-06 pred=-7.685e-06 lag1=-0.366 wall=0.4s
[2026-05-05T00:26:42+00:00]   done seed=2146 H=0.3 open_loop track=-8.482e-05 pred=-8.994e-05 lag1=-0.119 wall=0.3s
[2026-05-05T00:26:42+00:00]   done seed=2146 H=0.3 closed_loop track=-5.501e-06 pred=-9.129e-06 lag1=-0.119 wall=0.4s
[2026-05-05T00:26:42+00:00]   done seed=2183 H=0.3 open_loop track=-8.131e-05 pred=-8.636e-05 lag1=-0.003 wall=0.3s
[2026-05-05T00:26:43+00:00]   done seed=2183 H=0.3 closed_loop track=-3.179e-06 pred=-7.880e-06 lag1=-0.003 wall=0.4s
[2026-05-05T00:26:43+00:00]   done seed=2220 H=0.3 open_loop track=-8.689e-05 pred=-9.048e-05 lag1=-0.328 wall=0.3s
[2026-05-05T00:26:43+00:00]   done seed=2220 H=0.3 closed_loop track=-4.203e-06 pred=-6.980e-06 lag1=-0.328 wall=0.4s
[2026-05-05T00:26:44+00:00]   done seed=2257 H=0.3 open_loop track=-7.885e-05 pred=-8.329e-05 lag1=-0.209 wall=0.3s
[2026-05-05T00:26:44+00:00]   done seed=2257 H=0.3 closed_loop track=-2.263e-06 pred=-9.859e-06 lag1=-0.209 wall=0.4s
[2026-05-05T00:26:44+00:00]   done seed=2294 H=0.3 open_loop track=-7.887e-05 pred=-8.420e-05 lag1=-0.402 wall=0.3s
[2026-05-05T00:26:45+00:00]   done seed=2294 H=0.3 closed_loop track=-4.190e-06 pred=-1.147e-05 lag1=-0.402 wall=0.4s
[2026-05-05T00:26:45+00:00]   done seed=2331 H=0.3 open_loop track=-8.165e-05 pred=-8.631e-05 lag1=-0.261 wall=0.3s
[2026-05-05T00:26:45+00:00]   done seed=2331 H=0.3 closed_loop track=-3.128e-06 pred=-7.881e-06 lag1=-0.261 wall=0.4s
[2026-05-05T00:26:46+00:00]   done seed=2368 H=0.3 open_loop track=-9.376e-05 pred=-8.450e-05 lag1=-0.537 wall=0.3s
[2026-05-05T00:26:46+00:00]   done seed=2368 H=0.3 closed_loop track=-1.471e-05 pred=-1.701e-06 lag1=-0.537 wall=0.4s
[2026-05-05T00:26:46+00:00]   done seed=2405 H=0.3 open_loop track=-8.154e-05 pred=-8.640e-05 lag1=-0.314 wall=0.3s
[2026-05-05T00:26:47+00:00]   done seed=2405 H=0.3 closed_loop track=-3.612e-06 pred=-1.238e-05 lag1=-0.314 wall=0.4s
[2026-05-05T00:26:47+00:00]   done seed=2442 H=0.3 open_loop track=-7.931e-05 pred=-8.315e-05 lag1=-0.368 wall=0.3s
[2026-05-05T00:26:47+00:00]   done seed=2442 H=0.3 closed_loop track=-7.406e-06 pred=-6.889e-06 lag1=-0.368 wall=0.4s
[2026-05-05T00:26:47+00:00]   done seed=2479 H=0.3 open_loop track=-8.619e-05 pred=-8.979e-05 lag1=-0.134 wall=0.3s
[2026-05-05T00:26:48+00:00]   done seed=2479 H=0.3 closed_loop track=-7.787e-06 pred=-5.758e-06 lag1=-0.134 wall=0.4s
[2026-05-05T00:26:48+00:00]   done seed=2516 H=0.3 open_loop track=-7.586e-05 pred=-7.994e-05 lag1=-0.088 wall=0.3s
[2026-05-05T00:26:48+00:00]   done seed=2516 H=0.3 closed_loop track=-5.511e-06 pred=-8.087e-06 lag1=-0.088 wall=0.4s
[2026-05-05T00:26:49+00:00]   done seed=2553 H=0.3 open_loop track=-7.748e-05 pred=-8.232e-05 lag1=-0.430 wall=0.3s
[2026-05-05T00:26:49+00:00]   done seed=2553 H=0.3 closed_loop track=-3.794e-06 pred=-1.229e-05 lag1=-0.430 wall=0.4s
[2026-05-05T00:26:49+00:00]   done seed=2590 H=0.3 open_loop track=-8.093e-05 pred=-8.471e-05 lag1=-0.321 wall=0.3s
[2026-05-05T00:26:50+00:00]   done seed=2590 H=0.3 closed_loop track=-5.100e-06 pred=-8.066e-06 lag1=-0.321 wall=0.4s
[2026-05-05T00:26:50+00:00]   done seed=2627 H=0.3 open_loop track=-8.037e-05 pred=-8.494e-05 lag1=-0.185 wall=0.3s
[2026-05-05T00:26:50+00:00]   done seed=2627 H=0.3 closed_loop track=-2.419e-06 pred=-9.013e-06 lag1=-0.185 wall=0.4s
[2026-05-05T00:26:51+00:00]   done seed=2664 H=0.3 open_loop track=-7.768e-05 pred=-8.586e-05 lag1=-0.196 wall=0.3s
[2026-05-05T00:26:51+00:00]   done seed=2664 H=0.3 closed_loop track=-5.707e-06 pred=-1.412e-05 lag1=-0.196 wall=0.4s
[2026-05-05T00:26:51+00:00]   done seed=2701 H=0.3 open_loop track=-9.247e-05 pred=-9.075e-05 lag1=-0.334 wall=0.3s
[2026-05-05T00:26:52+00:00]   done seed=2701 H=0.3 closed_loop track=-8.194e-06 pred=-5.500e-06 lag1=-0.334 wall=0.4s
[2026-05-05T00:26:52+00:00]   done seed=2738 H=0.3 open_loop track=-8.851e-05 pred=-8.974e-05 lag1=-0.108 wall=0.3s
[2026-05-05T00:26:52+00:00]   done seed=2738 H=0.3 closed_loop track=-9.063e-06 pred=-7.376e-06 lag1=-0.108 wall=0.4s
[2026-05-05T00:26:53+00:00]   done seed=2775 H=0.3 open_loop track=-8.186e-05 pred=-8.559e-05 lag1=-0.506 wall=0.3s
[2026-05-05T00:26:53+00:00]   done seed=2775 H=0.3 closed_loop track=-6.710e-06 pred=-5.818e-06 lag1=-0.506 wall=0.4s
[2026-05-05T00:26:53+00:00]   done seed=2812 H=0.3 open_loop track=-8.917e-05 pred=-9.387e-05 lag1=-0.369 wall=0.3s
[2026-05-05T00:26:54+00:00]   done seed=2812 H=0.3 closed_loop track=-1.071e-05 pred=-7.710e-06 lag1=-0.369 wall=0.4s
[2026-05-05T00:26:54+00:00]   done seed=2849 H=0.3 open_loop track=-8.625e-05 pred=-9.315e-05 lag1=-0.013 wall=0.3s
[2026-05-05T00:26:54+00:00]   done seed=2849 H=0.3 closed_loop track=-4.651e-07 pred=-1.178e-05 lag1=-0.013 wall=0.4s
[2026-05-05T00:26:55+00:00]   done seed=2886 H=0.3 open_loop track=-7.819e-05 pred=-8.242e-05 lag1=-0.225 wall=0.3s
[2026-05-05T00:26:55+00:00]   done seed=2886 H=0.3 closed_loop track=-3.306e-06 pred=-7.563e-06 lag1=-0.225 wall=0.4s
[2026-05-05T00:26:55+00:00]   done seed=2923 H=0.3 open_loop track=-7.458e-05 pred=-7.933e-05 lag1=-0.107 wall=0.3s
[2026-05-05T00:26:56+00:00]   done seed=2923 H=0.3 closed_loop track=-5.217e-06 pred=-1.552e-05 lag1=-0.107 wall=0.4s
[2026-05-05T00:26:56+00:00]   done seed=2960 H=0.3 open_loop track=-7.595e-05 pred=-8.245e-05 lag1=-0.191 wall=0.3s
[2026-05-05T00:26:56+00:00]   done seed=2960 H=0.3 closed_loop track=-2.695e-06 pred=-1.117e-05 lag1=-0.191 wall=0.4s
[2026-05-05T00:26:57+00:00]   done seed=2997 H=0.3 open_loop track=-7.736e-05 pred=-8.188e-05 lag1=0.188 wall=0.3s
[2026-05-05T00:26:57+00:00]   done seed=2997 H=0.3 closed_loop track=-2.519e-06 pred=-1.835e-05 lag1=0.188 wall=0.4s
[2026-05-05T00:26:57+00:00]   done seed=3034 H=0.3 open_loop track=-7.730e-05 pred=-8.211e-05 lag1=-0.340 wall=0.3s
[2026-05-05T00:26:58+00:00]   done seed=3034 H=0.3 closed_loop track=-6.645e-06 pred=-1.088e-05 lag1=-0.340 wall=0.4s
[2026-05-05T00:26:58+00:00]   done seed=3071 H=0.3 open_loop track=-7.908e-05 pred=-8.360e-05 lag1=-0.300 wall=0.3s
[2026-05-05T00:26:58+00:00]   done seed=3071 H=0.3 closed_loop track=-2.742e-06 pred=-1.197e-05 lag1=-0.300 wall=0.4s
[2026-05-05T00:26:59+00:00]   done seed=3108 H=0.3 open_loop track=-8.142e-05 pred=-8.561e-05 lag1=-0.299 wall=0.3s
[2026-05-05T00:26:59+00:00]   done seed=3108 H=0.3 closed_loop track=-4.437e-06 pred=-1.137e-05 lag1=-0.299 wall=0.4s
[2026-05-05T00:26:59+00:00]   done seed=3145 H=0.3 open_loop track=-8.088e-05 pred=-8.410e-05 lag1=-0.387 wall=0.3s
[2026-05-05T00:27:00+00:00]   done seed=3145 H=0.3 closed_loop track=-3.077e-06 pred=-8.375e-06 lag1=-0.387 wall=0.4s
[2026-05-05T00:27:00+00:00]   done seed=3182 H=0.3 open_loop track=-8.214e-05 pred=-8.672e-05 lag1=-0.057 wall=0.3s
[2026-05-05T00:27:00+00:00]   done seed=3182 H=0.3 closed_loop track=-3.962e-06 pred=-1.116e-05 lag1=-0.057 wall=0.4s
[2026-05-05T00:27:01+00:00]   done seed=3219 H=0.3 open_loop track=-8.383e-05 pred=-8.752e-05 lag1=-0.493 wall=0.3s
[2026-05-05T00:27:01+00:00]   done seed=3219 H=0.3 closed_loop track=-5.066e-06 pred=-7.984e-06 lag1=-0.493 wall=0.4s
[2026-05-05T00:27:01+00:00]   done seed=3256 H=0.3 open_loop track=-8.089e-05 pred=-8.554e-05 lag1=0.164 wall=0.3s
[2026-05-05T00:27:02+00:00]   done seed=3256 H=0.3 closed_loop track=-3.562e-06 pred=-7.476e-06 lag1=0.164 wall=0.4s
[2026-05-05T00:27:02+00:00]   done seed=3293 H=0.3 open_loop track=-8.525e-05 pred=-8.967e-05 lag1=-0.060 wall=0.3s
[2026-05-05T00:27:02+00:00]   done seed=3293 H=0.3 closed_loop track=-6.121e-06 pred=-6.784e-06 lag1=-0.060 wall=0.4s
[2026-05-05T00:27:02+00:00]   done seed=3330 H=0.3 open_loop track=-8.340e-05 pred=-8.743e-05 lag1=0.113 wall=0.3s
[2026-05-05T00:27:03+00:00]   done seed=3330 H=0.3 closed_loop track=-2.801e-06 pred=-7.887e-06 lag1=0.113 wall=0.4s
[2026-05-05T00:27:03+00:00]   done seed=3367 H=0.3 open_loop track=-7.784e-05 pred=-8.187e-05 lag1=-0.581 wall=0.3s
[2026-05-05T00:27:03+00:00]   done seed=3367 H=0.3 closed_loop track=-4.881e-06 pred=-8.086e-06 lag1=-0.581 wall=0.4s
[2026-05-05T00:27:04+00:00]   done seed=3404 H=0.3 open_loop track=-8.916e-05 pred=-9.636e-05 lag1=-0.120 wall=0.3s
[2026-05-05T00:27:04+00:00]   done seed=3404 H=0.3 closed_loop track=-1.474e-06 pred=-9.821e-06 lag1=-0.120 wall=0.4s
[2026-05-05T00:27:04+00:00]   done seed=3441 H=0.3 open_loop track=-8.035e-05 pred=-8.511e-05 lag1=-0.478 wall=0.3s
[2026-05-05T00:27:05+00:00]   done seed=3441 H=0.3 closed_loop track=-5.342e-06 pred=-1.433e-05 lag1=-0.478 wall=0.4s
[2026-05-05T00:27:05+00:00]   done seed=3478 H=0.3 open_loop track=-8.610e-05 pred=-9.062e-05 lag1=-0.171 wall=0.3s
[2026-05-05T00:27:05+00:00]   done seed=3478 H=0.3 closed_loop track=-3.409e-06 pred=-1.473e-05 lag1=-0.171 wall=0.4s
[2026-05-05T00:27:06+00:00]   done seed=3515 H=0.3 open_loop track=-7.955e-05 pred=-8.383e-05 lag1=-0.369 wall=0.3s
[2026-05-05T00:27:06+00:00]   done seed=3515 H=0.3 closed_loop track=-7.846e-06 pred=-7.759e-06 lag1=-0.369 wall=0.4s
[2026-05-05T00:27:06+00:00]   done seed=3552 H=0.3 open_loop track=-7.846e-05 pred=-8.471e-05 lag1=-0.310 wall=0.3s
[2026-05-05T00:27:07+00:00]   done seed=3552 H=0.3 closed_loop track=-4.411e-06 pred=-8.965e-06 lag1=-0.310 wall=0.5s
[2026-05-05T00:27:07+00:00]   done seed=3589 H=0.3 open_loop track=-8.115e-05 pred=-8.607e-05 lag1=-0.264 wall=0.3s
[2026-05-05T00:27:08+00:00]   done seed=3589 H=0.3 closed_loop track=-3.109e-06 pred=-1.074e-05 lag1=-0.264 wall=0.4s
[2026-05-05T00:27:08+00:00]   done seed=3626 H=0.3 open_loop track=-8.464e-05 pred=-8.937e-05 lag1=-0.388 wall=0.3s
[2026-05-05T00:27:08+00:00]   done seed=3626 H=0.3 closed_loop track=-4.281e-06 pred=-6.923e-06 lag1=-0.388 wall=0.4s
[2026-05-05T00:27:08+00:00]   done seed=3663 H=0.3 open_loop track=-9.836e-05 pred=-7.809e-05 lag1=-0.401 wall=0.3s
[2026-05-05T00:27:09+00:00]   done seed=3663 H=0.3 closed_loop track=-1.157e-05 pred=-4.085e-06 lag1=-0.401 wall=0.4s
[2026-05-05T00:27:09+00:00]   done seed=0 H=0.5 open_loop track=-9.570e-05 pred=-1.009e-04 lag1=0.077 wall=0.3s
[2026-05-05T00:27:09+00:00]   done seed=0 H=0.5 closed_loop track=-4.515e-06 pred=-1.311e-05 lag1=0.077 wall=0.4s
[2026-05-05T00:27:10+00:00]   done seed=37 H=0.5 open_loop track=-7.606e-05 pred=-8.107e-05 lag1=0.061 wall=0.3s
[2026-05-05T00:27:10+00:00]   done seed=37 H=0.5 closed_loop track=-1.219e-05 pred=-1.544e-05 lag1=0.061 wall=0.4s
[2026-05-05T00:27:10+00:00]   done seed=74 H=0.5 open_loop track=-7.570e-05 pred=-8.147e-05 lag1=-0.035 wall=0.3s
[2026-05-05T00:27:11+00:00]   done seed=74 H=0.5 closed_loop track=-2.849e-06 pred=-1.457e-05 lag1=-0.035 wall=0.4s
[2026-05-05T00:27:11+00:00]   done seed=111 H=0.5 open_loop track=-8.357e-05 pred=-8.307e-05 lag1=0.407 wall=0.3s
[2026-05-05T00:27:11+00:00]   done seed=111 H=0.5 closed_loop track=-8.486e-06 pred=-6.721e-06 lag1=0.407 wall=0.4s
[2026-05-05T00:27:12+00:00]   done seed=148 H=0.5 open_loop track=-8.110e-05 pred=-8.729e-05 lag1=-0.075 wall=0.3s
[2026-05-05T00:27:12+00:00]   done seed=148 H=0.5 closed_loop track=-2.701e-06 pred=-8.660e-06 lag1=-0.075 wall=0.4s
[2026-05-05T00:27:12+00:00]   done seed=185 H=0.5 open_loop track=-9.405e-05 pred=-1.053e-04 lag1=0.023 wall=0.3s
[2026-05-05T00:27:13+00:00]   done seed=185 H=0.5 closed_loop track=-8.056e-06 pred=-1.218e-05 lag1=0.023 wall=0.4s
[2026-05-05T00:27:13+00:00]   done seed=222 H=0.5 open_loop track=-7.482e-05 pred=-8.062e-05 lag1=0.304 wall=0.3s
[2026-05-05T00:27:13+00:00]   done seed=222 H=0.5 closed_loop track=-3.103e-06 pred=-1.169e-05 lag1=0.304 wall=0.4s
[2026-05-05T00:27:14+00:00]   done seed=259 H=0.5 open_loop track=-7.960e-05 pred=-8.430e-05 lag1=-0.433 wall=0.3s
[2026-05-05T00:27:14+00:00]   done seed=259 H=0.5 closed_loop track=-6.583e-06 pred=-1.012e-05 lag1=-0.433 wall=0.4s
[2026-05-05T00:27:14+00:00]   done seed=296 H=0.5 open_loop track=-8.364e-05 pred=-8.929e-05 lag1=-0.326 wall=0.3s
[2026-05-05T00:27:15+00:00]   done seed=296 H=0.5 closed_loop track=-5.294e-06 pred=-1.381e-05 lag1=-0.326 wall=0.4s
[2026-05-05T00:27:15+00:00]   done seed=333 H=0.5 open_loop track=-9.634e-05 pred=-8.738e-05 lag1=-0.335 wall=0.3s
[2026-05-05T00:27:15+00:00]   done seed=333 H=0.5 closed_loop track=-1.595e-05 pred=-4.260e-06 lag1=-0.335 wall=0.4s
[2026-05-05T00:27:16+00:00]   done seed=370 H=0.5 open_loop track=-7.936e-05 pred=-8.346e-05 lag1=0.062 wall=0.3s
[2026-05-05T00:27:16+00:00]   done seed=370 H=0.5 closed_loop track=-5.229e-06 pred=-9.790e-06 lag1=0.062 wall=0.4s
[2026-05-05T00:27:16+00:00]   done seed=407 H=0.5 open_loop track=-1.083e-04 pred=-8.839e-05 lag1=-0.123 wall=0.3s
[2026-05-05T00:27:17+00:00]   done seed=407 H=0.5 closed_loop track=-1.318e-05 pred=-2.392e-06 lag1=-0.123 wall=0.4s
[2026-05-05T00:27:17+00:00]   done seed=444 H=0.5 open_loop track=-8.007e-05 pred=-8.228e-05 lag1=0.093 wall=0.3s
[2026-05-05T00:27:17+00:00]   done seed=444 H=0.5 closed_loop track=-1.069e-05 pred=-6.754e-06 lag1=0.093 wall=0.4s
[2026-05-05T00:27:18+00:00]   done seed=481 H=0.5 open_loop track=-8.131e-05 pred=-8.607e-05 lag1=-0.088 wall=0.3s
[2026-05-05T00:27:18+00:00]   done seed=481 H=0.5 closed_loop track=-9.563e-06 pred=-1.908e-05 lag1=-0.088 wall=0.4s
[2026-05-05T00:27:18+00:00]   done seed=518 H=0.5 open_loop track=-7.968e-05 pred=-8.347e-05 lag1=-0.144 wall=0.3s
[2026-05-05T00:27:19+00:00]   done seed=518 H=0.5 closed_loop track=-5.580e-06 pred=-9.701e-06 lag1=-0.144 wall=0.4s
[2026-05-05T00:27:19+00:00]   done seed=555 H=0.5 open_loop track=-8.119e-05 pred=-8.585e-05 lag1=-0.074 wall=0.3s
[2026-05-05T00:27:19+00:00]   done seed=555 H=0.5 closed_loop track=-6.271e-06 pred=-1.110e-05 lag1=-0.074 wall=0.4s
[2026-05-05T00:27:20+00:00]   done seed=592 H=0.5 open_loop track=-7.538e-05 pred=-9.035e-05 lag1=0.057 wall=0.3s
[2026-05-05T00:27:20+00:00]   done seed=592 H=0.5 closed_loop track=-9.650e-06 pred=-9.653e-06 lag1=0.057 wall=0.4s
[2026-05-05T00:27:20+00:00]   done seed=629 H=0.5 open_loop track=-8.549e-05 pred=-8.803e-05 lag1=0.231 wall=0.3s
[2026-05-05T00:27:21+00:00]   done seed=629 H=0.5 closed_loop track=-9.662e-06 pred=-7.712e-06 lag1=0.231 wall=0.4s
[2026-05-05T00:27:21+00:00]   done seed=666 H=0.5 open_loop track=-8.984e-05 pred=-9.028e-05 lag1=-0.314 wall=0.3s
[2026-05-05T00:27:21+00:00]   done seed=666 H=0.5 closed_loop track=-8.106e-06 pred=-1.720e-05 lag1=-0.314 wall=0.4s
[2026-05-05T00:27:21+00:00]   done seed=703 H=0.5 open_loop track=-7.819e-05 pred=-8.347e-05 lag1=-0.042 wall=0.3s
[2026-05-05T00:27:22+00:00]   done seed=703 H=0.5 closed_loop track=-4.375e-06 pred=-1.140e-05 lag1=-0.042 wall=0.4s
[2026-05-05T00:27:22+00:00]   done seed=740 H=0.5 open_loop track=-8.523e-05 pred=-9.038e-05 lag1=-0.189 wall=0.3s
[2026-05-05T00:27:22+00:00]   done seed=740 H=0.5 closed_loop track=-1.159e-06 pred=-1.247e-05 lag1=-0.189 wall=0.4s
[2026-05-05T00:27:23+00:00]   done seed=777 H=0.5 open_loop track=-7.760e-05 pred=-8.316e-05 lag1=0.135 wall=0.3s
[2026-05-05T00:27:23+00:00]   done seed=777 H=0.5 closed_loop track=-5.205e-06 pred=-2.180e-05 lag1=0.135 wall=0.4s
[2026-05-05T00:27:23+00:00]   done seed=814 H=0.5 open_loop track=-7.425e-05 pred=-7.656e-05 lag1=-0.262 wall=0.3s
[2026-05-05T00:27:24+00:00]   done seed=814 H=0.5 closed_loop track=-6.698e-06 pred=-1.396e-05 lag1=-0.262 wall=0.4s
[2026-05-05T00:27:24+00:00]   done seed=851 H=0.5 open_loop track=-7.841e-05 pred=-8.839e-05 lag1=0.167 wall=0.3s
[2026-05-05T00:27:25+00:00]   done seed=851 H=0.5 closed_loop track=-6.890e-06 pred=-1.781e-05 lag1=0.167 wall=0.5s
[2026-05-05T00:27:25+00:00]   done seed=888 H=0.5 open_loop track=-8.497e-05 pred=-8.941e-05 lag1=0.027 wall=0.3s
[2026-05-05T00:27:25+00:00]   done seed=888 H=0.5 closed_loop track=-6.397e-06 pred=-1.287e-05 lag1=0.027 wall=0.4s
[2026-05-05T00:27:26+00:00]   done seed=925 H=0.5 open_loop track=-7.204e-05 pred=-7.983e-05 lag1=-0.266 wall=0.3s
[2026-05-05T00:27:26+00:00]   done seed=925 H=0.5 closed_loop track=-1.058e-05 pred=-7.402e-06 lag1=-0.266 wall=0.4s
[2026-05-05T00:27:26+00:00]   done seed=962 H=0.5 open_loop track=-8.783e-05 pred=-9.066e-05 lag1=0.016 wall=0.3s
[2026-05-05T00:27:27+00:00]   done seed=962 H=0.5 closed_loop track=-5.391e-06 pred=-8.224e-06 lag1=0.016 wall=0.4s
[2026-05-05T00:27:27+00:00]   done seed=999 H=0.5 open_loop track=-8.177e-05 pred=-8.595e-05 lag1=-0.379 wall=0.3s
[2026-05-05T00:27:27+00:00]   done seed=999 H=0.5 closed_loop track=-9.221e-06 pred=-7.232e-06 lag1=-0.379 wall=0.4s
[2026-05-05T00:27:27+00:00]   done seed=1036 H=0.5 open_loop track=-9.132e-05 pred=-9.373e-05 lag1=0.148 wall=0.3s
[2026-05-05T00:27:28+00:00]   done seed=1036 H=0.5 closed_loop track=-2.127e-05 pred=-1.104e-05 lag1=0.148 wall=0.4s
[2026-05-05T00:27:28+00:00]   done seed=1073 H=0.5 open_loop track=-8.894e-05 pred=-1.037e-04 lag1=0.281 wall=0.3s
[2026-05-05T00:27:29+00:00]   done seed=1073 H=0.5 closed_loop track=-2.180e-06 pred=-1.909e-05 lag1=0.281 wall=0.4s
[2026-05-05T00:27:29+00:00]   done seed=1110 H=0.5 open_loop track=-7.433e-05 pred=-7.702e-05 lag1=0.146 wall=0.3s
[2026-05-05T00:27:29+00:00]   done seed=1110 H=0.5 closed_loop track=-5.020e-06 pred=-9.425e-06 lag1=0.146 wall=0.4s
[2026-05-05T00:27:29+00:00]   done seed=1147 H=0.5 open_loop track=-7.126e-05 pred=-7.646e-05 lag1=-0.013 wall=0.3s
[2026-05-05T00:27:30+00:00]   done seed=1147 H=0.5 closed_loop track=-5.201e-06 pred=-1.347e-05 lag1=-0.013 wall=0.4s
[2026-05-05T00:27:30+00:00]   done seed=1184 H=0.5 open_loop track=-8.544e-05 pred=-9.009e-05 lag1=-0.039 wall=0.3s
[2026-05-05T00:27:30+00:00]   done seed=1184 H=0.5 closed_loop track=-2.055e-06 pred=-1.448e-05 lag1=-0.039 wall=0.4s
[2026-05-05T00:27:31+00:00]   done seed=1221 H=0.5 open_loop track=-8.079e-05 pred=-8.472e-05 lag1=-0.025 wall=0.3s
[2026-05-05T00:27:31+00:00]   done seed=1221 H=0.5 closed_loop track=-2.922e-06 pred=-1.027e-05 lag1=-0.025 wall=0.4s
[2026-05-05T00:27:31+00:00]   done seed=1258 H=0.5 open_loop track=-8.343e-05 pred=-8.610e-05 lag1=0.131 wall=0.3s
[2026-05-05T00:27:32+00:00]   done seed=1258 H=0.5 closed_loop track=-5.563e-06 pred=-1.108e-05 lag1=0.131 wall=0.4s
[2026-05-05T00:27:32+00:00]   done seed=1295 H=0.5 open_loop track=-8.105e-05 pred=-8.737e-05 lag1=0.064 wall=0.3s
[2026-05-05T00:27:32+00:00]   done seed=1295 H=0.5 closed_loop track=-9.944e-06 pred=-1.811e-05 lag1=0.064 wall=0.4s
[2026-05-05T00:27:33+00:00]   done seed=1332 H=0.5 open_loop track=-7.497e-05 pred=-7.936e-05 lag1=0.171 wall=0.3s
[2026-05-05T00:27:33+00:00]   done seed=1332 H=0.5 closed_loop track=-8.868e-06 pred=-1.283e-05 lag1=0.171 wall=0.4s
[2026-05-05T00:27:33+00:00]   done seed=1369 H=0.5 open_loop track=-8.392e-05 pred=-9.894e-05 lag1=0.147 wall=0.3s
[2026-05-05T00:27:34+00:00]   done seed=1369 H=0.5 closed_loop track=-3.648e-06 pred=-9.423e-06 lag1=0.147 wall=0.4s
[2026-05-05T00:27:34+00:00]   done seed=1406 H=0.5 open_loop track=-7.905e-05 pred=-8.306e-05 lag1=-0.261 wall=0.3s
[2026-05-05T00:27:34+00:00]   done seed=1406 H=0.5 closed_loop track=-6.880e-06 pred=-1.134e-05 lag1=-0.261 wall=0.4s
[2026-05-05T00:27:35+00:00]   done seed=1443 H=0.5 open_loop track=-8.293e-05 pred=-8.112e-05 lag1=-0.271 wall=0.3s
[2026-05-05T00:27:35+00:00]   done seed=1443 H=0.5 closed_loop track=-5.112e-06 pred=-1.904e-05 lag1=-0.271 wall=0.4s
[2026-05-05T00:27:35+00:00]   done seed=1480 H=0.5 open_loop track=-7.359e-05 pred=-7.740e-05 lag1=-0.207 wall=0.3s
[2026-05-05T00:27:36+00:00]   done seed=1480 H=0.5 closed_loop track=-5.068e-06 pred=-1.081e-05 lag1=-0.207 wall=0.4s
[2026-05-05T00:27:36+00:00]   done seed=1517 H=0.5 open_loop track=-8.121e-05 pred=-8.550e-05 lag1=0.142 wall=0.3s
[2026-05-05T00:27:36+00:00]   done seed=1517 H=0.5 closed_loop track=-4.197e-06 pred=-1.197e-05 lag1=0.142 wall=0.4s
[2026-05-05T00:27:37+00:00]   done seed=1554 H=0.5 open_loop track=-8.042e-05 pred=-8.522e-05 lag1=0.011 wall=0.3s
[2026-05-05T00:27:37+00:00]   done seed=1554 H=0.5 closed_loop track=-6.376e-06 pred=-1.492e-05 lag1=0.011 wall=0.4s
[2026-05-05T00:27:37+00:00]   done seed=1591 H=0.5 open_loop track=-8.410e-05 pred=-8.882e-05 lag1=0.051 wall=0.3s
[2026-05-05T00:27:38+00:00]   done seed=1591 H=0.5 closed_loop track=-6.972e-07 pred=-1.304e-05 lag1=0.051 wall=0.4s
[2026-05-05T00:27:38+00:00]   done seed=1628 H=0.5 open_loop track=-8.097e-05 pred=-9.688e-05 lag1=-0.077 wall=0.3s
[2026-05-05T00:27:38+00:00]   done seed=1628 H=0.5 closed_loop track=-4.785e-06 pred=-8.289e-06 lag1=-0.077 wall=0.4s
[2026-05-05T00:27:38+00:00]   done seed=1665 H=0.5 open_loop track=-8.816e-05 pred=-9.278e-05 lag1=0.020 wall=0.3s
[2026-05-05T00:27:39+00:00]   done seed=1665 H=0.5 closed_loop track=-8.832e-06 pred=-7.098e-06 lag1=0.020 wall=0.4s
[2026-05-05T00:27:39+00:00]   done seed=1702 H=0.5 open_loop track=-7.316e-05 pred=-8.112e-05 lag1=0.200 wall=0.3s
[2026-05-05T00:27:40+00:00]   done seed=1702 H=0.5 closed_loop track=-4.359e-06 pred=-1.092e-05 lag1=0.200 wall=0.4s
[2026-05-05T00:27:40+00:00]   done seed=1739 H=0.5 open_loop track=-8.487e-05 pred=-8.976e-05 lag1=0.221 wall=0.3s
[2026-05-05T00:27:40+00:00]   done seed=1739 H=0.5 closed_loop track=-2.796e-06 pred=-1.942e-05 lag1=0.221 wall=0.4s
[2026-05-05T00:27:40+00:00]   done seed=1776 H=0.5 open_loop track=-7.976e-05 pred=-8.391e-05 lag1=0.189 wall=0.3s
[2026-05-05T00:27:41+00:00]   done seed=1776 H=0.5 closed_loop track=-1.492e-05 pred=-6.344e-06 lag1=0.189 wall=0.4s
[2026-05-05T00:27:41+00:00]   done seed=1813 H=0.5 open_loop track=-8.266e-05 pred=-8.687e-05 lag1=-0.442 wall=0.3s
[2026-05-05T00:27:41+00:00]   done seed=1813 H=0.5 closed_loop track=-6.833e-06 pred=-6.465e-06 lag1=-0.442 wall=0.4s
[2026-05-05T00:27:42+00:00]   done seed=1850 H=0.5 open_loop track=-9.084e-05 pred=-8.003e-05 lag1=-0.157 wall=0.3s
[2026-05-05T00:27:42+00:00]   done seed=1850 H=0.5 closed_loop track=-1.284e-05 pred=-5.572e-06 lag1=-0.157 wall=0.4s
[2026-05-05T00:27:42+00:00]   done seed=1887 H=0.5 open_loop track=-8.326e-05 pred=-9.181e-05 lag1=-0.350 wall=0.3s
[2026-05-05T00:27:43+00:00]   done seed=1887 H=0.5 closed_loop track=-4.773e-06 pred=-1.135e-05 lag1=-0.350 wall=0.4s
[2026-05-05T00:27:43+00:00]   done seed=1924 H=0.5 open_loop track=-8.484e-05 pred=-9.816e-05 lag1=0.241 wall=0.3s
[2026-05-05T00:27:43+00:00]   done seed=1924 H=0.5 closed_loop track=-7.501e-06 pred=-7.245e-06 lag1=0.241 wall=0.4s
[2026-05-05T00:27:44+00:00]   done seed=1961 H=0.5 open_loop track=-7.675e-05 pred=-8.112e-05 lag1=-0.443 wall=0.3s
[2026-05-05T00:27:44+00:00]   done seed=1961 H=0.5 closed_loop track=-7.622e-06 pred=-1.803e-05 lag1=-0.443 wall=0.4s
[2026-05-05T00:27:44+00:00]   done seed=1998 H=0.5 open_loop track=-8.653e-05 pred=-9.069e-05 lag1=-0.088 wall=0.3s
[2026-05-05T00:27:45+00:00]   done seed=1998 H=0.5 closed_loop track=-6.445e-06 pred=-6.788e-06 lag1=-0.088 wall=0.4s
[2026-05-05T00:27:45+00:00]   done seed=2035 H=0.5 open_loop track=-7.526e-05 pred=-7.884e-05 lag1=0.013 wall=0.3s
[2026-05-05T00:27:45+00:00]   done seed=2035 H=0.5 closed_loop track=-5.312e-06 pred=-9.618e-06 lag1=0.013 wall=0.4s
[2026-05-05T00:27:46+00:00]   done seed=2072 H=0.5 open_loop track=-8.133e-05 pred=-8.756e-05 lag1=-0.053 wall=0.4s
[2026-05-05T00:27:46+00:00]   done seed=2072 H=0.5 closed_loop track=-4.121e-06 pred=-2.892e-05 lag1=-0.053 wall=0.4s
[2026-05-05T00:27:47+00:00]   done seed=2109 H=0.5 open_loop track=-1.006e-04 pred=-8.034e-05 lag1=-0.311 wall=0.3s
[2026-05-05T00:27:47+00:00]   done seed=2109 H=0.5 closed_loop track=-1.409e-05 pred=-8.563e-06 lag1=-0.311 wall=0.4s
[2026-05-05T00:27:47+00:00]   done seed=2146 H=0.5 open_loop track=-8.469e-05 pred=-8.840e-05 lag1=-0.012 wall=0.3s
[2026-05-05T00:27:48+00:00]   done seed=2146 H=0.5 closed_loop track=-8.572e-06 pred=-6.831e-06 lag1=-0.012 wall=0.4s
[2026-05-05T00:27:48+00:00]   done seed=2183 H=0.5 open_loop track=-8.337e-05 pred=-8.309e-05 lag1=0.194 wall=0.3s
[2026-05-05T00:27:48+00:00]   done seed=2183 H=0.5 closed_loop track=-3.719e-06 pred=-7.901e-06 lag1=0.194 wall=0.4s
[2026-05-05T00:27:48+00:00]   done seed=2220 H=0.5 open_loop track=-9.193e-05 pred=-8.323e-05 lag1=-0.044 wall=0.3s
[2026-05-05T00:27:49+00:00]   done seed=2220 H=0.5 closed_loop track=-9.992e-06 pred=-1.013e-05 lag1=-0.044 wall=0.4s
[2026-05-05T00:27:49+00:00]   done seed=2257 H=0.5 open_loop track=-8.593e-05 pred=-1.006e-04 lag1=-0.109 wall=0.3s
[2026-05-05T00:27:50+00:00]   done seed=2257 H=0.5 closed_loop track=-6.182e-06 pred=-5.938e-06 lag1=-0.109 wall=0.4s
[2026-05-05T00:27:50+00:00]   done seed=2294 H=0.5 open_loop track=-7.641e-05 pred=-8.250e-05 lag1=-0.326 wall=0.3s
[2026-05-05T00:27:50+00:00]   done seed=2294 H=0.5 closed_loop track=-3.538e-06 pred=-1.485e-05 lag1=-0.326 wall=0.4s
[2026-05-05T00:27:50+00:00]   done seed=2331 H=0.5 open_loop track=-7.148e-05 pred=-7.407e-05 lag1=0.058 wall=0.3s
[2026-05-05T00:27:51+00:00]   done seed=2331 H=0.5 closed_loop track=-6.157e-06 pred=-8.976e-06 lag1=0.058 wall=0.4s
[2026-05-05T00:27:51+00:00]   done seed=2368 H=0.5 open_loop track=-9.197e-05 pred=-9.091e-05 lag1=-0.470 wall=0.3s
[2026-05-05T00:27:51+00:00]   done seed=2368 H=0.5 closed_loop track=-1.920e-05 pred=-1.641e-05 lag1=-0.470 wall=0.4s
[2026-05-05T00:27:52+00:00]   done seed=2405 H=0.5 open_loop track=-8.262e-05 pred=-8.767e-05 lag1=-0.141 wall=0.3s
[2026-05-05T00:27:52+00:00]   done seed=2405 H=0.5 closed_loop track=-4.570e-06 pred=-9.285e-06 lag1=-0.141 wall=0.4s
[2026-05-05T00:27:52+00:00]   done seed=2442 H=0.5 open_loop track=-8.741e-05 pred=-9.203e-05 lag1=-0.227 wall=0.3s
[2026-05-05T00:27:53+00:00]   done seed=2442 H=0.5 closed_loop track=-7.262e-06 pred=-1.291e-05 lag1=-0.227 wall=0.4s
[2026-05-05T00:27:53+00:00]   done seed=2479 H=0.5 open_loop track=-8.314e-05 pred=-8.781e-05 lag1=-0.029 wall=0.3s
[2026-05-05T00:27:53+00:00]   done seed=2479 H=0.5 closed_loop track=-3.228e-06 pred=-9.210e-06 lag1=-0.029 wall=0.4s
[2026-05-05T00:27:54+00:00]   done seed=2516 H=0.5 open_loop track=-7.607e-05 pred=-8.008e-05 lag1=0.162 wall=0.3s
[2026-05-05T00:27:54+00:00]   done seed=2516 H=0.5 closed_loop track=-1.270e-05 pred=-7.048e-06 lag1=0.162 wall=0.4s
[2026-05-05T00:27:54+00:00]   done seed=2553 H=0.5 open_loop track=-8.427e-05 pred=-8.883e-05 lag1=-0.308 wall=0.3s
[2026-05-05T00:27:55+00:00]   done seed=2553 H=0.5 closed_loop track=-2.404e-06 pred=-8.814e-06 lag1=-0.308 wall=0.4s
[2026-05-05T00:27:55+00:00]   done seed=2590 H=0.5 open_loop track=-8.046e-05 pred=-9.620e-05 lag1=0.081 wall=0.3s
[2026-05-05T00:27:55+00:00]   done seed=2590 H=0.5 closed_loop track=-1.592e-06 pred=-6.923e-06 lag1=0.081 wall=0.4s
[2026-05-05T00:27:56+00:00]   done seed=2627 H=0.5 open_loop track=-8.589e-05 pred=-9.190e-05 lag1=-0.144 wall=0.3s
[2026-05-05T00:27:56+00:00]   done seed=2627 H=0.5 closed_loop track=-4.356e-06 pred=-2.220e-05 lag1=-0.144 wall=0.4s
[2026-05-05T00:27:56+00:00]   done seed=2664 H=0.5 open_loop track=-7.859e-05 pred=-9.368e-05 lag1=0.082 wall=0.3s
[2026-05-05T00:27:57+00:00]   done seed=2664 H=0.5 closed_loop track=-3.622e-06 pred=-1.079e-05 lag1=0.082 wall=0.4s
[2026-05-05T00:27:57+00:00]   done seed=2701 H=0.5 open_loop track=-8.978e-05 pred=-9.526e-05 lag1=-0.253 wall=0.3s
[2026-05-05T00:27:57+00:00]   done seed=2701 H=0.5 closed_loop track=-4.287e-06 pred=-1.288e-05 lag1=-0.253 wall=0.4s
[2026-05-05T00:27:58+00:00]   done seed=2738 H=0.5 open_loop track=-7.706e-05 pred=-8.207e-05 lag1=0.022 wall=0.3s
[2026-05-05T00:27:58+00:00]   done seed=2738 H=0.5 closed_loop track=-1.518e-06 pred=-6.437e-06 lag1=0.022 wall=0.4s
[2026-05-05T00:27:58+00:00]   done seed=2775 H=0.5 open_loop track=-8.456e-05 pred=-9.992e-05 lag1=-0.401 wall=0.3s
[2026-05-05T00:27:59+00:00]   done seed=2775 H=0.5 closed_loop track=-4.281e-06 pred=-1.258e-05 lag1=-0.401 wall=0.4s
[2026-05-05T00:27:59+00:00]   done seed=2812 H=0.5 open_loop track=-8.764e-05 pred=-8.607e-05 lag1=-0.203 wall=0.3s
[2026-05-05T00:27:59+00:00]   done seed=2812 H=0.5 closed_loop track=-4.036e-06 pred=-1.439e-05 lag1=-0.203 wall=0.4s
[2026-05-05T00:28:00+00:00]   done seed=2849 H=0.5 open_loop track=-9.704e-05 pred=-1.015e-04 lag1=0.239 wall=0.3s
[2026-05-05T00:28:00+00:00]   done seed=2849 H=0.5 closed_loop track=-2.332e-05 pred=-4.017e-05 lag1=0.239 wall=0.4s
[2026-05-05T00:28:00+00:00]   done seed=2886 H=0.5 open_loop track=-8.431e-05 pred=-8.876e-05 lag1=-0.078 wall=0.3s
[2026-05-05T00:28:01+00:00]   done seed=2886 H=0.5 closed_loop track=-1.999e-06 pred=-1.122e-05 lag1=-0.078 wall=0.4s
[2026-05-05T00:28:01+00:00]   done seed=2923 H=0.5 open_loop track=-7.340e-05 pred=-7.918e-05 lag1=0.267 wall=0.3s
[2026-05-05T00:28:01+00:00]   done seed=2923 H=0.5 closed_loop track=-8.559e-07 pred=-2.036e-05 lag1=0.267 wall=0.4s
[2026-05-05T00:28:02+00:00]   done seed=2960 H=0.5 open_loop track=-9.064e-05 pred=-9.585e-05 lag1=-0.066 wall=0.3s
[2026-05-05T00:28:02+00:00]   done seed=2960 H=0.5 closed_loop track=-6.086e-06 pred=-1.591e-05 lag1=-0.066 wall=0.4s
[2026-05-05T00:28:02+00:00]   done seed=2997 H=0.5 open_loop track=-8.506e-05 pred=-8.949e-05 lag1=0.472 wall=0.3s
[2026-05-05T00:28:03+00:00]   done seed=2997 H=0.5 closed_loop track=-3.063e-06 pred=-1.522e-05 lag1=0.472 wall=0.4s
[2026-05-05T00:28:03+00:00]   done seed=3034 H=0.5 open_loop track=-8.353e-05 pred=-8.960e-05 lag1=-0.131 wall=0.3s
[2026-05-05T00:28:03+00:00]   done seed=3034 H=0.5 closed_loop track=-3.769e-06 pred=-1.337e-05 lag1=-0.131 wall=0.4s
[2026-05-05T00:28:04+00:00]   done seed=3071 H=0.5 open_loop track=-7.461e-05 pred=-7.963e-05 lag1=-0.042 wall=0.3s
[2026-05-05T00:28:04+00:00]   done seed=3071 H=0.5 closed_loop track=-8.388e-06 pred=-1.203e-05 lag1=-0.042 wall=0.4s
[2026-05-05T00:28:04+00:00]   done seed=3108 H=0.5 open_loop track=-7.816e-05 pred=-8.315e-05 lag1=-0.255 wall=0.3s
[2026-05-05T00:28:05+00:00]   done seed=3108 H=0.5 closed_loop track=-3.849e-06 pred=-9.145e-06 lag1=-0.255 wall=0.4s
[2026-05-05T00:28:05+00:00]   done seed=3145 H=0.5 open_loop track=-8.632e-05 pred=-9.091e-05 lag1=-0.049 wall=0.3s
[2026-05-05T00:28:05+00:00]   done seed=3145 H=0.5 closed_loop track=-2.706e-06 pred=-7.602e-06 lag1=-0.049 wall=0.4s
[2026-05-05T00:28:06+00:00]   done seed=3182 H=0.5 open_loop track=-7.397e-05 pred=-7.925e-05 lag1=0.151 wall=0.3s
[2026-05-05T00:28:06+00:00]   done seed=3182 H=0.5 closed_loop track=-5.779e-06 pred=-1.106e-05 lag1=0.151 wall=0.4s
[2026-05-05T00:28:06+00:00]   done seed=3219 H=0.5 open_loop track=-8.189e-05 pred=-9.825e-05 lag1=-0.337 wall=0.3s
[2026-05-05T00:28:07+00:00]   done seed=3219 H=0.5 closed_loop track=-1.130e-06 pred=-3.420e-05 lag1=-0.337 wall=0.4s
[2026-05-05T00:28:07+00:00]   done seed=3256 H=0.5 open_loop track=-8.146e-05 pred=-8.208e-05 lag1=0.288 wall=0.3s
[2026-05-05T00:28:07+00:00]   done seed=3256 H=0.5 closed_loop track=-1.289e-05 pred=-7.523e-06 lag1=0.288 wall=0.4s
[2026-05-05T00:28:08+00:00]   done seed=3293 H=0.5 open_loop track=-9.332e-05 pred=-9.921e-05 lag1=0.063 wall=0.3s
[2026-05-05T00:28:08+00:00]   done seed=3293 H=0.5 closed_loop track=-4.547e-06 pred=-1.025e-05 lag1=0.063 wall=0.4s
[2026-05-05T00:28:08+00:00]   done seed=3330 H=0.5 open_loop track=-8.787e-05 pred=-1.105e-04 lag1=0.331 wall=0.3s
[2026-05-05T00:28:09+00:00]   done seed=3330 H=0.5 closed_loop track=-3.751e-06 pred=-4.818e-05 lag1=0.331 wall=0.4s
[2026-05-05T00:28:09+00:00]   done seed=3367 H=0.5 open_loop track=-7.666e-05 pred=-8.558e-05 lag1=-0.409 wall=0.3s
[2026-05-05T00:28:09+00:00]   done seed=3367 H=0.5 closed_loop track=-1.052e-06 pred=-1.647e-05 lag1=-0.409 wall=0.4s
[2026-05-05T00:28:10+00:00]   done seed=3404 H=0.5 open_loop track=-8.196e-05 pred=-8.627e-05 lag1=-0.046 wall=0.3s
[2026-05-05T00:28:10+00:00]   done seed=3404 H=0.5 closed_loop track=-7.173e-06 pred=-8.308e-06 lag1=-0.046 wall=0.4s
[2026-05-05T00:28:10+00:00]   done seed=3441 H=0.5 open_loop track=-8.814e-05 pred=-9.281e-05 lag1=-0.271 wall=0.3s
[2026-05-05T00:28:11+00:00]   done seed=3441 H=0.5 closed_loop track=-7.011e-06 pred=-1.034e-05 lag1=-0.271 wall=0.4s
[2026-05-05T00:28:11+00:00]   done seed=3478 H=0.5 open_loop track=-8.210e-05 pred=-8.082e-05 lag1=-0.009 wall=0.3s
[2026-05-05T00:28:11+00:00]   done seed=3478 H=0.5 closed_loop track=-1.731e-07 pred=-2.440e-05 lag1=-0.009 wall=0.5s
[2026-05-05T00:28:12+00:00]   done seed=3515 H=0.5 open_loop track=-8.106e-05 pred=-8.461e-05 lag1=-0.253 wall=0.3s
[2026-05-05T00:28:12+00:00]   done seed=3515 H=0.5 closed_loop track=-8.284e-06 pred=-1.067e-05 lag1=-0.253 wall=0.4s
[2026-05-05T00:28:12+00:00]   done seed=3552 H=0.5 open_loop track=-7.863e-05 pred=-8.300e-05 lag1=0.035 wall=0.3s
[2026-05-05T00:28:13+00:00]   done seed=3552 H=0.5 closed_loop track=-7.053e-06 pred=-1.093e-05 lag1=0.035 wall=0.4s
[2026-05-05T00:28:13+00:00]   done seed=3589 H=0.5 open_loop track=-8.411e-05 pred=-8.914e-05 lag1=-0.074 wall=0.3s
[2026-05-05T00:28:13+00:00]   done seed=3589 H=0.5 closed_loop track=-4.394e-06 pred=-9.624e-06 lag1=-0.074 wall=0.4s
[2026-05-05T00:28:14+00:00]   done seed=3626 H=0.5 open_loop track=-8.568e-05 pred=-9.280e-05 lag1=-0.210 wall=0.3s
[2026-05-05T00:28:14+00:00]   done seed=3626 H=0.5 closed_loop track=-2.646e-07 pred=-1.446e-05 lag1=-0.210 wall=0.4s
[2026-05-05T00:28:14+00:00]   done seed=3663 H=0.5 open_loop track=-8.012e-05 pred=-7.930e-05 lag1=-0.138 wall=0.3s
[2026-05-05T00:28:15+00:00]   done seed=3663 H=0.5 closed_loop track=-6.740e-06 pred=-1.809e-05 lag1=-0.138 wall=0.4s
[2026-05-05T00:28:15+00:00]   done seed=0 H=0.7 open_loop track=-9.398e-05 pred=-9.638e-05 lag1=0.349 wall=0.3s
[2026-05-05T00:28:15+00:00]   done seed=0 H=0.7 closed_loop track=-1.175e-05 pred=-1.467e-05 lag1=0.349 wall=0.4s
[2026-05-05T00:28:16+00:00]   done seed=37 H=0.7 open_loop track=-8.208e-05 pred=-8.742e-05 lag1=0.230 wall=0.3s
[2026-05-05T00:28:16+00:00]   done seed=37 H=0.7 closed_loop track=-1.068e-05 pred=-2.747e-05 lag1=0.230 wall=0.4s
[2026-05-05T00:28:16+00:00]   done seed=74 H=0.7 open_loop track=-6.888e-05 pred=-8.071e-05 lag1=0.172 wall=0.3s
[2026-05-05T00:28:17+00:00]   done seed=74 H=0.7 closed_loop track=-7.450e-06 pred=-2.673e-05 lag1=0.172 wall=0.4s
[2026-05-05T00:28:17+00:00]   done seed=111 H=0.7 open_loop track=-7.439e-05 pred=-7.675e-05 lag1=0.552 wall=0.3s
[2026-05-05T00:28:17+00:00]   done seed=111 H=0.7 closed_loop track=-5.453e-07 pred=-2.600e-05 lag1=0.552 wall=0.4s
[2026-05-05T00:28:18+00:00]   done seed=148 H=0.7 open_loop track=-7.985e-05 pred=-8.891e-05 lag1=0.189 wall=0.3s
[2026-05-05T00:28:18+00:00]   done seed=148 H=0.7 closed_loop track=-3.090e-06 pred=-1.120e-05 lag1=0.189 wall=0.4s
[2026-05-05T00:28:18+00:00]   done seed=185 H=0.7 open_loop track=-1.292e-04 pred=-1.296e-04 lag1=0.364 wall=0.3s
[2026-05-05T00:28:19+00:00]   done seed=185 H=0.7 closed_loop track=-2.369e-05 pred=-3.610e-05 lag1=0.364 wall=0.4s
[2026-05-05T00:28:19+00:00]   done seed=222 H=0.7 open_loop track=-8.106e-05 pred=-8.123e-05 lag1=0.459 wall=0.3s
[2026-05-05T00:28:19+00:00]   done seed=222 H=0.7 closed_loop track=-9.490e-06 pred=-6.333e-05 lag1=0.459 wall=0.4s
[2026-05-05T00:28:20+00:00]   done seed=259 H=0.7 open_loop track=-7.178e-05 pred=-7.934e-05 lag1=-0.157 wall=0.3s
[2026-05-05T00:28:20+00:00]   done seed=259 H=0.7 closed_loop track=-6.648e-06 pred=-1.802e-05 lag1=-0.157 wall=0.4s
[2026-05-05T00:28:20+00:00]   done seed=296 H=0.7 open_loop track=-1.045e-04 pred=-1.173e-04 lag1=-0.082 wall=0.3s
[2026-05-05T00:28:21+00:00]   done seed=296 H=0.7 closed_loop track=-1.075e-05 pred=-7.046e-05 lag1=-0.082 wall=0.4s
[2026-05-05T00:28:21+00:00]   done seed=333 H=0.7 open_loop track=-1.116e-04 pred=-1.191e-04 lag1=-0.138 wall=0.3s
[2026-05-05T00:28:21+00:00]   done seed=333 H=0.7 closed_loop track=-1.041e-06 pred=-7.456e-06 lag1=-0.138 wall=0.4s
[2026-05-05T00:28:22+00:00]   done seed=370 H=0.7 open_loop track=-7.789e-05 pred=-8.202e-05 lag1=0.352 wall=0.3s
[2026-05-05T00:28:22+00:00]   done seed=370 H=0.7 closed_loop track=-1.830e-07 pred=-2.071e-05 lag1=0.352 wall=0.4s
[2026-05-05T00:28:22+00:00]   done seed=407 H=0.7 open_loop track=-1.017e-04 pred=-1.025e-04 lag1=0.031 wall=0.3s
[2026-05-05T00:28:23+00:00]   done seed=407 H=0.7 closed_loop track=-5.923e-06 pred=-1.087e-05 lag1=0.031 wall=0.4s
[2026-05-05T00:28:23+00:00]   done seed=444 H=0.7 open_loop track=-7.090e-05 pred=-7.285e-05 lag1=0.331 wall=0.3s
[2026-05-05T00:28:23+00:00]   done seed=444 H=0.7 closed_loop track=-1.282e-05 pred=-1.477e-05 lag1=0.331 wall=0.4s
[2026-05-05T00:28:24+00:00]   done seed=481 H=0.7 open_loop track=-6.792e-05 pred=-8.078e-05 lag1=0.076 wall=0.3s
[2026-05-05T00:28:24+00:00]   done seed=481 H=0.7 closed_loop track=-4.160e-06 pred=-3.129e-05 lag1=0.076 wall=0.4s
[2026-05-05T00:28:24+00:00]   done seed=518 H=0.7 open_loop track=-6.350e-05 pred=-6.772e-05 lag1=0.080 wall=0.3s
[2026-05-05T00:28:25+00:00]   done seed=518 H=0.7 closed_loop track=-3.786e-06 pred=-2.560e-05 lag1=0.080 wall=0.4s
[2026-05-05T00:28:25+00:00]   done seed=555 H=0.7 open_loop track=-8.485e-05 pred=-1.125e-04 lag1=0.167 wall=0.3s
[2026-05-05T00:28:25+00:00]   done seed=555 H=0.7 closed_loop track=-9.050e-06 pred=-5.838e-05 lag1=0.167 wall=0.4s
[2026-05-05T00:28:26+00:00]   done seed=592 H=0.7 open_loop track=-7.182e-05 pred=-9.337e-05 lag1=0.256 wall=0.3s
[2026-05-05T00:28:26+00:00]   done seed=592 H=0.7 closed_loop track=-5.263e-06 pred=-5.798e-05 lag1=0.256 wall=0.4s
[2026-05-05T00:28:26+00:00]   done seed=629 H=0.7 open_loop track=-9.051e-05 pred=-8.434e-05 lag1=0.360 wall=0.3s
[2026-05-05T00:28:27+00:00]   done seed=629 H=0.7 closed_loop track=-1.994e-05 pred=-6.828e-06 lag1=0.360 wall=0.4s
[2026-05-05T00:28:27+00:00]   done seed=666 H=0.7 open_loop track=-8.911e-05 pred=-8.905e-05 lag1=-0.162 wall=0.3s
[2026-05-05T00:28:27+00:00]   done seed=666 H=0.7 closed_loop track=-3.267e-06 pred=-2.519e-05 lag1=-0.162 wall=0.4s
[2026-05-05T00:28:28+00:00]   done seed=703 H=0.7 open_loop track=-8.138e-05 pred=-9.202e-05 lag1=0.078 wall=0.3s
[2026-05-05T00:28:28+00:00]   done seed=703 H=0.7 closed_loop track=-1.231e-05 pred=-3.708e-05 lag1=0.078 wall=0.4s
[2026-05-05T00:28:28+00:00]   done seed=740 H=0.7 open_loop track=-8.906e-05 pred=-9.379e-05 lag1=-0.091 wall=0.3s
[2026-05-05T00:28:29+00:00]   done seed=740 H=0.7 closed_loop track=-5.503e-07 pred=-5.927e-06 lag1=-0.091 wall=0.4s
[2026-05-05T00:28:29+00:00]   done seed=777 H=0.7 open_loop track=-6.829e-05 pred=-6.938e-05 lag1=0.453 wall=0.3s
[2026-05-05T00:28:29+00:00]   done seed=777 H=0.7 closed_loop track=-1.613e-05 pred=-3.045e-05 lag1=0.453 wall=0.4s
[2026-05-05T00:28:30+00:00]   done seed=814 H=0.7 open_loop track=-6.560e-05 pred=-7.428e-05 lag1=-0.116 wall=0.3s
[2026-05-05T00:28:30+00:00]   done seed=814 H=0.7 closed_loop track=-5.576e-06 pred=-2.115e-05 lag1=-0.116 wall=0.4s
[2026-05-05T00:28:30+00:00]   done seed=851 H=0.7 open_loop track=-8.047e-05 pred=-9.352e-05 lag1=0.289 wall=0.3s
[2026-05-05T00:28:31+00:00]   done seed=851 H=0.7 closed_loop track=-8.270e-06 pred=-2.406e-05 lag1=0.289 wall=0.4s
[2026-05-05T00:28:31+00:00]   done seed=888 H=0.7 open_loop track=-9.753e-05 pred=-1.033e-04 lag1=0.237 wall=0.3s
[2026-05-05T00:28:31+00:00]   done seed=888 H=0.7 closed_loop track=-6.904e-06 pred=-2.838e-05 lag1=0.237 wall=0.4s
[2026-05-05T00:28:32+00:00]   done seed=925 H=0.7 open_loop track=-6.628e-05 pred=-7.910e-05 lag1=-0.072 wall=0.3s
[2026-05-05T00:28:32+00:00]   done seed=925 H=0.7 closed_loop track=-4.968e-06 pred=-1.610e-05 lag1=-0.072 wall=0.4s
[2026-05-05T00:28:32+00:00]   done seed=962 H=0.7 open_loop track=-9.076e-05 pred=-9.557e-05 lag1=0.191 wall=0.3s
[2026-05-05T00:28:33+00:00]   done seed=962 H=0.7 closed_loop track=-1.809e-06 pred=-2.012e-05 lag1=0.191 wall=0.4s
[2026-05-05T00:28:33+00:00]   done seed=999 H=0.7 open_loop track=-8.897e-05 pred=-9.520e-05 lag1=-0.273 wall=0.3s
[2026-05-05T00:28:33+00:00]   done seed=999 H=0.7 closed_loop track=-1.485e-06 pred=-4.919e-05 lag1=-0.273 wall=0.4s
[2026-05-05T00:28:34+00:00]   done seed=1036 H=0.7 open_loop track=-9.134e-05 pred=-9.007e-05 lag1=0.354 wall=0.3s
[2026-05-05T00:28:34+00:00]   done seed=1036 H=0.7 closed_loop track=-7.313e-06 pred=-8.992e-06 lag1=0.354 wall=0.4s
[2026-05-05T00:28:34+00:00]   done seed=1073 H=0.7 open_loop track=-7.058e-05 pred=-8.602e-05 lag1=0.469 wall=0.3s
[2026-05-05T00:28:35+00:00]   done seed=1073 H=0.7 closed_loop track=-3.312e-06 pred=-2.746e-05 lag1=0.469 wall=0.4s
[2026-05-05T00:28:35+00:00]   done seed=1110 H=0.7 open_loop track=-6.502e-05 pred=-7.565e-05 lag1=0.288 wall=0.3s
[2026-05-05T00:28:35+00:00]   done seed=1110 H=0.7 closed_loop track=-2.558e-06 pred=-2.656e-05 lag1=0.288 wall=0.4s
[2026-05-05T00:28:35+00:00]   done seed=1147 H=0.7 open_loop track=-6.814e-05 pred=-7.184e-05 lag1=0.208 wall=0.3s
[2026-05-05T00:28:36+00:00]   done seed=1147 H=0.7 closed_loop track=-3.280e-06 pred=-2.294e-05 lag1=0.208 wall=0.4s
[2026-05-05T00:28:36+00:00]   done seed=1184 H=0.7 open_loop track=-1.062e-04 pred=-9.683e-05 lag1=0.160 wall=0.3s
[2026-05-05T00:28:37+00:00]   done seed=1184 H=0.7 closed_loop track=-1.513e-05 pred=-1.537e-05 lag1=0.160 wall=0.4s
[2026-05-05T00:28:37+00:00]   done seed=1221 H=0.7 open_loop track=-9.198e-05 pred=-9.027e-05 lag1=0.109 wall=0.3s
[2026-05-05T00:28:37+00:00]   done seed=1221 H=0.7 closed_loop track=-1.089e-05 pred=-2.419e-05 lag1=0.109 wall=0.4s
[2026-05-05T00:28:37+00:00]   done seed=1258 H=0.7 open_loop track=-9.443e-05 pred=-9.527e-05 lag1=0.226 wall=0.3s
[2026-05-05T00:28:38+00:00]   done seed=1258 H=0.7 closed_loop track=-7.127e-06 pred=-1.077e-05 lag1=0.226 wall=0.4s
[2026-05-05T00:28:38+00:00]   done seed=1295 H=0.7 open_loop track=-1.071e-04 pred=-1.179e-04 lag1=0.202 wall=0.3s
[2026-05-05T00:28:38+00:00]   done seed=1295 H=0.7 closed_loop track=-1.034e-05 pred=-3.129e-05 lag1=0.202 wall=0.4s
[2026-05-05T00:28:39+00:00]   done seed=1332 H=0.7 open_loop track=-6.396e-05 pred=-7.513e-05 lag1=0.348 wall=0.3s
[2026-05-05T00:28:39+00:00]   done seed=1332 H=0.7 closed_loop track=-1.240e-05 pred=-1.737e-05 lag1=0.348 wall=0.4s
[2026-05-05T00:28:39+00:00]   done seed=1369 H=0.7 open_loop track=-9.057e-05 pred=-1.076e-04 lag1=0.315 wall=0.3s
[2026-05-05T00:28:40+00:00]   done seed=1369 H=0.7 closed_loop track=-7.721e-06 pred=-1.727e-05 lag1=0.315 wall=0.4s
[2026-05-05T00:28:40+00:00]   done seed=1406 H=0.7 open_loop track=-7.385e-05 pred=-7.777e-05 lag1=-0.099 wall=0.3s
[2026-05-05T00:28:40+00:00]   done seed=1406 H=0.7 closed_loop track=-8.465e-06 pred=-9.040e-06 lag1=-0.099 wall=0.4s
[2026-05-05T00:28:41+00:00]   done seed=1443 H=0.7 open_loop track=-8.723e-05 pred=-9.039e-05 lag1=-0.057 wall=0.5s
[2026-05-05T00:28:41+00:00]   done seed=1443 H=0.7 closed_loop track=-1.468e-05 pred=-3.028e-05 lag1=-0.057 wall=0.4s
[2026-05-05T00:28:42+00:00]   done seed=1480 H=0.7 open_loop track=-6.537e-05 pred=-7.168e-05 lag1=-0.123 wall=0.3s
[2026-05-05T00:28:42+00:00]   done seed=1480 H=0.7 closed_loop track=-4.965e-06 pred=-2.895e-05 lag1=-0.123 wall=0.4s
[2026-05-05T00:28:42+00:00]   done seed=1517 H=0.7 open_loop track=-8.070e-05 pred=-8.048e-05 lag1=0.396 wall=0.3s
[2026-05-05T00:28:43+00:00]   done seed=1517 H=0.7 closed_loop track=-9.507e-06 pred=-7.876e-06 lag1=0.396 wall=0.4s
[2026-05-05T00:28:43+00:00]   done seed=1554 H=0.7 open_loop track=-8.593e-05 pred=-9.151e-05 lag1=0.061 wall=0.3s
[2026-05-05T00:28:43+00:00]   done seed=1554 H=0.7 closed_loop track=-6.794e-06 pred=-4.389e-05 lag1=0.061 wall=0.4s
[2026-05-05T00:28:44+00:00]   done seed=1591 H=0.7 open_loop track=-8.776e-05 pred=-9.404e-05 lag1=0.221 wall=0.3s
[2026-05-05T00:28:44+00:00]   done seed=1591 H=0.7 closed_loop track=-1.019e-05 pred=-2.323e-05 lag1=0.221 wall=0.4s
[2026-05-05T00:28:44+00:00]   done seed=1628 H=0.7 open_loop track=-7.664e-05 pred=-9.242e-05 lag1=0.022 wall=0.3s
[2026-05-05T00:28:45+00:00]   done seed=1628 H=0.7 closed_loop track=-5.935e-06 pred=-1.620e-05 lag1=0.022 wall=0.4s
[2026-05-05T00:28:45+00:00]   done seed=1665 H=0.7 open_loop track=-7.162e-05 pred=-8.777e-05 lag1=0.172 wall=0.3s
[2026-05-05T00:28:45+00:00]   done seed=1665 H=0.7 closed_loop track=-3.454e-06 pred=-2.472e-05 lag1=0.172 wall=0.4s
[2026-05-05T00:28:46+00:00]   done seed=1702 H=0.7 open_loop track=-6.973e-05 pred=-8.306e-05 lag1=0.435 wall=0.3s
[2026-05-05T00:28:46+00:00]   done seed=1702 H=0.7 closed_loop track=-9.983e-06 pred=-2.169e-05 lag1=0.435 wall=0.4s
[2026-05-05T00:28:46+00:00]   done seed=1739 H=0.7 open_loop track=-8.415e-05 pred=-8.796e-05 lag1=0.428 wall=0.3s
[2026-05-05T00:28:47+00:00]   done seed=1739 H=0.7 closed_loop track=-1.935e-06 pred=-6.773e-06 lag1=0.428 wall=0.4s
[2026-05-05T00:28:47+00:00]   done seed=1776 H=0.7 open_loop track=-7.530e-05 pred=-8.661e-05 lag1=0.446 wall=0.3s
[2026-05-05T00:28:47+00:00]   done seed=1776 H=0.7 closed_loop track=-1.168e-05 pred=-7.740e-05 lag1=0.446 wall=0.4s
[2026-05-05T00:28:48+00:00]   done seed=1813 H=0.7 open_loop track=-8.231e-05 pred=-8.860e-05 lag1=-0.306 wall=0.3s
[2026-05-05T00:28:48+00:00]   done seed=1813 H=0.7 closed_loop track=-6.367e-06 pred=-2.278e-05 lag1=-0.306 wall=0.4s
[2026-05-05T00:28:48+00:00]   done seed=1850 H=0.7 open_loop track=-8.503e-05 pred=-7.677e-05 lag1=0.052 wall=0.3s
[2026-05-05T00:28:49+00:00]   done seed=1850 H=0.7 closed_loop track=-9.836e-06 pred=-1.100e-05 lag1=0.052 wall=0.4s
[2026-05-05T00:28:49+00:00]   done seed=1887 H=0.7 open_loop track=-8.076e-05 pred=-9.630e-05 lag1=-0.209 wall=0.3s
[2026-05-05T00:28:49+00:00]   done seed=1887 H=0.7 closed_loop track=-7.162e-06 pred=-2.430e-05 lag1=-0.209 wall=0.4s
[2026-05-05T00:28:50+00:00]   done seed=1924 H=0.7 open_loop track=-9.082e-05 pred=-1.185e-04 lag1=0.343 wall=0.3s
[2026-05-05T00:28:50+00:00]   done seed=1924 H=0.7 closed_loop track=-3.959e-06 pred=-3.620e-05 lag1=0.343 wall=0.4s
[2026-05-05T00:28:50+00:00]   done seed=1961 H=0.7 open_loop track=-7.105e-05 pred=-7.809e-05 lag1=-0.208 wall=0.3s
[2026-05-05T00:28:51+00:00]   done seed=1961 H=0.7 closed_loop track=-6.177e-06 pred=-2.133e-05 lag1=-0.208 wall=0.4s
[2026-05-05T00:28:51+00:00]   done seed=1998 H=0.7 open_loop track=-8.233e-05 pred=-8.230e-05 lag1=0.006 wall=0.3s
[2026-05-05T00:28:51+00:00]   done seed=1998 H=0.7 closed_loop track=-5.343e-06 pred=-2.288e-05 lag1=0.006 wall=0.4s
[2026-05-05T00:28:52+00:00]   done seed=2035 H=0.7 open_loop track=-8.768e-05 pred=-9.791e-05 lag1=0.205 wall=0.3s
[2026-05-05T00:28:52+00:00]   done seed=2035 H=0.7 closed_loop track=-6.386e-06 pred=-3.433e-05 lag1=0.205 wall=0.4s
[2026-05-05T00:28:52+00:00]   done seed=2072 H=0.7 open_loop track=-7.034e-05 pred=-7.617e-05 lag1=0.153 wall=0.3s
[2026-05-05T00:28:53+00:00]   done seed=2072 H=0.7 closed_loop track=-5.592e-06 pred=-2.488e-05 lag1=0.153 wall=0.4s
[2026-05-05T00:28:53+00:00]   done seed=2109 H=0.7 open_loop track=-6.820e-05 pred=-6.692e-05 lag1=-0.218 wall=0.3s
[2026-05-05T00:28:53+00:00]   done seed=2109 H=0.7 closed_loop track=-3.116e-06 pred=-3.111e-05 lag1=-0.218 wall=0.4s
[2026-05-05T00:28:53+00:00]   done seed=2146 H=0.7 open_loop track=-8.537e-05 pred=-1.003e-04 lag1=0.079 wall=0.3s
[2026-05-05T00:28:54+00:00]   done seed=2146 H=0.7 closed_loop track=-4.984e-06 pred=-2.813e-05 lag1=0.079 wall=0.4s
[2026-05-05T00:28:54+00:00]   done seed=2183 H=0.7 open_loop track=-1.021e-04 pred=-1.044e-04 lag1=0.402 wall=0.3s
[2026-05-05T00:28:55+00:00]   done seed=2183 H=0.7 closed_loop track=-1.854e-06 pred=-1.103e-05 lag1=0.402 wall=0.4s
[2026-05-05T00:28:55+00:00]   done seed=2220 H=0.7 open_loop track=-1.008e-04 pred=-1.039e-04 lag1=0.305 wall=0.3s
[2026-05-05T00:28:55+00:00]   done seed=2220 H=0.7 closed_loop track=-2.365e-06 pred=-1.377e-05 lag1=0.305 wall=0.4s
[2026-05-05T00:28:55+00:00]   done seed=2257 H=0.7 open_loop track=-8.400e-05 pred=-1.011e-04 lag1=-0.029 wall=0.3s
[2026-05-05T00:28:56+00:00]   done seed=2257 H=0.7 closed_loop track=-1.690e-06 pred=-1.647e-05 lag1=-0.029 wall=0.4s
[2026-05-05T00:28:56+00:00]   done seed=2294 H=0.7 open_loop track=-8.214e-05 pred=-9.340e-05 lag1=-0.241 wall=0.3s
[2026-05-05T00:28:56+00:00]   done seed=2294 H=0.7 closed_loop track=-4.904e-06 pred=-1.221e-05 lag1=-0.241 wall=0.4s
[2026-05-05T00:28:57+00:00]   done seed=2331 H=0.7 open_loop track=-7.347e-05 pred=-7.795e-05 lag1=0.334 wall=0.3s
[2026-05-05T00:28:57+00:00]   done seed=2331 H=0.7 closed_loop track=-5.396e-06 pred=-2.167e-05 lag1=0.334 wall=0.4s
[2026-05-05T00:28:57+00:00]   done seed=2368 H=0.7 open_loop track=-9.938e-05 pred=-9.504e-05 lag1=-0.359 wall=0.3s
[2026-05-05T00:28:58+00:00]   done seed=2368 H=0.7 closed_loop track=-1.467e-05 pred=-4.113e-05 lag1=-0.359 wall=0.4s
[2026-05-05T00:28:58+00:00]   done seed=2405 H=0.7 open_loop track=-8.525e-05 pred=-8.965e-05 lag1=0.062 wall=0.3s
[2026-05-05T00:28:58+00:00]   done seed=2405 H=0.7 closed_loop track=-2.286e-05 pred=-3.928e-05 lag1=0.062 wall=0.4s
[2026-05-05T00:28:59+00:00]   done seed=2442 H=0.7 open_loop track=-1.065e-04 pred=-9.754e-05 lag1=-0.066 wall=0.3s
[2026-05-05T00:28:59+00:00]   done seed=2442 H=0.7 closed_loop track=-1.334e-05 pred=-1.733e-05 lag1=-0.066 wall=0.4s
[2026-05-05T00:28:59+00:00]   done seed=2479 H=0.7 open_loop track=-9.124e-05 pred=-1.087e-04 lag1=0.051 wall=0.3s
[2026-05-05T00:29:00+00:00]   done seed=2479 H=0.7 closed_loop track=-1.267e-05 pred=-4.769e-05 lag1=0.051 wall=0.4s
[2026-05-05T00:29:00+00:00]   done seed=2516 H=0.7 open_loop track=-6.915e-05 pred=-8.180e-05 lag1=0.405 wall=0.3s
[2026-05-05T00:29:00+00:00]   done seed=2516 H=0.7 closed_loop track=-5.254e-06 pred=-3.043e-05 lag1=0.405 wall=0.4s
[2026-05-05T00:29:01+00:00]   done seed=2553 H=0.7 open_loop track=-8.484e-05 pred=-9.073e-05 lag1=-0.138 wall=0.3s
[2026-05-05T00:29:01+00:00]   done seed=2553 H=0.7 closed_loop track=-1.274e-06 pred=-9.708e-06 lag1=-0.138 wall=0.4s
[2026-05-05T00:29:01+00:00]   done seed=2590 H=0.7 open_loop track=-8.075e-05 pred=-8.112e-05 lag1=0.392 wall=0.3s
[2026-05-05T00:29:02+00:00]   done seed=2590 H=0.7 closed_loop track=-4.585e-06 pred=-2.090e-05 lag1=0.392 wall=0.4s
[2026-05-05T00:29:02+00:00]   done seed=2627 H=0.7 open_loop track=-9.143e-05 pred=-9.566e-05 lag1=-0.084 wall=0.3s
[2026-05-05T00:29:02+00:00]   done seed=2627 H=0.7 closed_loop track=-1.187e-06 pred=-4.199e-05 lag1=-0.084 wall=0.4s
[2026-05-05T00:29:03+00:00]   done seed=2664 H=0.7 open_loop track=-9.549e-05 pred=-8.132e-05 lag1=0.322 wall=0.3s
[2026-05-05T00:29:03+00:00]   done seed=2664 H=0.7 closed_loop track=-2.629e-05 pred=-2.562e-05 lag1=0.322 wall=0.4s
[2026-05-05T00:29:03+00:00]   done seed=2701 H=0.7 open_loop track=-7.941e-05 pred=-8.007e-05 lag1=-0.134 wall=0.3s
[2026-05-05T00:29:04+00:00]   done seed=2701 H=0.7 closed_loop track=-9.270e-06 pred=-2.273e-05 lag1=-0.134 wall=0.4s
[2026-05-05T00:29:04+00:00]   done seed=2738 H=0.7 open_loop track=-7.325e-05 pred=-8.508e-05 lag1=0.161 wall=0.3s
[2026-05-05T00:29:04+00:00]   done seed=2738 H=0.7 closed_loop track=-7.163e-07 pred=-2.625e-05 lag1=0.161 wall=0.4s
[2026-05-05T00:29:05+00:00]   done seed=2775 H=0.7 open_loop track=-9.703e-05 pred=-7.626e-05 lag1=-0.253 wall=0.3s
[2026-05-05T00:29:05+00:00]   done seed=2775 H=0.7 closed_loop track=-1.667e-05 pred=-7.474e-06 lag1=-0.253 wall=0.4s
[2026-05-05T00:29:05+00:00]   done seed=2812 H=0.7 open_loop track=-8.383e-05 pred=-8.369e-05 lag1=-0.013 wall=0.3s
[2026-05-05T00:29:06+00:00]   done seed=2812 H=0.7 closed_loop track=-1.129e-06 pred=-1.796e-05 lag1=-0.013 wall=0.4s
[2026-05-05T00:29:06+00:00]   done seed=2849 H=0.7 open_loop track=-9.254e-05 pred=-1.039e-04 lag1=0.476 wall=0.3s
[2026-05-05T00:29:06+00:00]   done seed=2849 H=0.7 closed_loop track=-1.098e-05 pred=-1.200e-05 lag1=0.476 wall=0.4s
[2026-05-05T00:29:07+00:00]   done seed=2886 H=0.7 open_loop track=-8.498e-05 pred=-8.560e-05 lag1=0.083 wall=0.3s
[2026-05-05T00:29:07+00:00]   done seed=2886 H=0.7 closed_loop track=-1.483e-05 pred=-3.858e-05 lag1=0.083 wall=0.4s
[2026-05-05T00:29:07+00:00]   done seed=2923 H=0.7 open_loop track=-6.972e-05 pred=-1.186e-04 lag1=0.517 wall=0.3s
[2026-05-05T00:29:08+00:00]   done seed=2923 H=0.7 closed_loop track=-1.056e-05 pred=-4.430e-05 lag1=0.517 wall=0.4s
[2026-05-05T00:29:08+00:00]   done seed=2960 H=0.7 open_loop track=-8.927e-05 pred=-8.510e-05 lag1=0.078 wall=0.3s
[2026-05-05T00:29:08+00:00]   done seed=2960 H=0.7 closed_loop track=-5.274e-06 pred=-4.033e-05 lag1=0.078 wall=0.4s
[2026-05-05T00:29:09+00:00]   done seed=2997 H=0.7 open_loop track=-1.085e-04 pred=-1.422e-04 lag1=0.686 wall=0.3s
[2026-05-05T00:29:09+00:00]   done seed=2997 H=0.7 closed_loop track=-1.115e-05 pred=-5.205e-05 lag1=0.686 wall=0.4s
[2026-05-05T00:29:09+00:00]   done seed=3034 H=0.7 open_loop track=-8.615e-05 pred=-9.077e-05 lag1=0.038 wall=0.3s
[2026-05-05T00:29:10+00:00]   done seed=3034 H=0.7 closed_loop track=-1.317e-06 pred=-1.198e-05 lag1=0.038 wall=0.4s
[2026-05-05T00:29:10+00:00]   done seed=3071 H=0.7 open_loop track=-6.905e-05 pred=-7.747e-05 lag1=0.233 wall=0.3s
[2026-05-05T00:29:10+00:00]   done seed=3071 H=0.7 closed_loop track=-9.402e-06 pred=-3.133e-05 lag1=0.233 wall=0.4s
[2026-05-05T00:29:11+00:00]   done seed=3108 H=0.7 open_loop track=-7.911e-05 pred=-8.408e-05 lag1=-0.042 wall=0.3s
[2026-05-05T00:29:11+00:00]   done seed=3108 H=0.7 closed_loop track=-9.372e-06 pred=-2.428e-05 lag1=-0.042 wall=0.4s
[2026-05-05T00:29:11+00:00]   done seed=3145 H=0.7 open_loop track=-9.318e-05 pred=-9.890e-05 lag1=0.266 wall=0.3s
[2026-05-05T00:29:12+00:00]   done seed=3145 H=0.7 closed_loop track=-3.184e-06 pred=-1.957e-05 lag1=0.266 wall=0.4s
[2026-05-05T00:29:12+00:00]   done seed=3182 H=0.7 open_loop track=-6.921e-05 pred=-7.430e-05 lag1=0.372 wall=0.3s
[2026-05-05T00:29:12+00:00]   done seed=3182 H=0.7 closed_loop track=-1.715e-05 pred=-3.636e-05 lag1=0.372 wall=0.4s
[2026-05-05T00:29:13+00:00]   done seed=3219 H=0.7 open_loop track=-8.195e-05 pred=-8.879e-05 lag1=-0.115 wall=0.3s
[2026-05-05T00:29:13+00:00]   done seed=3219 H=0.7 closed_loop track=-1.131e-05 pred=-3.460e-05 lag1=-0.115 wall=0.4s
[2026-05-05T00:29:13+00:00]   done seed=3256 H=0.7 open_loop track=-7.983e-05 pred=-7.599e-05 lag1=0.461 wall=0.3s
[2026-05-05T00:29:14+00:00]   done seed=3256 H=0.7 closed_loop track=-1.061e-05 pred=-1.125e-05 lag1=0.461 wall=0.4s
[2026-05-05T00:29:14+00:00]   done seed=3293 H=0.7 open_loop track=-8.366e-05 pred=-9.800e-05 lag1=0.178 wall=0.3s
[2026-05-05T00:29:14+00:00]   done seed=3293 H=0.7 closed_loop track=-5.925e-06 pred=-1.629e-05 lag1=0.178 wall=0.4s
[2026-05-05T00:29:15+00:00]   done seed=3330 H=0.7 open_loop track=-5.867e-05 pred=-7.383e-05 lag1=0.502 wall=0.3s
[2026-05-05T00:29:15+00:00]   done seed=3330 H=0.7 closed_loop track=-6.621e-07 pred=-4.892e-05 lag1=0.502 wall=0.4s
[2026-05-05T00:29:15+00:00]   done seed=3367 H=0.7 open_loop track=-9.128e-05 pred=-9.632e-05 lag1=-0.128 wall=0.3s
[2026-05-05T00:29:16+00:00]   done seed=3367 H=0.7 closed_loop track=-2.987e-06 pred=-7.724e-06 lag1=-0.128 wall=0.4s
[2026-05-05T00:29:16+00:00]   done seed=3404 H=0.7 open_loop track=-8.110e-05 pred=-9.726e-05 lag1=0.061 wall=0.3s
[2026-05-05T00:29:17+00:00]   done seed=3404 H=0.7 closed_loop track=-7.185e-06 pred=-1.712e-05 lag1=0.061 wall=0.6s
[2026-05-05T00:29:17+00:00]   done seed=3441 H=0.7 open_loop track=-6.131e-05 pred=-8.433e-05 lag1=-0.005 wall=0.3s
[2026-05-05T00:29:17+00:00]   done seed=3441 H=0.7 closed_loop track=-6.303e-06 pred=-3.364e-05 lag1=-0.005 wall=0.4s
[2026-05-05T00:29:17+00:00]   done seed=3478 H=0.7 open_loop track=-6.354e-05 pred=-6.831e-05 lag1=0.158 wall=0.3s
[2026-05-05T00:29:18+00:00]   done seed=3478 H=0.7 closed_loop track=-3.189e-06 pred=-1.783e-05 lag1=0.158 wall=0.4s
[2026-05-05T00:29:18+00:00]   done seed=3515 H=0.7 open_loop track=-7.596e-05 pred=-8.132e-05 lag1=-0.111 wall=0.3s
[2026-05-05T00:29:19+00:00]   done seed=3515 H=0.7 closed_loop track=-3.336e-06 pred=-2.164e-05 lag1=-0.111 wall=0.4s
[2026-05-05T00:29:19+00:00]   done seed=3552 H=0.7 open_loop track=-8.474e-05 pred=-8.942e-05 lag1=0.367 wall=0.3s
[2026-05-05T00:29:19+00:00]   done seed=3552 H=0.7 closed_loop track=-7.469e-06 pred=-1.600e-05 lag1=0.367 wall=0.4s
[2026-05-05T00:29:19+00:00]   done seed=3589 H=0.7 open_loop track=-1.086e-04 pred=-1.115e-04 lag1=0.119 wall=0.3s
[2026-05-05T00:29:20+00:00]   done seed=3589 H=0.7 closed_loop track=-8.733e-06 pred=-3.252e-05 lag1=0.119 wall=0.4s
[2026-05-05T00:29:20+00:00]   done seed=3626 H=0.7 open_loop track=-8.970e-05 pred=-1.223e-04 lag1=0.026 wall=0.3s
[2026-05-05T00:29:21+00:00]   done seed=3626 H=0.7 closed_loop track=-1.420e-06 pred=-5.675e-05 lag1=0.026 wall=0.4s
[2026-05-05T00:29:21+00:00]   done seed=3663 H=0.7 open_loop track=-7.157e-05 pred=-7.828e-05 lag1=0.222 wall=0.3s
[2026-05-05T00:29:21+00:00]   done seed=3663 H=0.7 closed_loop track=-4.678e-06 pred=-4.087e-05 lag1=0.222 wall=0.4s
[2026-05-05T00:29:21+00:00]   done seed=0 H=0.9 open_loop track=-1.325e-04 pred=-1.403e-04 lag1=0.589 wall=0.3s
[2026-05-05T00:29:22+00:00]   done seed=0 H=0.9 closed_loop track=-1.141e-05 pred=-2.855e-05 lag1=0.589 wall=0.4s
[2026-05-05T00:29:22+00:00]   done seed=37 H=0.9 open_loop track=-1.160e-04 pred=-1.238e-04 lag1=0.380 wall=0.3s
[2026-05-05T00:29:22+00:00]   done seed=37 H=0.9 closed_loop track=-2.082e-06 pred=-4.249e-05 lag1=0.380 wall=0.4s
[2026-05-05T00:29:23+00:00]   done seed=74 H=0.9 open_loop track=-4.109e-05 pred=-5.243e-05 lag1=0.402 wall=0.3s
[2026-05-05T00:29:23+00:00]   done seed=74 H=0.9 closed_loop track=-1.661e-06 pred=-3.362e-05 lag1=0.402 wall=0.4s
[2026-05-05T00:29:23+00:00]   done seed=111 H=0.9 open_loop track=-9.487e-05 pred=-1.161e-04 lag1=0.643 wall=0.3s
[2026-05-05T00:29:24+00:00]   done seed=111 H=0.9 closed_loop track=-5.011e-06 pred=-3.769e-05 lag1=0.643 wall=0.4s
[2026-05-05T00:29:24+00:00]   done seed=148 H=0.9 open_loop track=-1.029e-04 pred=-1.087e-04 lag1=0.424 wall=0.3s
[2026-05-05T00:29:24+00:00]   done seed=148 H=0.9 closed_loop track=-9.750e-06 pred=-2.070e-05 lag1=0.424 wall=0.4s
[2026-05-05T00:29:25+00:00]   done seed=185 H=0.9 open_loop track=-2.235e-04 pred=-2.376e-04 lag1=0.633 wall=0.3s
[2026-05-05T00:29:25+00:00]   done seed=185 H=0.9 closed_loop track=-8.746e-06 pred=-3.789e-05 lag1=0.633 wall=0.4s
[2026-05-05T00:29:25+00:00]   done seed=222 H=0.9 open_loop track=-6.787e-05 pred=-1.077e-04 lag1=0.594 wall=0.3s
[2026-05-05T00:29:26+00:00]   done seed=222 H=0.9 closed_loop track=-2.135e-06 pred=-7.407e-05 lag1=0.594 wall=0.4s
[2026-05-05T00:29:26+00:00]   done seed=259 H=0.9 open_loop track=-5.537e-05 pred=-8.108e-05 lag1=0.178 wall=0.3s
[2026-05-05T00:29:26+00:00]   done seed=259 H=0.9 closed_loop track=-4.378e-06 pred=-4.081e-05 lag1=0.178 wall=0.4s
[2026-05-05T00:29:27+00:00]   done seed=296 H=0.9 open_loop track=-1.429e-04 pred=-1.684e-04 lag1=0.233 wall=0.3s
[2026-05-05T00:29:27+00:00]   done seed=296 H=0.9 closed_loop track=-1.512e-05 pred=-2.498e-05 lag1=0.233 wall=0.4s
[2026-05-05T00:29:27+00:00]   done seed=333 H=0.9 open_loop track=-2.381e-04 pred=-2.540e-04 lag1=0.087 wall=0.3s
[2026-05-05T00:29:28+00:00]   done seed=333 H=0.9 closed_loop track=-1.748e-05 pred=-4.031e-05 lag1=0.087 wall=0.4s
[2026-05-05T00:29:28+00:00]   done seed=370 H=0.9 open_loop track=-6.098e-05 pred=-7.284e-05 lag1=0.596 wall=0.3s
[2026-05-05T00:29:28+00:00]   done seed=370 H=0.9 closed_loop track=-2.341e-06 pred=-1.557e-05 lag1=0.596 wall=0.4s
[2026-05-05T00:29:29+00:00]   done seed=407 H=0.9 open_loop track=-1.441e-04 pred=-1.462e-04 lag1=0.212 wall=0.3s
[2026-05-05T00:29:29+00:00]   done seed=407 H=0.9 closed_loop track=-1.669e-05 pred=-2.377e-05 lag1=0.212 wall=0.4s
[2026-05-05T00:29:29+00:00]   done seed=444 H=0.9 open_loop track=-6.244e-05 pred=-7.497e-05 lag1=0.504 wall=0.3s
[2026-05-05T00:29:30+00:00]   done seed=444 H=0.9 closed_loop track=-6.395e-06 pred=-6.315e-05 lag1=0.504 wall=0.4s
[2026-05-05T00:29:30+00:00]   done seed=481 H=0.9 open_loop track=-4.612e-05 pred=-5.835e-05 lag1=0.286 wall=0.3s
[2026-05-05T00:29:30+00:00]   done seed=481 H=0.9 closed_loop track=-1.377e-05 pred=-3.809e-05 lag1=0.286 wall=0.4s
[2026-05-05T00:29:31+00:00]   done seed=518 H=0.9 open_loop track=-2.111e-05 pred=-2.391e-05 lag1=0.326 wall=0.3s
[2026-05-05T00:29:31+00:00]   done seed=518 H=0.9 closed_loop track=-9.282e-06 pred=-1.250e-05 lag1=0.326 wall=0.4s
[2026-05-05T00:29:31+00:00]   done seed=555 H=0.9 open_loop track=-9.719e-05 pred=-1.138e-04 lag1=0.358 wall=0.3s
[2026-05-05T00:29:32+00:00]   done seed=555 H=0.9 closed_loop track=-4.410e-06 pred=-4.339e-05 lag1=0.358 wall=0.4s
[2026-05-05T00:29:32+00:00]   done seed=592 H=0.9 open_loop track=-1.784e-05 pred=-4.910e-05 lag1=0.423 wall=0.3s
[2026-05-05T00:29:32+00:00]   done seed=592 H=0.9 closed_loop track=-8.482e-07 pred=-4.891e-05 lag1=0.423 wall=0.4s
[2026-05-05T00:29:33+00:00]   done seed=629 H=0.9 open_loop track=-5.245e-05 pred=-8.951e-05 lag1=0.484 wall=0.3s
[2026-05-05T00:29:33+00:00]   done seed=629 H=0.9 closed_loop track=-4.843e-06 pred=-5.504e-05 lag1=0.484 wall=0.4s
[2026-05-05T00:29:33+00:00]   done seed=666 H=0.9 open_loop track=-9.336e-05 pred=-9.458e-05 lag1=0.026 wall=0.3s
[2026-05-05T00:29:34+00:00]   done seed=666 H=0.9 closed_loop track=-6.003e-06 pred=-3.085e-05 lag1=0.026 wall=0.4s
[2026-05-05T00:29:34+00:00]   done seed=703 H=0.9 open_loop track=-8.894e-05 pred=-9.966e-05 lag1=0.203 wall=0.3s
[2026-05-05T00:29:34+00:00]   done seed=703 H=0.9 closed_loop track=-1.036e-05 pred=-4.422e-05 lag1=0.203 wall=0.4s
[2026-05-05T00:29:35+00:00]   done seed=740 H=0.9 open_loop track=-1.429e-04 pred=-1.862e-04 lag1=0.053 wall=0.3s
[2026-05-05T00:29:35+00:00]   done seed=740 H=0.9 closed_loop track=-9.735e-06 pred=-5.237e-05 lag1=0.053 wall=0.4s
[2026-05-05T00:29:35+00:00]   done seed=777 H=0.9 open_loop track=-3.651e-05 pred=-4.676e-05 lag1=0.692 wall=0.3s
[2026-05-05T00:29:36+00:00]   done seed=777 H=0.9 closed_loop track=-4.019e-06 pred=-2.238e-05 lag1=0.692 wall=0.4s
[2026-05-05T00:29:36+00:00]   done seed=814 H=0.9 open_loop track=-4.356e-05 pred=-5.287e-05 lag1=0.084 wall=0.3s
[2026-05-05T00:29:36+00:00]   done seed=814 H=0.9 closed_loop track=-1.394e-06 pred=-6.302e-05 lag1=0.084 wall=0.4s
[2026-05-05T00:29:37+00:00]   done seed=851 H=0.9 open_loop track=-8.541e-05 pred=-9.914e-05 lag1=0.403 wall=0.3s
[2026-05-05T00:29:37+00:00]   done seed=851 H=0.9 closed_loop track=-1.206e-05 pred=-4.564e-05 lag1=0.403 wall=0.4s
[2026-05-05T00:29:37+00:00]   done seed=888 H=0.9 open_loop track=-1.297e-04 pred=-1.437e-04 lag1=0.426 wall=0.3s
[2026-05-05T00:29:38+00:00]   done seed=888 H=0.9 closed_loop track=-7.000e-06 pred=-7.261e-05 lag1=0.426 wall=0.4s
[2026-05-05T00:29:38+00:00]   done seed=925 H=0.9 open_loop track=-1.522e-05 pred=-3.389e-05 lag1=0.082 wall=0.3s
[2026-05-05T00:29:38+00:00]   done seed=925 H=0.9 closed_loop track=-3.769e-06 pred=-3.504e-05 lag1=0.082 wall=0.4s
[2026-05-05T00:29:39+00:00]   done seed=962 H=0.9 open_loop track=-1.067e-04 pred=-1.117e-04 lag1=0.370 wall=0.3s
[2026-05-05T00:29:39+00:00]   done seed=962 H=0.9 closed_loop track=-1.597e-05 pred=-4.279e-05 lag1=0.370 wall=0.4s
[2026-05-05T00:29:39+00:00]   done seed=999 H=0.9 open_loop track=-9.006e-05 pred=-9.461e-05 lag1=-0.120 wall=0.3s
[2026-05-05T00:29:40+00:00]   done seed=999 H=0.9 closed_loop track=-1.478e-06 pred=-2.982e-05 lag1=-0.120 wall=0.4s
[2026-05-05T00:29:40+00:00]   done seed=1036 H=0.9 open_loop track=-1.307e-04 pred=-1.454e-04 lag1=0.546 wall=0.3s
[2026-05-05T00:29:40+00:00]   done seed=1036 H=0.9 closed_loop track=-1.168e-05 pred=-2.851e-05 lag1=0.546 wall=0.4s
[2026-05-05T00:29:41+00:00]   done seed=1073 H=0.9 open_loop track=-4.805e-05 pred=-5.890e-05 lag1=0.619 wall=0.3s
[2026-05-05T00:29:41+00:00]   done seed=1073 H=0.9 closed_loop track=-6.118e-07 pred=-3.648e-05 lag1=0.619 wall=0.4s
[2026-05-05T00:29:41+00:00]   done seed=1110 H=0.9 open_loop track=-4.028e-05 pred=-5.224e-05 lag1=0.440 wall=0.3s
[2026-05-05T00:29:42+00:00]   done seed=1110 H=0.9 closed_loop track=-2.488e-06 pred=-3.832e-05 lag1=0.440 wall=0.4s
[2026-05-05T00:29:42+00:00]   done seed=1147 H=0.9 open_loop track=-6.583e-05 pred=-8.890e-05 lag1=0.473 wall=0.3s
[2026-05-05T00:29:42+00:00]   done seed=1147 H=0.9 closed_loop track=-4.496e-06 pred=-6.225e-05 lag1=0.473 wall=0.4s
[2026-05-05T00:29:43+00:00]   done seed=1184 H=0.9 open_loop track=-1.476e-04 pred=-1.540e-04 lag1=0.353 wall=0.3s
[2026-05-05T00:29:43+00:00]   done seed=1184 H=0.9 closed_loop track=-2.606e-05 pred=-3.769e-05 lag1=0.353 wall=0.4s
[2026-05-05T00:29:43+00:00]   done seed=1221 H=0.9 open_loop track=-1.153e-04 pred=-1.328e-04 lag1=0.251 wall=0.3s
[2026-05-05T00:29:44+00:00]   done seed=1221 H=0.9 closed_loop track=-1.656e-05 pred=-1.938e-05 lag1=0.251 wall=0.4s
[2026-05-05T00:29:44+00:00]   done seed=1258 H=0.9 open_loop track=-1.157e-04 pred=-1.268e-04 lag1=0.375 wall=0.3s
[2026-05-05T00:29:44+00:00]   done seed=1258 H=0.9 closed_loop track=-2.974e-06 pred=-4.415e-05 lag1=0.375 wall=0.4s
[2026-05-05T00:29:45+00:00]   done seed=1295 H=0.9 open_loop track=-1.182e-04 pred=-1.243e-04 lag1=0.377 wall=0.3s
[2026-05-05T00:29:45+00:00]   done seed=1295 H=0.9 closed_loop track=-8.282e-07 pred=-4.182e-05 lag1=0.377 wall=0.4s
[2026-05-05T00:29:45+00:00]   done seed=1332 H=0.9 open_loop track=-5.573e-05 pred=-6.108e-05 lag1=0.543 wall=0.3s
[2026-05-05T00:29:46+00:00]   done seed=1332 H=0.9 closed_loop track=-9.618e-06 pred=-2.977e-05 lag1=0.543 wall=0.4s
[2026-05-05T00:29:46+00:00]   done seed=1369 H=0.9 open_loop track=-1.037e-04 pred=-1.324e-04 lag1=0.466 wall=0.3s
[2026-05-05T00:29:46+00:00]   done seed=1369 H=0.9 closed_loop track=-1.203e-05 pred=-4.426e-05 lag1=0.466 wall=0.4s
[2026-05-05T00:29:47+00:00]   done seed=1406 H=0.9 open_loop track=-1.144e-04 pred=-1.223e-04 lag1=0.087 wall=0.3s
[2026-05-05T00:29:47+00:00]   done seed=1406 H=0.9 closed_loop track=-1.098e-05 pred=-5.783e-05 lag1=0.087 wall=0.4s
[2026-05-05T00:29:47+00:00]   done seed=1443 H=0.9 open_loop track=-9.087e-05 pred=-7.577e-05 lag1=0.204 wall=0.3s
[2026-05-05T00:29:48+00:00]   done seed=1443 H=0.9 closed_loop track=-8.483e-06 pred=-6.717e-05 lag1=0.204 wall=0.4s
[2026-05-05T00:29:48+00:00]   done seed=1480 H=0.9 open_loop track=-3.961e-05 pred=-5.858e-05 lag1=-0.038 wall=0.3s
[2026-05-05T00:29:48+00:00]   done seed=1480 H=0.9 closed_loop track=-1.035e-05 pred=-4.899e-05 lag1=-0.038 wall=0.4s
[2026-05-05T00:29:49+00:00]   done seed=1517 H=0.9 open_loop track=-1.212e-04 pred=-1.186e-04 lag1=0.593 wall=0.3s
[2026-05-05T00:29:49+00:00]   done seed=1517 H=0.9 closed_loop track=-1.045e-05 pred=-4.853e-05 lag1=0.593 wall=0.4s
[2026-05-05T00:29:49+00:00]   done seed=1554 H=0.9 open_loop track=-6.177e-05 pred=-7.102e-05 lag1=0.187 wall=0.3s
[2026-05-05T00:29:50+00:00]   done seed=1554 H=0.9 closed_loop track=-7.246e-06 pred=-4.921e-05 lag1=0.187 wall=0.4s
[2026-05-05T00:29:50+00:00]   done seed=1591 H=0.9 open_loop track=-9.899e-05 pred=-1.093e-04 lag1=0.365 wall=0.3s
[2026-05-05T00:29:50+00:00]   done seed=1591 H=0.9 closed_loop track=-1.761e-05 pred=-2.714e-05 lag1=0.365 wall=0.4s
[2026-05-05T00:29:51+00:00]   done seed=1628 H=0.9 open_loop track=-7.020e-05 pred=-8.727e-05 lag1=0.151 wall=0.3s
[2026-05-05T00:29:51+00:00]   done seed=1628 H=0.9 closed_loop track=-1.207e-05 pred=-4.860e-05 lag1=0.151 wall=0.4s
[2026-05-05T00:29:51+00:00]   done seed=1665 H=0.9 open_loop track=-6.735e-05 pred=-9.120e-05 lag1=0.392 wall=0.3s
[2026-05-05T00:29:52+00:00]   done seed=1665 H=0.9 closed_loop track=-1.479e-06 pred=-3.017e-05 lag1=0.392 wall=0.4s
[2026-05-05T00:29:52+00:00]   done seed=1702 H=0.9 open_loop track=-6.431e-05 pred=-7.587e-05 lag1=0.614 wall=0.3s
[2026-05-05T00:29:52+00:00]   done seed=1702 H=0.9 closed_loop track=-1.214e-05 pred=-4.837e-05 lag1=0.614 wall=0.4s
[2026-05-05T00:29:53+00:00]   done seed=1739 H=0.9 open_loop track=-9.831e-05 pred=-1.037e-04 lag1=0.571 wall=0.3s
[2026-05-05T00:29:53+00:00]   done seed=1739 H=0.9 closed_loop track=-4.955e-06 pred=-1.839e-05 lag1=0.571 wall=0.4s
[2026-05-05T00:29:53+00:00]   done seed=1776 H=0.9 open_loop track=-4.460e-05 pred=-6.137e-05 lag1=0.631 wall=0.3s
[2026-05-05T00:29:54+00:00]   done seed=1776 H=0.9 closed_loop track=-7.426e-06 pred=-4.190e-05 lag1=0.631 wall=0.4s
[2026-05-05T00:29:54+00:00]   done seed=1813 H=0.9 open_loop track=-1.038e-04 pred=-1.119e-04 lag1=-0.124 wall=0.3s
[2026-05-05T00:29:54+00:00]   done seed=1813 H=0.9 closed_loop track=-1.609e-05 pred=-2.430e-05 lag1=-0.124 wall=0.4s
[2026-05-05T00:29:55+00:00]   done seed=1850 H=0.9 open_loop track=-7.519e-05 pred=-7.297e-05 lag1=0.285 wall=0.3s
[2026-05-05T00:29:55+00:00]   done seed=1850 H=0.9 closed_loop track=-2.301e-06 pred=-5.915e-05 lag1=0.285 wall=0.4s
[2026-05-05T00:29:55+00:00]   done seed=1887 H=0.9 open_loop track=-7.868e-05 pred=-1.009e-04 lag1=-0.056 wall=0.3s
[2026-05-05T00:29:56+00:00]   done seed=1887 H=0.9 closed_loop track=-6.209e-06 pred=-1.809e-05 lag1=-0.056 wall=0.4s
[2026-05-05T00:29:56+00:00]   done seed=1924 H=0.9 open_loop track=-1.150e-04 pred=-1.430e-04 lag1=0.462 wall=0.3s
[2026-05-05T00:29:56+00:00]   done seed=1924 H=0.9 closed_loop track=-1.592e-06 pred=-6.399e-05 lag1=0.462 wall=0.4s
[2026-05-05T00:29:57+00:00]   done seed=1961 H=0.9 open_loop track=-2.267e-05 pred=-4.188e-05 lag1=0.094 wall=0.3s
[2026-05-05T00:29:57+00:00]   done seed=1961 H=0.9 closed_loop track=-2.089e-06 pred=-5.948e-05 lag1=0.094 wall=0.4s
[2026-05-05T00:29:57+00:00]   done seed=1998 H=0.9 open_loop track=-8.773e-05 pred=-8.774e-05 lag1=0.109 wall=0.3s
[2026-05-05T00:29:58+00:00]   done seed=1998 H=0.9 closed_loop track=-1.005e-05 pred=-4.030e-05 lag1=0.109 wall=0.4s
[2026-05-05T00:29:58+00:00]   done seed=2035 H=0.9 open_loop track=-8.432e-05 pred=-1.129e-04 lag1=0.383 wall=0.3s
[2026-05-05T00:29:59+00:00]   done seed=2035 H=0.9 closed_loop track=-5.479e-06 pred=-2.691e-05 lag1=0.383 wall=0.6s
[2026-05-05T00:29:59+00:00]   done seed=2072 H=0.9 open_loop track=-6.506e-05 pred=-8.384e-05 lag1=0.375 wall=0.3s
[2026-05-05T00:29:59+00:00]   done seed=2072 H=0.9 closed_loop track=-8.395e-06 pred=-3.357e-05 lag1=0.375 wall=0.4s
[2026-05-05T00:30:00+00:00]   done seed=2109 H=0.9 open_loop track=-5.937e-05 pred=-6.462e-05 lag1=-0.075 wall=0.3s
[2026-05-05T00:30:00+00:00]   done seed=2109 H=0.9 closed_loop track=-3.503e-06 pred=-5.339e-05 lag1=-0.075 wall=0.4s
[2026-05-05T00:30:00+00:00]   done seed=2146 H=0.9 open_loop track=-7.572e-05 pred=-1.052e-04 lag1=0.177 wall=0.3s
[2026-05-05T00:30:01+00:00]   done seed=2146 H=0.9 closed_loop track=-3.521e-06 pred=-3.290e-05 lag1=0.177 wall=0.4s
[2026-05-05T00:30:01+00:00]   done seed=2183 H=0.9 open_loop track=-1.526e-04 pred=-1.598e-04 lag1=0.565 wall=0.3s
[2026-05-05T00:30:01+00:00]   done seed=2183 H=0.9 closed_loop track=-1.019e-06 pred=-2.890e-05 lag1=0.565 wall=0.4s
[2026-05-05T00:30:02+00:00]   done seed=2220 H=0.9 open_loop track=-1.978e-04 pred=-1.992e-04 lag1=0.576 wall=0.3s
[2026-05-05T00:30:02+00:00]   done seed=2220 H=0.9 closed_loop track=-1.306e-05 pred=-3.493e-05 lag1=0.576 wall=0.4s
[2026-05-05T00:30:02+00:00]   done seed=2257 H=0.9 open_loop track=-9.009e-05 pred=-1.072e-04 lag1=0.061 wall=0.3s
[2026-05-05T00:30:03+00:00]   done seed=2257 H=0.9 closed_loop track=-3.810e-06 pred=-1.000e-05 lag1=0.061 wall=0.4s
[2026-05-05T00:30:03+00:00]   done seed=2294 H=0.9 open_loop track=-1.308e-04 pred=-1.462e-04 lag1=-0.145 wall=0.3s
[2026-05-05T00:30:03+00:00]   done seed=2294 H=0.9 closed_loop track=-7.648e-06 pred=-4.320e-05 lag1=-0.145 wall=0.4s
[2026-05-05T00:30:04+00:00]   done seed=2331 H=0.9 open_loop track=-7.873e-05 pred=-8.239e-05 lag1=0.555 wall=0.3s
[2026-05-05T00:30:04+00:00]   done seed=2331 H=0.9 closed_loop track=-7.887e-06 pred=-3.929e-05 lag1=0.555 wall=0.4s
[2026-05-05T00:30:04+00:00]   done seed=2368 H=0.9 open_loop track=-1.412e-04 pred=-1.604e-04 lag1=-0.174 wall=0.3s
[2026-05-05T00:30:05+00:00]   done seed=2368 H=0.9 closed_loop track=-1.559e-05 pred=-5.334e-05 lag1=-0.174 wall=0.4s
[2026-05-05T00:30:05+00:00]   done seed=2405 H=0.9 open_loop track=-6.734e-05 pred=-7.485e-05 lag1=0.273 wall=0.3s
[2026-05-05T00:30:05+00:00]   done seed=2405 H=0.9 closed_loop track=-1.028e-05 pred=-3.659e-05 lag1=0.273 wall=0.4s
[2026-05-05T00:30:06+00:00]   done seed=2442 H=0.9 open_loop track=-1.407e-04 pred=-1.504e-04 lag1=0.092 wall=0.3s
[2026-05-05T00:30:06+00:00]   done seed=2442 H=0.9 closed_loop track=-1.533e-05 pred=-2.308e-05 lag1=0.092 wall=0.4s
[2026-05-05T00:30:06+00:00]   done seed=2479 H=0.9 open_loop track=-1.602e-04 pred=-1.721e-04 lag1=0.145 wall=0.3s
[2026-05-05T00:30:07+00:00]   done seed=2479 H=0.9 closed_loop track=-1.235e-05 pred=-4.119e-05 lag1=0.145 wall=0.4s
[2026-05-05T00:30:07+00:00]   done seed=2516 H=0.9 open_loop track=-2.709e-05 pred=-5.538e-05 lag1=0.597 wall=0.3s
[2026-05-05T00:30:07+00:00]   done seed=2516 H=0.9 closed_loop track=-3.115e-06 pred=-3.511e-05 lag1=0.597 wall=0.4s
[2026-05-05T00:30:08+00:00]   done seed=2553 H=0.9 open_loop track=-6.355e-05 pred=-7.211e-05 lag1=0.100 wall=0.3s
[2026-05-05T00:30:08+00:00]   done seed=2553 H=0.9 closed_loop track=-1.279e-05 pred=-2.311e-05 lag1=0.100 wall=0.4s
[2026-05-05T00:30:08+00:00]   done seed=2590 H=0.9 open_loop track=-1.006e-04 pred=-1.129e-04 lag1=0.599 wall=0.3s
[2026-05-05T00:30:09+00:00]   done seed=2590 H=0.9 closed_loop track=-8.774e-06 pred=-3.905e-05 lag1=0.599 wall=0.4s
[2026-05-05T00:30:09+00:00]   done seed=2627 H=0.9 open_loop track=-6.537e-05 pred=-7.216e-05 lag1=-0.025 wall=0.3s
[2026-05-05T00:30:09+00:00]   done seed=2627 H=0.9 closed_loop track=-5.477e-06 pred=-3.491e-05 lag1=-0.025 wall=0.4s
[2026-05-05T00:30:10+00:00]   done seed=2664 H=0.9 open_loop track=-6.970e-05 pred=-8.138e-05 lag1=0.499 wall=0.3s
[2026-05-05T00:30:10+00:00]   done seed=2664 H=0.9 closed_loop track=-5.440e-06 pred=-4.104e-05 lag1=0.499 wall=0.4s
[2026-05-05T00:30:10+00:00]   done seed=2701 H=0.9 open_loop track=-9.495e-05 pred=-9.681e-05 lag1=0.000 wall=0.3s
[2026-05-05T00:30:11+00:00]   done seed=2701 H=0.9 closed_loop track=-6.340e-06 pred=-1.589e-05 lag1=0.000 wall=0.4s
[2026-05-05T00:30:11+00:00]   done seed=2738 H=0.9 open_loop track=-6.600e-05 pred=-9.523e-05 lag1=0.306 wall=0.3s
[2026-05-05T00:30:11+00:00]   done seed=2738 H=0.9 closed_loop track=-6.129e-06 pred=-4.293e-05 lag1=0.306 wall=0.4s
[2026-05-05T00:30:12+00:00]   done seed=2775 H=0.9 open_loop track=-7.247e-05 pred=-6.976e-05 lag1=-0.047 wall=0.3s
[2026-05-05T00:30:12+00:00]   done seed=2775 H=0.9 closed_loop track=-4.794e-06 pred=-3.595e-05 lag1=-0.047 wall=0.4s
[2026-05-05T00:30:12+00:00]   done seed=2812 H=0.9 open_loop track=-1.356e-04 pred=-1.367e-04 lag1=0.203 wall=0.3s
[2026-05-05T00:30:13+00:00]   done seed=2812 H=0.9 closed_loop track=-8.987e-06 pred=-5.327e-05 lag1=0.203 wall=0.4s
[2026-05-05T00:30:13+00:00]   done seed=2849 H=0.9 open_loop track=-1.659e-04 pred=-1.827e-04 lag1=0.644 wall=0.3s
[2026-05-05T00:30:13+00:00]   done seed=2849 H=0.9 closed_loop track=-8.199e-06 pred=-4.221e-05 lag1=0.644 wall=0.4s
[2026-05-05T00:30:14+00:00]   done seed=2886 H=0.9 open_loop track=-1.306e-04 pred=-1.354e-04 lag1=0.247 wall=0.3s
[2026-05-05T00:30:14+00:00]   done seed=2886 H=0.9 closed_loop track=-1.338e-05 pred=-5.490e-05 lag1=0.247 wall=0.4s
[2026-05-05T00:30:14+00:00]   done seed=2923 H=0.9 open_loop track=-2.633e-05 pred=-4.119e-05 lag1=0.669 wall=0.3s
[2026-05-05T00:30:15+00:00]   done seed=2923 H=0.9 closed_loop track=-3.444e-06 pred=-3.182e-05 lag1=0.669 wall=0.4s
[2026-05-05T00:30:15+00:00]   done seed=2960 H=0.9 open_loop track=-9.321e-05 pred=-7.536e-05 lag1=0.272 wall=0.3s
[2026-05-05T00:30:15+00:00]   done seed=2960 H=0.9 closed_loop track=-2.203e-05 pred=-5.339e-05 lag1=0.272 wall=0.4s
[2026-05-05T00:30:16+00:00]   done seed=2997 H=0.9 open_loop track=-1.960e-04 pred=-2.152e-04 lag1=0.804 wall=0.3s
[2026-05-05T00:30:16+00:00]   done seed=2997 H=0.9 closed_loop track=-1.307e-05 pred=-3.762e-05 lag1=0.804 wall=0.4s
[2026-05-05T00:30:16+00:00]   done seed=3034 H=0.9 open_loop track=-8.692e-05 pred=-9.368e-05 lag1=0.191 wall=0.3s
[2026-05-05T00:30:17+00:00]   done seed=3034 H=0.9 closed_loop track=-3.626e-06 pred=-1.174e-05 lag1=0.191 wall=0.4s
[2026-05-05T00:30:17+00:00]   done seed=3071 H=0.9 open_loop track=-5.914e-05 pred=-7.246e-05 lag1=0.502 wall=0.3s
[2026-05-05T00:30:17+00:00]   done seed=3071 H=0.9 closed_loop track=-1.022e-05 pred=-3.556e-05 lag1=0.502 wall=0.4s
[2026-05-05T00:30:18+00:00]   done seed=3108 H=0.9 open_loop track=-6.793e-05 pred=-7.248e-05 lag1=0.298 wall=0.3s
[2026-05-05T00:30:18+00:00]   done seed=3108 H=0.9 closed_loop track=-1.723e-05 pred=-2.613e-05 lag1=0.298 wall=0.4s
[2026-05-05T00:30:18+00:00]   done seed=3145 H=0.9 open_loop track=-1.226e-04 pred=-1.298e-04 lag1=0.475 wall=0.3s
[2026-05-05T00:30:19+00:00]   done seed=3145 H=0.9 closed_loop track=-1.553e-05 pred=-1.985e-05 lag1=0.475 wall=0.4s
[2026-05-05T00:30:19+00:00]   done seed=3182 H=0.9 open_loop track=-5.383e-05 pred=-6.279e-05 lag1=0.563 wall=0.3s
[2026-05-05T00:30:19+00:00]   done seed=3182 H=0.9 closed_loop track=-3.127e-06 pred=-2.043e-05 lag1=0.563 wall=0.4s
[2026-05-05T00:30:20+00:00]   done seed=3219 H=0.9 open_loop track=-6.272e-05 pred=-8.071e-05 lag1=0.146 wall=0.3s
[2026-05-05T00:30:20+00:00]   done seed=3219 H=0.9 closed_loop track=-2.085e-06 pred=-5.732e-05 lag1=0.146 wall=0.4s
[2026-05-05T00:30:20+00:00]   done seed=3256 H=0.9 open_loop track=-7.379e-05 pred=-7.909e-05 lag1=0.634 wall=0.3s
[2026-05-05T00:30:21+00:00]   done seed=3256 H=0.9 closed_loop track=-6.651e-06 pred=-3.513e-05 lag1=0.634 wall=0.4s
[2026-05-05T00:30:21+00:00]   done seed=3293 H=0.9 open_loop track=-5.846e-05 pred=-7.806e-05 lag1=0.292 wall=0.3s
[2026-05-05T00:30:21+00:00]   done seed=3293 H=0.9 closed_loop track=-4.300e-06 pred=-2.371e-05 lag1=0.292 wall=0.4s
[2026-05-05T00:30:22+00:00]   done seed=3330 H=0.9 open_loop track=-4.683e-05 pred=-5.328e-05 lag1=0.628 wall=0.3s
[2026-05-05T00:30:22+00:00]   done seed=3330 H=0.9 closed_loop track=-4.258e-06 pred=-3.896e-05 lag1=0.628 wall=0.4s
[2026-05-05T00:30:22+00:00]   done seed=3367 H=0.9 open_loop track=-1.144e-04 pred=-1.216e-04 lag1=0.189 wall=0.3s
[2026-05-05T00:30:23+00:00]   done seed=3367 H=0.9 closed_loop track=-1.068e-05 pred=-2.863e-05 lag1=0.189 wall=0.4s
[2026-05-05T00:30:23+00:00]   done seed=3404 H=0.9 open_loop track=-7.205e-05 pred=-9.928e-05 lag1=0.219 wall=0.3s
[2026-05-05T00:30:23+00:00]   done seed=3404 H=0.9 closed_loop track=-5.522e-06 pred=-3.687e-05 lag1=0.219 wall=0.4s
[2026-05-05T00:30:24+00:00]   done seed=3441 H=0.9 open_loop track=-2.532e-05 pred=-3.633e-05 lag1=0.226 wall=0.3s
[2026-05-05T00:30:24+00:00]   done seed=3441 H=0.9 closed_loop track=-5.117e-06 pred=-2.766e-05 lag1=0.226 wall=0.4s
[2026-05-05T00:30:24+00:00]   done seed=3478 H=0.9 open_loop track=-4.884e-05 pred=-6.059e-05 lag1=0.308 wall=0.3s
[2026-05-05T00:30:25+00:00]   done seed=3478 H=0.9 closed_loop track=-4.252e-06 pred=-3.314e-05 lag1=0.308 wall=0.4s
[2026-05-05T00:30:25+00:00]   done seed=3515 H=0.9 open_loop track=-5.906e-05 pred=-7.069e-05 lag1=0.048 wall=0.3s
[2026-05-05T00:30:25+00:00]   done seed=3515 H=0.9 closed_loop track=-1.038e-05 pred=-3.615e-05 lag1=0.048 wall=0.4s
[2026-05-05T00:30:26+00:00]   done seed=3552 H=0.9 open_loop track=-8.666e-05 pred=-1.107e-04 lag1=0.626 wall=0.3s
[2026-05-05T00:30:26+00:00]   done seed=3552 H=0.9 closed_loop track=-7.984e-06 pred=-6.245e-05 lag1=0.626 wall=0.4s
[2026-05-05T00:30:26+00:00]   done seed=3589 H=0.9 open_loop track=-1.326e-04 pred=-1.362e-04 lag1=0.314 wall=0.3s
[2026-05-05T00:30:27+00:00]   done seed=3589 H=0.9 closed_loop track=-1.030e-05 pred=-2.687e-05 lag1=0.314 wall=0.4s
[2026-05-05T00:30:27+00:00]   done seed=3626 H=0.9 open_loop track=-8.299e-05 pred=-8.981e-05 lag1=0.263 wall=0.3s
[2026-05-05T00:30:27+00:00]   done seed=3626 H=0.9 closed_loop track=-1.814e-05 pred=-2.782e-05 lag1=0.263 wall=0.4s
[2026-05-05T00:30:28+00:00]   done seed=3663 H=0.9 open_loop track=-5.318e-05 pred=-5.951e-05 lag1=0.562 wall=0.3s
[2026-05-05T00:30:28+00:00]   done seed=3663 H=0.9 closed_loop track=-2.373e-06 pred=-1.751e-05 lag1=0.562 wall=0.4s
[2026-05-05T00:30:28+00:00] block 12 complete: total wall 267.7s
