[2026-05-05T05:20:44+00:00] block 13 step-16 STDP sweep: rate=1.0, init_v=1.0+/-0.3, N=100 seeds
[2026-05-05T05:20:44+00:00] device: gpu / cuda:0
[2026-05-05T05:20:44+00:00] already complete: 0 / 100
[2026-05-05T05:20:48+00:00]   done seed=0 fit_before=-2.586e-04 fit_after=-2.214e-04 improvement=+14.37% wall=4.1s
[2026-05-05T05:20:50+00:00]   done seed=37 fit_before=-2.536e-04 fit_after=-2.162e-04 improvement=+14.73% wall=1.4s
[2026-05-05T05:20:51+00:00]   done seed=74 fit_before=-2.628e-04 fit_after=-2.251e-04 improvement=+14.37% wall=1.4s
[2026-05-05T05:20:53+00:00]   done seed=111 fit_before=-2.651e-04 fit_after=-2.228e-04 improvement=+15.98% wall=1.4s
[2026-05-05T05:20:54+00:00]   done seed=148 fit_before=-2.646e-04 fit_after=-2.265e-04 improvement=+14.40% wall=1.3s
[2026-05-05T05:20:55+00:00]   done seed=185 fit_before=-2.591e-04 fit_after=-2.202e-04 improvement=+15.03% wall=1.4s
[2026-05-05T05:20:57+00:00]   done seed=222 fit_before=-2.790e-04 fit_after=-2.382e-04 improvement=+14.63% wall=1.4s
[2026-05-05T05:20:58+00:00]   done seed=259 fit_before=-2.596e-04 fit_after=-2.149e-04 improvement=+17.22% wall=1.5s
[2026-05-05T05:21:00+00:00]   done seed=296 fit_before=-2.710e-04 fit_after=-2.220e-04 improvement=+18.09% wall=1.4s
[2026-05-05T05:21:01+00:00]   done seed=333 fit_before=-2.634e-04 fit_after=-2.227e-04 improvement=+15.45% wall=1.4s
[2026-05-05T05:21:02+00:00]   done seed=370 fit_before=-2.625e-04 fit_after=-2.180e-04 improvement=+16.95% wall=1.4s
[2026-05-05T05:21:04+00:00]   done seed=407 fit_before=-2.588e-04 fit_after=-2.203e-04 improvement=+14.86% wall=1.4s
[2026-05-05T05:21:05+00:00]   done seed=444 fit_before=-2.630e-04 fit_after=-2.196e-04 improvement=+16.50% wall=1.6s
[2026-05-05T05:21:07+00:00]   done seed=481 fit_before=-2.787e-04 fit_after=-2.324e-04 improvement=+16.62% wall=1.6s
[2026-05-05T05:21:09+00:00]   done seed=518 fit_before=-2.670e-04 fit_after=-2.215e-04 improvement=+17.07% wall=1.7s
[2026-05-05T05:21:11+00:00]   done seed=555 fit_before=-2.636e-04 fit_after=-2.271e-04 improvement=+13.84% wall=2.3s
[2026-05-05T05:21:13+00:00]   done seed=592 fit_before=-2.650e-04 fit_after=-2.252e-04 improvement=+15.03% wall=1.6s
[2026-05-05T05:21:14+00:00]   done seed=629 fit_before=-2.696e-04 fit_after=-2.288e-04 improvement=+15.13% wall=1.4s
[2026-05-05T05:21:15+00:00]   done seed=666 fit_before=-2.740e-04 fit_after=-2.300e-04 improvement=+16.07% wall=1.4s
[2026-05-05T05:21:17+00:00]   done seed=703 fit_before=-2.761e-04 fit_after=-2.304e-04 improvement=+16.54% wall=1.4s
[2026-05-05T05:21:18+00:00]   done seed=740 fit_before=-2.793e-04 fit_after=-2.355e-04 improvement=+15.71% wall=1.4s
[2026-05-05T05:21:20+00:00]   done seed=777 fit_before=-2.610e-04 fit_after=-2.249e-04 improvement=+13.81% wall=1.4s
[2026-05-05T05:21:21+00:00]   done seed=814 fit_before=-2.573e-04 fit_after=-2.170e-04 improvement=+15.65% wall=1.4s
[2026-05-05T05:21:22+00:00]   done seed=851 fit_before=-2.626e-04 fit_after=-2.212e-04 improvement=+15.77% wall=1.4s
[2026-05-05T05:21:24+00:00]   done seed=888 fit_before=-2.604e-04 fit_after=-2.194e-04 improvement=+15.74% wall=1.4s
[2026-05-05T05:21:25+00:00]   done seed=925 fit_before=-2.750e-04 fit_after=-2.270e-04 improvement=+17.45% wall=1.5s
[2026-05-05T05:21:27+00:00]   done seed=962 fit_before=-2.718e-04 fit_after=-2.289e-04 improvement=+15.80% wall=1.5s
[2026-05-05T05:21:28+00:00]   done seed=999 fit_before=-2.604e-04 fit_after=-2.201e-04 improvement=+15.46% wall=1.4s
[2026-05-05T05:21:30+00:00]   done seed=1036 fit_before=-2.673e-04 fit_after=-2.234e-04 improvement=+16.42% wall=1.4s
[2026-05-05T05:21:31+00:00]   done seed=1073 fit_before=-2.742e-04 fit_after=-2.339e-04 improvement=+14.70% wall=1.4s
[2026-05-05T05:21:32+00:00]   done seed=1110 fit_before=-2.652e-04 fit_after=-2.302e-04 improvement=+13.21% wall=1.4s
[2026-05-05T05:21:34+00:00]   done seed=1147 fit_before=-2.722e-04 fit_after=-2.252e-04 improvement=+17.27% wall=1.4s
[2026-05-05T05:21:35+00:00]   done seed=1184 fit_before=-2.884e-04 fit_after=-2.392e-04 improvement=+17.08% wall=1.4s
[2026-05-05T05:21:37+00:00]   done seed=1221 fit_before=-2.685e-04 fit_after=-2.327e-04 improvement=+13.32% wall=1.5s
[2026-05-05T05:21:39+00:00]   done seed=1258 fit_before=-2.669e-04 fit_after=-2.256e-04 improvement=+15.47% wall=2.2s
[2026-05-05T05:21:41+00:00]   done seed=1295 fit_before=-2.774e-04 fit_after=-2.348e-04 improvement=+15.34% wall=1.7s
[2026-05-05T05:21:42+00:00]   done seed=1332 fit_before=-2.709e-04 fit_after=-2.296e-04 improvement=+15.24% wall=1.4s
[2026-05-05T05:21:44+00:00]   done seed=1369 fit_before=-2.703e-04 fit_after=-2.216e-04 improvement=+18.01% wall=1.5s
[2026-05-05T05:21:45+00:00]   done seed=1406 fit_before=-2.669e-04 fit_after=-2.235e-04 improvement=+16.28% wall=1.5s
[2026-05-05T05:21:47+00:00]   done seed=1443 fit_before=-2.658e-04 fit_after=-2.151e-04 improvement=+19.08% wall=1.5s
[2026-05-05T05:21:48+00:00]   done seed=1480 fit_before=-2.652e-04 fit_after=-2.214e-04 improvement=+16.55% wall=1.5s
[2026-05-05T05:21:50+00:00]   done seed=1517 fit_before=-2.911e-04 fit_after=-2.401e-04 improvement=+17.52% wall=1.5s
[2026-05-05T05:21:51+00:00]   done seed=1554 fit_before=-2.771e-04 fit_after=-2.289e-04 improvement=+17.37% wall=1.5s
[2026-05-05T05:21:53+00:00]   done seed=1591 fit_before=-2.596e-04 fit_after=-2.182e-04 improvement=+15.94% wall=1.5s
[2026-05-05T05:21:54+00:00]   done seed=1628 fit_before=-2.840e-04 fit_after=-2.349e-04 improvement=+17.27% wall=1.6s
[2026-05-05T05:21:56+00:00]   done seed=1665 fit_before=-2.580e-04 fit_after=-2.191e-04 improvement=+15.08% wall=1.5s
[2026-05-05T05:21:57+00:00]   done seed=1702 fit_before=-2.718e-04 fit_after=-2.298e-04 improvement=+15.48% wall=1.6s
[2026-05-05T05:21:59+00:00]   done seed=1739 fit_before=-2.807e-04 fit_after=-2.374e-04 improvement=+15.45% wall=1.5s
[2026-05-05T05:22:00+00:00]   done seed=1776 fit_before=-2.739e-04 fit_after=-2.263e-04 improvement=+17.36% wall=1.4s
[2026-05-05T05:22:02+00:00]   done seed=1813 fit_before=-2.717e-04 fit_after=-2.317e-04 improvement=+14.72% wall=1.4s
[2026-05-05T05:22:03+00:00]   done seed=1850 fit_before=-2.713e-04 fit_after=-2.306e-04 improvement=+15.02% wall=1.4s
[2026-05-05T05:22:05+00:00]   done seed=1887 fit_before=-2.807e-04 fit_after=-2.433e-04 improvement=+13.33% wall=1.4s
[2026-05-05T05:22:06+00:00]   done seed=1924 fit_before=-2.619e-04 fit_after=-2.225e-04 improvement=+15.02% wall=1.5s
[2026-05-05T05:22:07+00:00]   done seed=1961 fit_before=-2.701e-04 fit_after=-2.281e-04 improvement=+15.53% wall=1.4s
[2026-05-05T05:22:09+00:00]   done seed=1998 fit_before=-2.701e-04 fit_after=-2.260e-04 improvement=+16.31% wall=1.4s
[2026-05-05T05:22:10+00:00]   done seed=2035 fit_before=-2.793e-04 fit_after=-2.231e-04 improvement=+20.12% wall=1.4s
[2026-05-05T05:22:12+00:00]   done seed=2072 fit_before=-2.737e-04 fit_after=-2.319e-04 improvement=+15.26% wall=1.4s
[2026-05-05T05:22:13+00:00]   done seed=2109 fit_before=-2.603e-04 fit_after=-2.218e-04 improvement=+14.78% wall=1.4s
[2026-05-05T05:22:15+00:00]   done seed=2146 fit_before=-2.749e-04 fit_after=-2.255e-04 improvement=+17.99% wall=1.4s
[2026-05-05T05:22:16+00:00]   done seed=2183 fit_before=-2.715e-04 fit_after=-2.256e-04 improvement=+16.92% wall=1.4s
[2026-05-05T05:22:17+00:00]   done seed=2220 fit_before=-2.653e-04 fit_after=-2.249e-04 improvement=+15.24% wall=1.4s
[2026-05-05T05:22:19+00:00]   done seed=2257 fit_before=-2.658e-04 fit_after=-2.268e-04 improvement=+14.67% wall=1.5s
[2026-05-05T05:22:20+00:00]   done seed=2294 fit_before=-2.642e-04 fit_after=-2.254e-04 improvement=+14.70% wall=1.4s
[2026-05-05T05:22:22+00:00]   done seed=2331 fit_before=-2.678e-04 fit_after=-2.228e-04 improvement=+16.79% wall=1.4s
[2026-05-05T05:22:23+00:00]   done seed=2368 fit_before=-2.771e-04 fit_after=-2.332e-04 improvement=+15.86% wall=1.4s
[2026-05-05T05:22:24+00:00]   done seed=2405 fit_before=-2.681e-04 fit_after=-2.200e-04 improvement=+17.94% wall=1.4s
[2026-05-05T05:22:26+00:00]   done seed=2442 fit_before=-2.756e-04 fit_after=-2.295e-04 improvement=+16.73% wall=1.4s
[2026-05-05T05:22:27+00:00]   done seed=2479 fit_before=-2.569e-04 fit_after=-2.185e-04 improvement=+14.97% wall=1.4s
[2026-05-05T05:22:29+00:00]   done seed=2516 fit_before=-2.745e-04 fit_after=-2.258e-04 improvement=+17.77% wall=1.4s
[2026-05-05T05:22:30+00:00]   done seed=2553 fit_before=-2.639e-04 fit_after=-2.237e-04 improvement=+15.25% wall=1.4s
[2026-05-05T05:22:32+00:00]   done seed=2590 fit_before=-2.784e-04 fit_after=-2.348e-04 improvement=+15.65% wall=1.4s
[2026-05-05T05:22:33+00:00]   done seed=2627 fit_before=-2.675e-04 fit_after=-2.234e-04 improvement=+16.47% wall=1.4s
[2026-05-05T05:22:34+00:00]   done seed=2664 fit_before=-2.767e-04 fit_after=-2.280e-04 improvement=+17.58% wall=1.4s
[2026-05-05T05:22:36+00:00]   done seed=2701 fit_before=-2.787e-04 fit_after=-2.350e-04 improvement=+15.70% wall=1.5s
[2026-05-05T05:22:37+00:00]   done seed=2738 fit_before=-2.729e-04 fit_after=-2.293e-04 improvement=+15.97% wall=1.6s
[2026-05-05T05:22:39+00:00]   done seed=2775 fit_before=-2.824e-04 fit_after=-2.368e-04 improvement=+16.14% wall=1.5s
[2026-05-05T05:22:40+00:00]   done seed=2812 fit_before=-2.626e-04 fit_after=-2.215e-04 improvement=+15.64% wall=1.5s
[2026-05-05T05:22:42+00:00]   done seed=2849 fit_before=-2.708e-04 fit_after=-2.236e-04 improvement=+17.42% wall=1.5s
[2026-05-05T05:22:44+00:00]   done seed=2886 fit_before=-2.657e-04 fit_after=-2.226e-04 improvement=+16.21% wall=1.6s
[2026-05-05T05:22:45+00:00]   done seed=2923 fit_before=-2.734e-04 fit_after=-2.285e-04 improvement=+16.44% wall=1.5s
[2026-05-05T05:22:47+00:00]   done seed=2960 fit_before=-2.641e-04 fit_after=-2.233e-04 improvement=+15.45% wall=1.5s
[2026-05-05T05:22:48+00:00]   done seed=2997 fit_before=-2.701e-04 fit_after=-2.289e-04 improvement=+15.25% wall=1.6s
[2026-05-05T05:22:50+00:00]   done seed=3034 fit_before=-2.700e-04 fit_after=-2.257e-04 improvement=+16.43% wall=1.6s
[2026-05-05T05:22:51+00:00]   done seed=3071 fit_before=-2.688e-04 fit_after=-2.266e-04 improvement=+15.72% wall=1.5s
[2026-05-05T05:22:53+00:00]   done seed=3108 fit_before=-2.658e-04 fit_after=-2.231e-04 improvement=+16.06% wall=1.5s
[2026-05-05T05:22:54+00:00]   done seed=3145 fit_before=-2.544e-04 fit_after=-2.157e-04 improvement=+15.22% wall=1.6s
[2026-05-05T05:22:56+00:00]   done seed=3182 fit_before=-2.716e-04 fit_after=-2.309e-04 improvement=+14.96% wall=1.5s
[2026-05-05T05:22:57+00:00]   done seed=3219 fit_before=-2.832e-04 fit_after=-2.345e-04 improvement=+17.21% wall=1.5s
[2026-05-05T05:22:59+00:00]   done seed=3256 fit_before=-2.814e-04 fit_after=-2.271e-04 improvement=+19.29% wall=1.5s
[2026-05-05T05:23:00+00:00]   done seed=3293 fit_before=-2.655e-04 fit_after=-2.219e-04 improvement=+16.43% wall=1.5s
[2026-05-05T05:23:02+00:00]   done seed=3330 fit_before=-2.697e-04 fit_after=-2.346e-04 improvement=+13.05% wall=1.5s
[2026-05-05T05:23:03+00:00]   done seed=3367 fit_before=-2.625e-04 fit_after=-2.140e-04 improvement=+18.48% wall=1.6s
[2026-05-05T05:23:05+00:00]   done seed=3404 fit_before=-2.574e-04 fit_after=-2.227e-04 improvement=+13.50% wall=1.4s
[2026-05-05T05:23:06+00:00]   done seed=3441 fit_before=-2.543e-04 fit_after=-2.133e-04 improvement=+16.15% wall=1.5s
[2026-05-05T05:23:08+00:00]   done seed=3478 fit_before=-2.660e-04 fit_after=-2.197e-04 improvement=+17.38% wall=1.6s
[2026-05-05T05:23:09+00:00]   done seed=3515 fit_before=-2.681e-04 fit_after=-2.198e-04 improvement=+18.01% wall=1.4s
[2026-05-05T05:23:11+00:00]   done seed=3552 fit_before=-2.532e-04 fit_after=-2.134e-04 improvement=+15.73% wall=1.5s
[2026-05-05T05:23:12+00:00]   done seed=3589 fit_before=-2.608e-04 fit_after=-2.155e-04 improvement=+17.38% wall=1.6s
[2026-05-05T05:23:14+00:00]   done seed=3626 fit_before=-2.566e-04 fit_after=-2.186e-04 improvement=+14.84% wall=1.8s
[2026-05-05T05:23:15+00:00]   done seed=3663 fit_before=-2.622e-04 fit_after=-2.253e-04 improvement=+14.06% wall=1.5s
[2026-05-05T05:23:15+00:00] block 13 complete: total wall 151.1s
