[2026-05-01T06:41:27+00:00] block 10 N=100 E/I sweep: i_mults=[4.0, 8.0], i_frac=0.2, T=2000, gain=50.0, N=100 seeds
[2026-05-01T06:41:27+00:00] device: gpu / cuda:0
[2026-05-01T06:41:27+00:00] already complete: 0 / 400
[2026-05-01T06:41:29+00:00]   done seed=0 i_mult=4.0 open_loop fitness=-1.566e-04 wall=0.4s
[2026-05-01T06:41:29+00:00]   done seed=0 i_mult=4.0 closed_loop fitness=-5.595e-05 wall=0.4s
[2026-05-01T06:41:29+00:00]   done seed=37 i_mult=4.0 open_loop fitness=-1.555e-04 wall=0.3s
[2026-05-01T06:41:29+00:00]   done seed=37 i_mult=4.0 closed_loop fitness=-5.595e-05 wall=0.3s
[2026-05-01T06:41:30+00:00]   done seed=74 i_mult=4.0 open_loop fitness=-1.562e-04 wall=0.3s
[2026-05-01T06:41:30+00:00]   done seed=74 i_mult=4.0 closed_loop fitness=-5.595e-05 wall=0.4s
[2026-05-01T06:41:31+00:00]   done seed=111 i_mult=4.0 open_loop fitness=-1.550e-04 wall=0.3s
[2026-05-01T06:41:31+00:00]   done seed=111 i_mult=4.0 closed_loop fitness=-5.595e-05 wall=0.3s
[2026-05-01T06:41:31+00:00]   done seed=148 i_mult=4.0 open_loop fitness=-1.571e-04 wall=0.3s
[2026-05-01T06:41:31+00:00]   done seed=148 i_mult=4.0 closed_loop fitness=-5.595e-05 wall=0.3s
[2026-05-01T06:41:32+00:00]   done seed=185 i_mult=4.0 open_loop fitness=-1.560e-04 wall=0.3s
[2026-05-01T06:41:32+00:00]   done seed=185 i_mult=4.0 closed_loop fitness=-5.595e-05 wall=0.3s
[2026-05-01T06:41:33+00:00]   done seed=222 i_mult=4.0 open_loop fitness=-1.546e-04 wall=0.3s
[2026-05-01T06:41:33+00:00]   done seed=222 i_mult=4.0 closed_loop fitness=-5.595e-05 wall=0.3s
[2026-05-01T06:41:33+00:00]   done seed=259 i_mult=4.0 open_loop fitness=-1.567e-04 wall=0.3s
[2026-05-01T06:41:33+00:00]   done seed=259 i_mult=4.0 closed_loop fitness=-5.595e-05 wall=0.3s
[2026-05-01T06:41:34+00:00]   done seed=296 i_mult=4.0 open_loop fitness=-1.553e-04 wall=0.3s
[2026-05-01T06:41:34+00:00]   done seed=296 i_mult=4.0 closed_loop fitness=-5.595e-05 wall=0.3s
[2026-05-01T06:41:34+00:00]   done seed=333 i_mult=4.0 open_loop fitness=-1.555e-04 wall=0.3s
[2026-05-01T06:41:34+00:00]   done seed=333 i_mult=4.0 closed_loop fitness=-5.595e-05 wall=0.3s
[2026-05-01T06:41:35+00:00]   done seed=370 i_mult=4.0 open_loop fitness=-1.552e-04 wall=0.3s
[2026-05-01T06:41:35+00:00]   done seed=370 i_mult=4.0 closed_loop fitness=-5.595e-05 wall=0.3s
[2026-05-01T06:41:36+00:00]   done seed=407 i_mult=4.0 open_loop fitness=-1.554e-04 wall=0.3s
[2026-05-01T06:41:36+00:00]   done seed=407 i_mult=4.0 closed_loop fitness=-5.595e-05 wall=0.3s
[2026-05-01T06:41:36+00:00]   done seed=444 i_mult=4.0 open_loop fitness=-1.552e-04 wall=0.3s
[2026-05-01T06:41:36+00:00]   done seed=444 i_mult=4.0 closed_loop fitness=-5.595e-05 wall=0.3s
[2026-05-01T06:41:37+00:00]   done seed=481 i_mult=4.0 open_loop fitness=-1.549e-04 wall=0.3s
[2026-05-01T06:41:37+00:00]   done seed=481 i_mult=4.0 closed_loop fitness=-5.595e-05 wall=0.3s
[2026-05-01T06:41:38+00:00]   done seed=518 i_mult=4.0 open_loop fitness=-1.540e-04 wall=0.3s
[2026-05-01T06:41:38+00:00]   done seed=518 i_mult=4.0 closed_loop fitness=-5.595e-05 wall=0.4s
[2026-05-01T06:41:38+00:00]   done seed=555 i_mult=4.0 open_loop fitness=-1.545e-04 wall=0.3s
[2026-05-01T06:41:38+00:00]   done seed=555 i_mult=4.0 closed_loop fitness=-5.595e-05 wall=0.4s
[2026-05-01T06:41:39+00:00]   done seed=592 i_mult=4.0 open_loop fitness=-1.550e-04 wall=0.3s
[2026-05-01T06:41:39+00:00]   done seed=592 i_mult=4.0 closed_loop fitness=-5.595e-05 wall=0.3s
[2026-05-01T06:41:40+00:00]   done seed=629 i_mult=4.0 open_loop fitness=-1.548e-04 wall=0.3s
[2026-05-01T06:41:40+00:00]   done seed=629 i_mult=4.0 closed_loop fitness=-5.595e-05 wall=0.3s
[2026-05-01T06:41:40+00:00]   done seed=666 i_mult=4.0 open_loop fitness=-1.573e-04 wall=0.3s
[2026-05-01T06:41:40+00:00]   done seed=666 i_mult=4.0 closed_loop fitness=-5.595e-05 wall=0.3s
[2026-05-01T06:41:41+00:00]   done seed=703 i_mult=4.0 open_loop fitness=-1.550e-04 wall=0.3s
[2026-05-01T06:41:41+00:00]   done seed=703 i_mult=4.0 closed_loop fitness=-5.595e-05 wall=0.3s
[2026-05-01T06:41:42+00:00]   done seed=740 i_mult=4.0 open_loop fitness=-1.571e-04 wall=0.3s
[2026-05-01T06:41:42+00:00]   done seed=740 i_mult=4.0 closed_loop fitness=-5.595e-05 wall=0.3s
[2026-05-01T06:41:42+00:00]   done seed=777 i_mult=4.0 open_loop fitness=-1.552e-04 wall=0.3s
[2026-05-01T06:41:42+00:00]   done seed=777 i_mult=4.0 closed_loop fitness=-5.595e-05 wall=0.3s
[2026-05-01T06:41:43+00:00]   done seed=814 i_mult=4.0 open_loop fitness=-1.547e-04 wall=0.3s
[2026-05-01T06:41:43+00:00]   done seed=814 i_mult=4.0 closed_loop fitness=-5.595e-05 wall=0.3s
[2026-05-01T06:41:43+00:00]   done seed=851 i_mult=4.0 open_loop fitness=-1.545e-04 wall=0.3s
[2026-05-01T06:41:43+00:00]   done seed=851 i_mult=4.0 closed_loop fitness=-5.595e-05 wall=0.3s
[2026-05-01T06:41:44+00:00]   done seed=888 i_mult=4.0 open_loop fitness=-1.561e-04 wall=0.3s
[2026-05-01T06:41:44+00:00]   done seed=888 i_mult=4.0 closed_loop fitness=-5.595e-05 wall=0.3s
[2026-05-01T06:41:45+00:00]   done seed=925 i_mult=4.0 open_loop fitness=-1.550e-04 wall=0.3s
[2026-05-01T06:41:45+00:00]   done seed=925 i_mult=4.0 closed_loop fitness=-5.595e-05 wall=0.3s
[2026-05-01T06:41:45+00:00]   done seed=962 i_mult=4.0 open_loop fitness=-1.551e-04 wall=0.3s
[2026-05-01T06:41:45+00:00]   done seed=962 i_mult=4.0 closed_loop fitness=-5.595e-05 wall=0.3s
[2026-05-01T06:41:46+00:00]   done seed=999 i_mult=4.0 open_loop fitness=-1.555e-04 wall=0.3s
[2026-05-01T06:41:46+00:00]   done seed=999 i_mult=4.0 closed_loop fitness=-5.595e-05 wall=0.3s
[2026-05-01T06:41:47+00:00]   done seed=1036 i_mult=4.0 open_loop fitness=-1.555e-04 wall=0.3s
[2026-05-01T06:41:47+00:00]   done seed=1036 i_mult=4.0 closed_loop fitness=-5.595e-05 wall=0.4s
[2026-05-01T06:41:47+00:00]   done seed=1073 i_mult=4.0 open_loop fitness=-1.558e-04 wall=0.3s
[2026-05-01T06:41:47+00:00]   done seed=1073 i_mult=4.0 closed_loop fitness=-5.595e-05 wall=0.3s
[2026-05-01T06:41:48+00:00]   done seed=1110 i_mult=4.0 open_loop fitness=-1.551e-04 wall=0.3s
[2026-05-01T06:41:48+00:00]   done seed=1110 i_mult=4.0 closed_loop fitness=-5.595e-05 wall=0.3s
[2026-05-01T06:41:48+00:00]   done seed=1147 i_mult=4.0 open_loop fitness=-1.565e-04 wall=0.3s
[2026-05-01T06:41:48+00:00]   done seed=1147 i_mult=4.0 closed_loop fitness=-5.595e-05 wall=0.3s
[2026-05-01T06:41:49+00:00]   done seed=1184 i_mult=4.0 open_loop fitness=-1.562e-04 wall=0.3s
[2026-05-01T06:41:49+00:00]   done seed=1184 i_mult=4.0 closed_loop fitness=-5.595e-05 wall=0.3s
[2026-05-01T06:41:50+00:00]   done seed=1221 i_mult=4.0 open_loop fitness=-1.557e-04 wall=0.3s
[2026-05-01T06:41:50+00:00]   done seed=1221 i_mult=4.0 closed_loop fitness=-5.595e-05 wall=0.3s
[2026-05-01T06:41:50+00:00]   done seed=1258 i_mult=4.0 open_loop fitness=-1.544e-04 wall=0.3s
[2026-05-01T06:41:50+00:00]   done seed=1258 i_mult=4.0 closed_loop fitness=-5.595e-05 wall=0.3s
[2026-05-01T06:41:51+00:00]   done seed=1295 i_mult=4.0 open_loop fitness=-1.558e-04 wall=0.3s
[2026-05-01T06:41:51+00:00]   done seed=1295 i_mult=4.0 closed_loop fitness=-5.595e-05 wall=0.3s
[2026-05-01T06:41:52+00:00]   done seed=1332 i_mult=4.0 open_loop fitness=-1.539e-04 wall=0.3s
[2026-05-01T06:41:52+00:00]   done seed=1332 i_mult=4.0 closed_loop fitness=-5.595e-05 wall=0.3s
[2026-05-01T06:41:52+00:00]   done seed=1369 i_mult=4.0 open_loop fitness=-1.550e-04 wall=0.3s
[2026-05-01T06:41:52+00:00]   done seed=1369 i_mult=4.0 closed_loop fitness=-5.595e-05 wall=0.3s
[2026-05-01T06:41:53+00:00]   done seed=1406 i_mult=4.0 open_loop fitness=-1.548e-04 wall=0.3s
[2026-05-01T06:41:53+00:00]   done seed=1406 i_mult=4.0 closed_loop fitness=-5.595e-05 wall=0.3s
[2026-05-01T06:41:54+00:00]   done seed=1443 i_mult=4.0 open_loop fitness=-1.555e-04 wall=0.3s
[2026-05-01T06:41:54+00:00]   done seed=1443 i_mult=4.0 closed_loop fitness=-5.595e-05 wall=0.3s
[2026-05-01T06:41:54+00:00]   done seed=1480 i_mult=4.0 open_loop fitness=-1.564e-04 wall=0.3s
[2026-05-01T06:41:54+00:00]   done seed=1480 i_mult=4.0 closed_loop fitness=-5.595e-05 wall=0.3s
[2026-05-01T06:41:55+00:00]   done seed=1517 i_mult=4.0 open_loop fitness=-1.549e-04 wall=0.3s
[2026-05-01T06:41:55+00:00]   done seed=1517 i_mult=4.0 closed_loop fitness=-5.595e-05 wall=0.3s
[2026-05-01T06:41:56+00:00]   done seed=1554 i_mult=4.0 open_loop fitness=-1.559e-04 wall=0.3s
[2026-05-01T06:41:56+00:00]   done seed=1554 i_mult=4.0 closed_loop fitness=-5.595e-05 wall=0.4s
[2026-05-01T06:41:56+00:00]   done seed=1591 i_mult=4.0 open_loop fitness=-1.553e-04 wall=0.3s
[2026-05-01T06:41:56+00:00]   done seed=1591 i_mult=4.0 closed_loop fitness=-5.595e-05 wall=0.3s
[2026-05-01T06:41:57+00:00]   done seed=1628 i_mult=4.0 open_loop fitness=-1.554e-04 wall=0.3s
[2026-05-01T06:41:57+00:00]   done seed=1628 i_mult=4.0 closed_loop fitness=-5.595e-05 wall=0.4s
[2026-05-01T06:41:57+00:00]   done seed=1665 i_mult=4.0 open_loop fitness=-1.551e-04 wall=0.3s
[2026-05-01T06:41:57+00:00]   done seed=1665 i_mult=4.0 closed_loop fitness=-5.595e-05 wall=0.3s
[2026-05-01T06:41:58+00:00]   done seed=1702 i_mult=4.0 open_loop fitness=-1.538e-04 wall=0.3s
[2026-05-01T06:41:58+00:00]   done seed=1702 i_mult=4.0 closed_loop fitness=-5.595e-05 wall=0.3s
[2026-05-01T06:41:59+00:00]   done seed=1739 i_mult=4.0 open_loop fitness=-1.552e-04 wall=0.3s
[2026-05-01T06:41:59+00:00]   done seed=1739 i_mult=4.0 closed_loop fitness=-5.595e-05 wall=0.3s
[2026-05-01T06:41:59+00:00]   done seed=1776 i_mult=4.0 open_loop fitness=-1.549e-04 wall=0.3s
[2026-05-01T06:41:59+00:00]   done seed=1776 i_mult=4.0 closed_loop fitness=-5.595e-05 wall=0.3s
[2026-05-01T06:42:00+00:00]   done seed=1813 i_mult=4.0 open_loop fitness=-1.568e-04 wall=0.3s
[2026-05-01T06:42:00+00:00]   done seed=1813 i_mult=4.0 closed_loop fitness=-5.595e-05 wall=0.3s
[2026-05-01T06:42:01+00:00]   done seed=1850 i_mult=4.0 open_loop fitness=-1.558e-04 wall=0.3s
[2026-05-01T06:42:01+00:00]   done seed=1850 i_mult=4.0 closed_loop fitness=-5.595e-05 wall=0.3s
[2026-05-01T06:42:01+00:00]   done seed=1887 i_mult=4.0 open_loop fitness=-1.538e-04 wall=0.3s
[2026-05-01T06:42:01+00:00]   done seed=1887 i_mult=4.0 closed_loop fitness=-5.595e-05 wall=0.3s
[2026-05-01T06:42:02+00:00]   done seed=1924 i_mult=4.0 open_loop fitness=-1.569e-04 wall=0.3s
[2026-05-01T06:42:02+00:00]   done seed=1924 i_mult=4.0 closed_loop fitness=-5.595e-05 wall=0.3s
[2026-05-01T06:42:03+00:00]   done seed=1961 i_mult=4.0 open_loop fitness=-1.555e-04 wall=0.3s
[2026-05-01T06:42:03+00:00]   done seed=1961 i_mult=4.0 closed_loop fitness=-5.595e-05 wall=0.3s
[2026-05-01T06:42:03+00:00]   done seed=1998 i_mult=4.0 open_loop fitness=-1.542e-04 wall=0.3s
[2026-05-01T06:42:03+00:00]   done seed=1998 i_mult=4.0 closed_loop fitness=-5.595e-05 wall=0.3s
[2026-05-01T06:42:04+00:00]   done seed=2035 i_mult=4.0 open_loop fitness=-1.567e-04 wall=0.3s
[2026-05-01T06:42:04+00:00]   done seed=2035 i_mult=4.0 closed_loop fitness=-5.595e-05 wall=0.3s
[2026-05-01T06:42:04+00:00]   done seed=2072 i_mult=4.0 open_loop fitness=-1.547e-04 wall=0.3s
[2026-05-01T06:42:04+00:00]   done seed=2072 i_mult=4.0 closed_loop fitness=-5.595e-05 wall=0.3s
[2026-05-01T06:42:05+00:00]   done seed=2109 i_mult=4.0 open_loop fitness=-1.538e-04 wall=0.3s
[2026-05-01T06:42:05+00:00]   done seed=2109 i_mult=4.0 closed_loop fitness=-5.595e-05 wall=0.3s
[2026-05-01T06:42:06+00:00]   done seed=2146 i_mult=4.0 open_loop fitness=-1.566e-04 wall=0.3s
[2026-05-01T06:42:06+00:00]   done seed=2146 i_mult=4.0 closed_loop fitness=-5.595e-05 wall=0.3s
[2026-05-01T06:42:06+00:00]   done seed=2183 i_mult=4.0 open_loop fitness=-1.568e-04 wall=0.3s
[2026-05-01T06:42:06+00:00]   done seed=2183 i_mult=4.0 closed_loop fitness=-5.595e-05 wall=0.4s
[2026-05-01T06:42:07+00:00]   done seed=2220 i_mult=4.0 open_loop fitness=-1.556e-04 wall=0.3s
[2026-05-01T06:42:07+00:00]   done seed=2220 i_mult=4.0 closed_loop fitness=-5.595e-05 wall=0.3s
[2026-05-01T06:42:08+00:00]   done seed=2257 i_mult=4.0 open_loop fitness=-1.535e-04 wall=0.3s
[2026-05-01T06:42:08+00:00]   done seed=2257 i_mult=4.0 closed_loop fitness=-5.595e-05 wall=0.3s
[2026-05-01T06:42:08+00:00]   done seed=2294 i_mult=4.0 open_loop fitness=-1.561e-04 wall=0.3s
[2026-05-01T06:42:08+00:00]   done seed=2294 i_mult=4.0 closed_loop fitness=-5.595e-05 wall=0.3s
[2026-05-01T06:42:09+00:00]   done seed=2331 i_mult=4.0 open_loop fitness=-1.547e-04 wall=0.3s
[2026-05-01T06:42:09+00:00]   done seed=2331 i_mult=4.0 closed_loop fitness=-5.595e-05 wall=0.3s
[2026-05-01T06:42:10+00:00]   done seed=2368 i_mult=4.0 open_loop fitness=-1.548e-04 wall=0.3s
[2026-05-01T06:42:10+00:00]   done seed=2368 i_mult=4.0 closed_loop fitness=-5.595e-05 wall=0.3s
[2026-05-01T06:42:10+00:00]   done seed=2405 i_mult=4.0 open_loop fitness=-1.571e-04 wall=0.3s
[2026-05-01T06:42:10+00:00]   done seed=2405 i_mult=4.0 closed_loop fitness=-5.595e-05 wall=0.3s
[2026-05-01T06:42:11+00:00]   done seed=2442 i_mult=4.0 open_loop fitness=-1.557e-04 wall=0.3s
[2026-05-01T06:42:11+00:00]   done seed=2442 i_mult=4.0 closed_loop fitness=-5.595e-05 wall=0.3s
[2026-05-01T06:42:11+00:00]   done seed=2479 i_mult=4.0 open_loop fitness=-1.545e-04 wall=0.3s
[2026-05-01T06:42:11+00:00]   done seed=2479 i_mult=4.0 closed_loop fitness=-5.595e-05 wall=0.3s
[2026-05-01T06:42:12+00:00]   done seed=2516 i_mult=4.0 open_loop fitness=-1.563e-04 wall=0.3s
[2026-05-01T06:42:12+00:00]   done seed=2516 i_mult=4.0 closed_loop fitness=-5.595e-05 wall=0.3s
[2026-05-01T06:42:13+00:00]   done seed=2553 i_mult=4.0 open_loop fitness=-1.551e-04 wall=0.3s
[2026-05-01T06:42:13+00:00]   done seed=2553 i_mult=4.0 closed_loop fitness=-5.595e-05 wall=0.3s
[2026-05-01T06:42:13+00:00]   done seed=2590 i_mult=4.0 open_loop fitness=-1.564e-04 wall=0.3s
[2026-05-01T06:42:13+00:00]   done seed=2590 i_mult=4.0 closed_loop fitness=-5.595e-05 wall=0.3s
[2026-05-01T06:42:14+00:00]   done seed=2627 i_mult=4.0 open_loop fitness=-1.563e-04 wall=0.3s
[2026-05-01T06:42:14+00:00]   done seed=2627 i_mult=4.0 closed_loop fitness=-5.595e-05 wall=0.3s
[2026-05-01T06:42:15+00:00]   done seed=2664 i_mult=4.0 open_loop fitness=-1.558e-04 wall=0.3s
[2026-05-01T06:42:15+00:00]   done seed=2664 i_mult=4.0 closed_loop fitness=-5.595e-05 wall=0.3s
[2026-05-01T06:42:15+00:00]   done seed=2701 i_mult=4.0 open_loop fitness=-1.542e-04 wall=0.3s
[2026-05-01T06:42:15+00:00]   done seed=2701 i_mult=4.0 closed_loop fitness=-5.595e-05 wall=0.3s
[2026-05-01T06:42:16+00:00]   done seed=2738 i_mult=4.0 open_loop fitness=-1.566e-04 wall=0.3s
[2026-05-01T06:42:16+00:00]   done seed=2738 i_mult=4.0 closed_loop fitness=-5.595e-05 wall=0.3s
[2026-05-01T06:42:16+00:00]   done seed=2775 i_mult=4.0 open_loop fitness=-1.551e-04 wall=0.3s
[2026-05-01T06:42:16+00:00]   done seed=2775 i_mult=4.0 closed_loop fitness=-5.595e-05 wall=0.3s
[2026-05-01T06:42:17+00:00]   done seed=2812 i_mult=4.0 open_loop fitness=-1.554e-04 wall=0.3s
[2026-05-01T06:42:17+00:00]   done seed=2812 i_mult=4.0 closed_loop fitness=-5.595e-05 wall=0.3s
[2026-05-01T06:42:18+00:00]   done seed=2849 i_mult=4.0 open_loop fitness=-1.554e-04 wall=0.3s
[2026-05-01T06:42:18+00:00]   done seed=2849 i_mult=4.0 closed_loop fitness=-5.595e-05 wall=0.3s
[2026-05-01T06:42:18+00:00]   done seed=2886 i_mult=4.0 open_loop fitness=-1.554e-04 wall=0.3s
[2026-05-01T06:42:18+00:00]   done seed=2886 i_mult=4.0 closed_loop fitness=-5.595e-05 wall=0.3s
[2026-05-01T06:42:19+00:00]   done seed=2923 i_mult=4.0 open_loop fitness=-1.542e-04 wall=0.3s
[2026-05-01T06:42:19+00:00]   done seed=2923 i_mult=4.0 closed_loop fitness=-5.595e-05 wall=0.4s
[2026-05-01T06:42:20+00:00]   done seed=2960 i_mult=4.0 open_loop fitness=-1.555e-04 wall=0.3s
[2026-05-01T06:42:20+00:00]   done seed=2960 i_mult=4.0 closed_loop fitness=-5.595e-05 wall=0.3s
[2026-05-01T06:42:20+00:00]   done seed=2997 i_mult=4.0 open_loop fitness=-1.565e-04 wall=0.3s
[2026-05-01T06:42:20+00:00]   done seed=2997 i_mult=4.0 closed_loop fitness=-5.595e-05 wall=0.3s
[2026-05-01T06:42:21+00:00]   done seed=3034 i_mult=4.0 open_loop fitness=-1.555e-04 wall=0.3s
[2026-05-01T06:42:21+00:00]   done seed=3034 i_mult=4.0 closed_loop fitness=-5.595e-05 wall=0.3s
[2026-05-01T06:42:21+00:00]   done seed=3071 i_mult=4.0 open_loop fitness=-1.569e-04 wall=0.3s
[2026-05-01T06:42:21+00:00]   done seed=3071 i_mult=4.0 closed_loop fitness=-5.595e-05 wall=0.3s
[2026-05-01T06:42:22+00:00]   done seed=3108 i_mult=4.0 open_loop fitness=-1.536e-04 wall=0.3s
[2026-05-01T06:42:22+00:00]   done seed=3108 i_mult=4.0 closed_loop fitness=-5.595e-05 wall=0.3s
[2026-05-01T06:42:23+00:00]   done seed=3145 i_mult=4.0 open_loop fitness=-1.560e-04 wall=0.3s
[2026-05-01T06:42:23+00:00]   done seed=3145 i_mult=4.0 closed_loop fitness=-5.595e-05 wall=0.3s
[2026-05-01T06:42:23+00:00]   done seed=3182 i_mult=4.0 open_loop fitness=-1.560e-04 wall=0.3s
[2026-05-01T06:42:23+00:00]   done seed=3182 i_mult=4.0 closed_loop fitness=-5.595e-05 wall=0.3s
[2026-05-01T06:42:24+00:00]   done seed=3219 i_mult=4.0 open_loop fitness=-1.558e-04 wall=0.3s
[2026-05-01T06:42:24+00:00]   done seed=3219 i_mult=4.0 closed_loop fitness=-5.595e-05 wall=0.3s
[2026-05-01T06:42:25+00:00]   done seed=3256 i_mult=4.0 open_loop fitness=-1.566e-04 wall=0.3s
[2026-05-01T06:42:25+00:00]   done seed=3256 i_mult=4.0 closed_loop fitness=-5.595e-05 wall=0.3s
[2026-05-01T06:42:25+00:00]   done seed=3293 i_mult=4.0 open_loop fitness=-1.565e-04 wall=0.3s
[2026-05-01T06:42:25+00:00]   done seed=3293 i_mult=4.0 closed_loop fitness=-5.595e-05 wall=0.3s
[2026-05-01T06:42:26+00:00]   done seed=3330 i_mult=4.0 open_loop fitness=-1.561e-04 wall=0.3s
[2026-05-01T06:42:26+00:00]   done seed=3330 i_mult=4.0 closed_loop fitness=-5.595e-05 wall=0.3s
[2026-05-01T06:42:27+00:00]   done seed=3367 i_mult=4.0 open_loop fitness=-1.555e-04 wall=0.3s
[2026-05-01T06:42:27+00:00]   done seed=3367 i_mult=4.0 closed_loop fitness=-5.595e-05 wall=0.3s
[2026-05-01T06:42:27+00:00]   done seed=3404 i_mult=4.0 open_loop fitness=-1.552e-04 wall=0.3s
[2026-05-01T06:42:27+00:00]   done seed=3404 i_mult=4.0 closed_loop fitness=-5.595e-05 wall=0.3s
[2026-05-01T06:42:28+00:00]   done seed=3441 i_mult=4.0 open_loop fitness=-1.536e-04 wall=0.3s
[2026-05-01T06:42:28+00:00]   done seed=3441 i_mult=4.0 closed_loop fitness=-5.595e-05 wall=0.3s
[2026-05-01T06:42:28+00:00]   done seed=3478 i_mult=4.0 open_loop fitness=-1.567e-04 wall=0.3s
[2026-05-01T06:42:28+00:00]   done seed=3478 i_mult=4.0 closed_loop fitness=-5.595e-05 wall=0.3s
[2026-05-01T06:42:29+00:00]   done seed=3515 i_mult=4.0 open_loop fitness=-1.570e-04 wall=0.3s
[2026-05-01T06:42:29+00:00]   done seed=3515 i_mult=4.0 closed_loop fitness=-5.595e-05 wall=0.3s
[2026-05-01T06:42:30+00:00]   done seed=3552 i_mult=4.0 open_loop fitness=-1.548e-04 wall=0.3s
[2026-05-01T06:42:30+00:00]   done seed=3552 i_mult=4.0 closed_loop fitness=-5.595e-05 wall=0.3s
[2026-05-01T06:42:30+00:00]   done seed=3589 i_mult=4.0 open_loop fitness=-1.538e-04 wall=0.3s
[2026-05-01T06:42:30+00:00]   done seed=3589 i_mult=4.0 closed_loop fitness=-5.595e-05 wall=0.3s
[2026-05-01T06:42:31+00:00]   done seed=3626 i_mult=4.0 open_loop fitness=-1.559e-04 wall=0.3s
[2026-05-01T06:42:31+00:00]   done seed=3626 i_mult=4.0 closed_loop fitness=-5.595e-05 wall=0.3s
[2026-05-01T06:42:32+00:00]   done seed=3663 i_mult=4.0 open_loop fitness=-1.542e-04 wall=0.3s
[2026-05-01T06:42:32+00:00]   done seed=3663 i_mult=4.0 closed_loop fitness=-5.595e-05 wall=0.3s
[2026-05-01T06:42:32+00:00]   done seed=0 i_mult=8.0 open_loop fitness=-1.460e-04 wall=0.3s
[2026-05-01T06:42:32+00:00]   done seed=0 i_mult=8.0 closed_loop fitness=-4.979e-05 wall=0.3s
[2026-05-01T06:42:33+00:00]   done seed=37 i_mult=8.0 open_loop fitness=-1.473e-04 wall=0.3s
[2026-05-01T06:42:33+00:00]   done seed=37 i_mult=8.0 closed_loop fitness=-5.016e-05 wall=0.3s
[2026-05-01T06:42:33+00:00]   done seed=74 i_mult=8.0 open_loop fitness=-1.466e-04 wall=0.3s
[2026-05-01T06:42:33+00:00]   done seed=74 i_mult=8.0 closed_loop fitness=-4.949e-05 wall=0.3s
[2026-05-01T06:42:34+00:00]   done seed=111 i_mult=8.0 open_loop fitness=-1.452e-04 wall=0.3s
[2026-05-01T06:42:34+00:00]   done seed=111 i_mult=8.0 closed_loop fitness=-4.862e-05 wall=0.4s
[2026-05-01T06:42:35+00:00]   done seed=148 i_mult=8.0 open_loop fitness=-1.450e-04 wall=0.3s
[2026-05-01T06:42:35+00:00]   done seed=148 i_mult=8.0 closed_loop fitness=-4.912e-05 wall=0.3s
[2026-05-01T06:42:35+00:00]   done seed=185 i_mult=8.0 open_loop fitness=-1.455e-04 wall=0.3s
[2026-05-01T06:42:35+00:00]   done seed=185 i_mult=8.0 closed_loop fitness=-4.914e-05 wall=0.3s
[2026-05-01T06:42:36+00:00]   done seed=222 i_mult=8.0 open_loop fitness=-1.483e-04 wall=0.3s
[2026-05-01T06:42:36+00:00]   done seed=222 i_mult=8.0 closed_loop fitness=-4.898e-05 wall=0.3s
[2026-05-01T06:42:37+00:00]   done seed=259 i_mult=8.0 open_loop fitness=-1.451e-04 wall=0.3s
[2026-05-01T06:42:37+00:00]   done seed=259 i_mult=8.0 closed_loop fitness=-4.826e-05 wall=0.3s
[2026-05-01T06:42:37+00:00]   done seed=296 i_mult=8.0 open_loop fitness=-1.462e-04 wall=0.3s
[2026-05-01T06:42:37+00:00]   done seed=296 i_mult=8.0 closed_loop fitness=-4.896e-05 wall=0.3s
[2026-05-01T06:42:38+00:00]   done seed=333 i_mult=8.0 open_loop fitness=-1.491e-04 wall=0.3s
[2026-05-01T06:42:38+00:00]   done seed=333 i_mult=8.0 closed_loop fitness=-4.940e-05 wall=0.3s
[2026-05-01T06:42:39+00:00]   done seed=370 i_mult=8.0 open_loop fitness=-1.466e-04 wall=0.3s
[2026-05-01T06:42:39+00:00]   done seed=370 i_mult=8.0 closed_loop fitness=-4.928e-05 wall=0.3s
[2026-05-01T06:42:39+00:00]   done seed=407 i_mult=8.0 open_loop fitness=-1.462e-04 wall=0.3s
[2026-05-01T06:42:39+00:00]   done seed=407 i_mult=8.0 closed_loop fitness=-4.898e-05 wall=0.3s
[2026-05-01T06:42:40+00:00]   done seed=444 i_mult=8.0 open_loop fitness=-1.483e-04 wall=0.3s
[2026-05-01T06:42:40+00:00]   done seed=444 i_mult=8.0 closed_loop fitness=-4.913e-05 wall=0.3s
[2026-05-01T06:42:40+00:00]   done seed=481 i_mult=8.0 open_loop fitness=-1.438e-04 wall=0.3s
[2026-05-01T06:42:40+00:00]   done seed=481 i_mult=8.0 closed_loop fitness=-4.894e-05 wall=0.3s
[2026-05-01T06:42:41+00:00]   done seed=518 i_mult=8.0 open_loop fitness=-1.503e-04 wall=0.3s
[2026-05-01T06:42:41+00:00]   done seed=518 i_mult=8.0 closed_loop fitness=-4.942e-05 wall=0.3s
[2026-05-01T06:42:42+00:00]   done seed=555 i_mult=8.0 open_loop fitness=-1.470e-04 wall=0.3s
[2026-05-01T06:42:42+00:00]   done seed=555 i_mult=8.0 closed_loop fitness=-4.953e-05 wall=0.3s
[2026-05-01T06:42:42+00:00]   done seed=592 i_mult=8.0 open_loop fitness=-1.488e-04 wall=0.3s
[2026-05-01T06:42:42+00:00]   done seed=592 i_mult=8.0 closed_loop fitness=-4.914e-05 wall=0.3s
[2026-05-01T06:42:43+00:00]   done seed=629 i_mult=8.0 open_loop fitness=-1.475e-04 wall=0.3s
[2026-05-01T06:42:43+00:00]   done seed=629 i_mult=8.0 closed_loop fitness=-4.933e-05 wall=0.3s
[2026-05-01T06:42:44+00:00]   done seed=666 i_mult=8.0 open_loop fitness=-1.469e-04 wall=0.3s
[2026-05-01T06:42:44+00:00]   done seed=666 i_mult=8.0 closed_loop fitness=-4.849e-05 wall=0.3s
[2026-05-01T06:42:44+00:00]   done seed=703 i_mult=8.0 open_loop fitness=-1.490e-04 wall=0.3s
[2026-05-01T06:42:44+00:00]   done seed=703 i_mult=8.0 closed_loop fitness=-4.890e-05 wall=0.3s
[2026-05-01T06:42:45+00:00]   done seed=740 i_mult=8.0 open_loop fitness=-1.460e-04 wall=0.3s
[2026-05-01T06:42:45+00:00]   done seed=740 i_mult=8.0 closed_loop fitness=-4.947e-05 wall=0.3s
[2026-05-01T06:42:46+00:00]   done seed=777 i_mult=8.0 open_loop fitness=-1.463e-04 wall=0.3s
[2026-05-01T06:42:46+00:00]   done seed=777 i_mult=8.0 closed_loop fitness=-4.871e-05 wall=0.3s
[2026-05-01T06:42:46+00:00]   done seed=814 i_mult=8.0 open_loop fitness=-1.479e-04 wall=0.3s
[2026-05-01T06:42:46+00:00]   done seed=814 i_mult=8.0 closed_loop fitness=-4.926e-05 wall=0.3s
[2026-05-01T06:42:47+00:00]   done seed=851 i_mult=8.0 open_loop fitness=-1.480e-04 wall=0.3s
[2026-05-01T06:42:47+00:00]   done seed=851 i_mult=8.0 closed_loop fitness=-4.927e-05 wall=0.3s
[2026-05-01T06:42:47+00:00]   done seed=888 i_mult=8.0 open_loop fitness=-1.467e-04 wall=0.3s
[2026-05-01T06:42:47+00:00]   done seed=888 i_mult=8.0 closed_loop fitness=-4.934e-05 wall=0.3s
[2026-05-01T06:42:48+00:00]   done seed=925 i_mult=8.0 open_loop fitness=-1.483e-04 wall=0.3s
[2026-05-01T06:42:48+00:00]   done seed=925 i_mult=8.0 closed_loop fitness=-4.976e-05 wall=0.3s
[2026-05-01T06:42:49+00:00]   done seed=962 i_mult=8.0 open_loop fitness=-1.457e-04 wall=0.3s
[2026-05-01T06:42:49+00:00]   done seed=962 i_mult=8.0 closed_loop fitness=-4.978e-05 wall=0.3s
[2026-05-01T06:42:49+00:00]   done seed=999 i_mult=8.0 open_loop fitness=-1.493e-04 wall=0.3s
[2026-05-01T06:42:49+00:00]   done seed=999 i_mult=8.0 closed_loop fitness=-4.939e-05 wall=0.3s
[2026-05-01T06:42:50+00:00]   done seed=1036 i_mult=8.0 open_loop fitness=-1.489e-04 wall=0.3s
[2026-05-01T06:42:50+00:00]   done seed=1036 i_mult=8.0 closed_loop fitness=-4.875e-05 wall=0.3s
[2026-05-01T06:42:51+00:00]   done seed=1073 i_mult=8.0 open_loop fitness=-1.482e-04 wall=0.3s
[2026-05-01T06:42:51+00:00]   done seed=1073 i_mult=8.0 closed_loop fitness=-4.876e-05 wall=0.3s
[2026-05-01T06:42:51+00:00]   done seed=1110 i_mult=8.0 open_loop fitness=-1.475e-04 wall=0.3s
[2026-05-01T06:42:51+00:00]   done seed=1110 i_mult=8.0 closed_loop fitness=-4.977e-05 wall=0.3s
[2026-05-01T06:42:52+00:00]   done seed=1147 i_mult=8.0 open_loop fitness=-1.483e-04 wall=0.3s
[2026-05-01T06:42:52+00:00]   done seed=1147 i_mult=8.0 closed_loop fitness=-4.940e-05 wall=0.3s
[2026-05-01T06:42:53+00:00]   done seed=1184 i_mult=8.0 open_loop fitness=-1.492e-04 wall=0.4s
[2026-05-01T06:42:53+00:00]   done seed=1184 i_mult=8.0 closed_loop fitness=-4.843e-05 wall=0.3s
[2026-05-01T06:42:53+00:00]   done seed=1221 i_mult=8.0 open_loop fitness=-1.471e-04 wall=0.3s
[2026-05-01T06:42:53+00:00]   done seed=1221 i_mult=8.0 closed_loop fitness=-5.037e-05 wall=0.3s
[2026-05-01T06:42:54+00:00]   done seed=1258 i_mult=8.0 open_loop fitness=-1.460e-04 wall=0.3s
[2026-05-01T06:42:54+00:00]   done seed=1258 i_mult=8.0 closed_loop fitness=-4.966e-05 wall=0.3s
[2026-05-01T06:42:54+00:00]   done seed=1295 i_mult=8.0 open_loop fitness=-1.470e-04 wall=0.3s
[2026-05-01T06:42:54+00:00]   done seed=1295 i_mult=8.0 closed_loop fitness=-4.855e-05 wall=0.3s
[2026-05-01T06:42:55+00:00]   done seed=1332 i_mult=8.0 open_loop fitness=-1.484e-04 wall=0.3s
[2026-05-01T06:42:55+00:00]   done seed=1332 i_mult=8.0 closed_loop fitness=-4.909e-05 wall=0.3s
[2026-05-01T06:42:56+00:00]   done seed=1369 i_mult=8.0 open_loop fitness=-1.476e-04 wall=0.3s
[2026-05-01T06:42:56+00:00]   done seed=1369 i_mult=8.0 closed_loop fitness=-4.808e-05 wall=0.3s
[2026-05-01T06:42:56+00:00]   done seed=1406 i_mult=8.0 open_loop fitness=-1.453e-04 wall=0.3s
[2026-05-01T06:42:56+00:00]   done seed=1406 i_mult=8.0 closed_loop fitness=-4.823e-05 wall=0.3s
[2026-05-01T06:42:57+00:00]   done seed=1443 i_mult=8.0 open_loop fitness=-1.455e-04 wall=0.3s
[2026-05-01T06:42:57+00:00]   done seed=1443 i_mult=8.0 closed_loop fitness=-4.868e-05 wall=0.3s
[2026-05-01T06:42:58+00:00]   done seed=1480 i_mult=8.0 open_loop fitness=-1.455e-04 wall=0.3s
[2026-05-01T06:42:58+00:00]   done seed=1480 i_mult=8.0 closed_loop fitness=-4.909e-05 wall=0.3s
[2026-05-01T06:42:58+00:00]   done seed=1517 i_mult=8.0 open_loop fitness=-1.481e-04 wall=0.3s
[2026-05-01T06:42:58+00:00]   done seed=1517 i_mult=8.0 closed_loop fitness=-4.819e-05 wall=0.3s
[2026-05-01T06:42:59+00:00]   done seed=1554 i_mult=8.0 open_loop fitness=-1.480e-04 wall=0.3s
[2026-05-01T06:42:59+00:00]   done seed=1554 i_mult=8.0 closed_loop fitness=-4.969e-05 wall=0.3s
[2026-05-01T06:42:59+00:00]   done seed=1591 i_mult=8.0 open_loop fitness=-1.454e-04 wall=0.3s
[2026-05-01T06:42:59+00:00]   done seed=1591 i_mult=8.0 closed_loop fitness=-4.935e-05 wall=0.3s
[2026-05-01T06:43:00+00:00]   done seed=1628 i_mult=8.0 open_loop fitness=-1.467e-04 wall=0.3s
[2026-05-01T06:43:00+00:00]   done seed=1628 i_mult=8.0 closed_loop fitness=-4.885e-05 wall=0.3s
[2026-05-01T06:43:01+00:00]   done seed=1665 i_mult=8.0 open_loop fitness=-1.457e-04 wall=0.3s
[2026-05-01T06:43:01+00:00]   done seed=1665 i_mult=8.0 closed_loop fitness=-4.887e-05 wall=0.3s
[2026-05-01T06:43:01+00:00]   done seed=1702 i_mult=8.0 open_loop fitness=-1.458e-04 wall=0.3s
[2026-05-01T06:43:01+00:00]   done seed=1702 i_mult=8.0 closed_loop fitness=-4.824e-05 wall=0.3s
[2026-05-01T06:43:02+00:00]   done seed=1739 i_mult=8.0 open_loop fitness=-1.477e-04 wall=0.3s
[2026-05-01T06:43:02+00:00]   done seed=1739 i_mult=8.0 closed_loop fitness=-4.878e-05 wall=0.3s
[2026-05-01T06:43:03+00:00]   done seed=1776 i_mult=8.0 open_loop fitness=-1.469e-04 wall=0.3s
[2026-05-01T06:43:03+00:00]   done seed=1776 i_mult=8.0 closed_loop fitness=-4.881e-05 wall=0.3s
[2026-05-01T06:43:03+00:00]   done seed=1813 i_mult=8.0 open_loop fitness=-1.479e-04 wall=0.3s
[2026-05-01T06:43:03+00:00]   done seed=1813 i_mult=8.0 closed_loop fitness=-4.993e-05 wall=0.3s
[2026-05-01T06:43:04+00:00]   done seed=1850 i_mult=8.0 open_loop fitness=-1.479e-04 wall=0.3s
[2026-05-01T06:43:04+00:00]   done seed=1850 i_mult=8.0 closed_loop fitness=-4.934e-05 wall=0.3s
[2026-05-01T06:43:04+00:00]   done seed=1887 i_mult=8.0 open_loop fitness=-1.469e-04 wall=0.3s
[2026-05-01T06:43:04+00:00]   done seed=1887 i_mult=8.0 closed_loop fitness=-4.944e-05 wall=0.3s
[2026-05-01T06:43:05+00:00]   done seed=1924 i_mult=8.0 open_loop fitness=-1.467e-04 wall=0.3s
[2026-05-01T06:43:05+00:00]   done seed=1924 i_mult=8.0 closed_loop fitness=-4.897e-05 wall=0.3s
[2026-05-01T06:43:06+00:00]   done seed=1961 i_mult=8.0 open_loop fitness=-1.458e-04 wall=0.3s
[2026-05-01T06:43:06+00:00]   done seed=1961 i_mult=8.0 closed_loop fitness=-4.923e-05 wall=0.3s
[2026-05-01T06:43:06+00:00]   done seed=1998 i_mult=8.0 open_loop fitness=-1.468e-04 wall=0.3s
[2026-05-01T06:43:06+00:00]   done seed=1998 i_mult=8.0 closed_loop fitness=-4.822e-05 wall=0.3s
[2026-05-01T06:43:07+00:00]   done seed=2035 i_mult=8.0 open_loop fitness=-1.483e-04 wall=0.3s
[2026-05-01T06:43:07+00:00]   done seed=2035 i_mult=8.0 closed_loop fitness=-4.882e-05 wall=0.3s
[2026-05-01T06:43:08+00:00]   done seed=2072 i_mult=8.0 open_loop fitness=-1.450e-04 wall=0.3s
[2026-05-01T06:43:08+00:00]   done seed=2072 i_mult=8.0 closed_loop fitness=-4.824e-05 wall=0.3s
[2026-05-01T06:43:08+00:00]   done seed=2109 i_mult=8.0 open_loop fitness=-1.456e-04 wall=0.3s
[2026-05-01T06:43:08+00:00]   done seed=2109 i_mult=8.0 closed_loop fitness=-4.848e-05 wall=0.3s
[2026-05-01T06:43:09+00:00]   done seed=2146 i_mult=8.0 open_loop fitness=-1.469e-04 wall=0.3s
[2026-05-01T06:43:09+00:00]   done seed=2146 i_mult=8.0 closed_loop fitness=-4.814e-05 wall=0.3s
[2026-05-01T06:43:10+00:00]   done seed=2183 i_mult=8.0 open_loop fitness=-1.464e-04 wall=0.3s
[2026-05-01T06:43:10+00:00]   done seed=2183 i_mult=8.0 closed_loop fitness=-4.905e-05 wall=0.3s
[2026-05-01T06:43:10+00:00]   done seed=2220 i_mult=8.0 open_loop fitness=-1.454e-04 wall=0.3s
[2026-05-01T06:43:10+00:00]   done seed=2220 i_mult=8.0 closed_loop fitness=-4.890e-05 wall=0.3s
[2026-05-01T06:43:11+00:00]   done seed=2257 i_mult=8.0 open_loop fitness=-1.473e-04 wall=0.3s
[2026-05-01T06:43:11+00:00]   done seed=2257 i_mult=8.0 closed_loop fitness=-4.964e-05 wall=0.3s
[2026-05-01T06:43:11+00:00]   done seed=2294 i_mult=8.0 open_loop fitness=-1.456e-04 wall=0.3s
[2026-05-01T06:43:11+00:00]   done seed=2294 i_mult=8.0 closed_loop fitness=-4.896e-05 wall=0.3s
[2026-05-01T06:43:12+00:00]   done seed=2331 i_mult=8.0 open_loop fitness=-1.470e-04 wall=0.3s
[2026-05-01T06:43:12+00:00]   done seed=2331 i_mult=8.0 closed_loop fitness=-4.920e-05 wall=0.3s
[2026-05-01T06:43:13+00:00]   done seed=2368 i_mult=8.0 open_loop fitness=-1.445e-04 wall=0.3s
[2026-05-01T06:43:13+00:00]   done seed=2368 i_mult=8.0 closed_loop fitness=-4.959e-05 wall=0.3s
[2026-05-01T06:43:13+00:00]   done seed=2405 i_mult=8.0 open_loop fitness=-1.444e-04 wall=0.3s
[2026-05-01T06:43:13+00:00]   done seed=2405 i_mult=8.0 closed_loop fitness=-4.874e-05 wall=0.3s
[2026-05-01T06:43:14+00:00]   done seed=2442 i_mult=8.0 open_loop fitness=-1.493e-04 wall=0.3s
[2026-05-01T06:43:14+00:00]   done seed=2442 i_mult=8.0 closed_loop fitness=-4.891e-05 wall=0.5s
[2026-05-01T06:43:15+00:00]   done seed=2479 i_mult=8.0 open_loop fitness=-1.472e-04 wall=0.3s
[2026-05-01T06:43:15+00:00]   done seed=2479 i_mult=8.0 closed_loop fitness=-4.894e-05 wall=0.3s
[2026-05-01T06:43:15+00:00]   done seed=2516 i_mult=8.0 open_loop fitness=-1.441e-04 wall=0.3s
[2026-05-01T06:43:15+00:00]   done seed=2516 i_mult=8.0 closed_loop fitness=-4.854e-05 wall=0.3s
[2026-05-01T06:43:16+00:00]   done seed=2553 i_mult=8.0 open_loop fitness=-1.484e-04 wall=0.3s
[2026-05-01T06:43:16+00:00]   done seed=2553 i_mult=8.0 closed_loop fitness=-4.867e-05 wall=0.3s
[2026-05-01T06:43:17+00:00]   done seed=2590 i_mult=8.0 open_loop fitness=-1.487e-04 wall=0.3s
[2026-05-01T06:43:17+00:00]   done seed=2590 i_mult=8.0 closed_loop fitness=-4.889e-05 wall=0.3s
[2026-05-01T06:43:17+00:00]   done seed=2627 i_mult=8.0 open_loop fitness=-1.486e-04 wall=0.3s
[2026-05-01T06:43:17+00:00]   done seed=2627 i_mult=8.0 closed_loop fitness=-4.973e-05 wall=0.3s
[2026-05-01T06:43:18+00:00]   done seed=2664 i_mult=8.0 open_loop fitness=-1.471e-04 wall=0.3s
[2026-05-01T06:43:18+00:00]   done seed=2664 i_mult=8.0 closed_loop fitness=-4.916e-05 wall=0.3s
[2026-05-01T06:43:18+00:00]   done seed=2701 i_mult=8.0 open_loop fitness=-1.484e-04 wall=0.3s
[2026-05-01T06:43:18+00:00]   done seed=2701 i_mult=8.0 closed_loop fitness=-4.857e-05 wall=0.3s
[2026-05-01T06:43:19+00:00]   done seed=2738 i_mult=8.0 open_loop fitness=-1.481e-04 wall=0.3s
[2026-05-01T06:43:19+00:00]   done seed=2738 i_mult=8.0 closed_loop fitness=-4.916e-05 wall=0.3s
[2026-05-01T06:43:20+00:00]   done seed=2775 i_mult=8.0 open_loop fitness=-1.478e-04 wall=0.3s
[2026-05-01T06:43:20+00:00]   done seed=2775 i_mult=8.0 closed_loop fitness=-4.845e-05 wall=0.3s
[2026-05-01T06:43:20+00:00]   done seed=2812 i_mult=8.0 open_loop fitness=-1.456e-04 wall=0.3s
[2026-05-01T06:43:20+00:00]   done seed=2812 i_mult=8.0 closed_loop fitness=-4.936e-05 wall=0.3s
[2026-05-01T06:43:21+00:00]   done seed=2849 i_mult=8.0 open_loop fitness=-1.473e-04 wall=0.3s
[2026-05-01T06:43:21+00:00]   done seed=2849 i_mult=8.0 closed_loop fitness=-4.941e-05 wall=0.3s
[2026-05-01T06:43:22+00:00]   done seed=2886 i_mult=8.0 open_loop fitness=-1.433e-04 wall=0.3s
[2026-05-01T06:43:22+00:00]   done seed=2886 i_mult=8.0 closed_loop fitness=-5.015e-05 wall=0.3s
[2026-05-01T06:43:22+00:00]   done seed=2923 i_mult=8.0 open_loop fitness=-1.452e-04 wall=0.3s
[2026-05-01T06:43:22+00:00]   done seed=2923 i_mult=8.0 closed_loop fitness=-4.810e-05 wall=0.3s
[2026-05-01T06:43:23+00:00]   done seed=2960 i_mult=8.0 open_loop fitness=-1.465e-04 wall=0.3s
[2026-05-01T06:43:23+00:00]   done seed=2960 i_mult=8.0 closed_loop fitness=-4.916e-05 wall=0.3s
[2026-05-01T06:43:23+00:00]   done seed=2997 i_mult=8.0 open_loop fitness=-1.453e-04 wall=0.3s
[2026-05-01T06:43:23+00:00]   done seed=2997 i_mult=8.0 closed_loop fitness=-4.954e-05 wall=0.3s
[2026-05-01T06:43:24+00:00]   done seed=3034 i_mult=8.0 open_loop fitness=-1.434e-04 wall=0.3s
[2026-05-01T06:43:24+00:00]   done seed=3034 i_mult=8.0 closed_loop fitness=-4.895e-05 wall=0.3s
[2026-05-01T06:43:25+00:00]   done seed=3071 i_mult=8.0 open_loop fitness=-1.446e-04 wall=0.3s
[2026-05-01T06:43:25+00:00]   done seed=3071 i_mult=8.0 closed_loop fitness=-4.976e-05 wall=0.3s
[2026-05-01T06:43:25+00:00]   done seed=3108 i_mult=8.0 open_loop fitness=-1.474e-04 wall=0.3s
[2026-05-01T06:43:25+00:00]   done seed=3108 i_mult=8.0 closed_loop fitness=-4.946e-05 wall=0.3s
[2026-05-01T06:43:26+00:00]   done seed=3145 i_mult=8.0 open_loop fitness=-1.503e-04 wall=0.3s
[2026-05-01T06:43:26+00:00]   done seed=3145 i_mult=8.0 closed_loop fitness=-4.847e-05 wall=0.3s
[2026-05-01T06:43:27+00:00]   done seed=3182 i_mult=8.0 open_loop fitness=-1.463e-04 wall=0.3s
[2026-05-01T06:43:27+00:00]   done seed=3182 i_mult=8.0 closed_loop fitness=-4.927e-05 wall=0.3s
[2026-05-01T06:43:27+00:00]   done seed=3219 i_mult=8.0 open_loop fitness=-1.446e-04 wall=0.3s
[2026-05-01T06:43:27+00:00]   done seed=3219 i_mult=8.0 closed_loop fitness=-4.912e-05 wall=0.3s
[2026-05-01T06:43:28+00:00]   done seed=3256 i_mult=8.0 open_loop fitness=-1.454e-04 wall=0.3s
[2026-05-01T06:43:28+00:00]   done seed=3256 i_mult=8.0 closed_loop fitness=-4.860e-05 wall=0.3s
[2026-05-01T06:43:29+00:00]   done seed=3293 i_mult=8.0 open_loop fitness=-1.464e-04 wall=0.3s
[2026-05-01T06:43:29+00:00]   done seed=3293 i_mult=8.0 closed_loop fitness=-4.919e-05 wall=0.3s
[2026-05-01T06:43:29+00:00]   done seed=3330 i_mult=8.0 open_loop fitness=-1.454e-04 wall=0.3s
[2026-05-01T06:43:29+00:00]   done seed=3330 i_mult=8.0 closed_loop fitness=-4.933e-05 wall=0.3s
[2026-05-01T06:43:30+00:00]   done seed=3367 i_mult=8.0 open_loop fitness=-1.448e-04 wall=0.3s
[2026-05-01T06:43:30+00:00]   done seed=3367 i_mult=8.0 closed_loop fitness=-4.854e-05 wall=0.3s
[2026-05-01T06:43:30+00:00]   done seed=3404 i_mult=8.0 open_loop fitness=-1.457e-04 wall=0.3s
[2026-05-01T06:43:30+00:00]   done seed=3404 i_mult=8.0 closed_loop fitness=-4.838e-05 wall=0.3s
[2026-05-01T06:43:31+00:00]   done seed=3441 i_mult=8.0 open_loop fitness=-1.476e-04 wall=0.3s
[2026-05-01T06:43:31+00:00]   done seed=3441 i_mult=8.0 closed_loop fitness=-4.912e-05 wall=0.3s
[2026-05-01T06:43:32+00:00]   done seed=3478 i_mult=8.0 open_loop fitness=-1.459e-04 wall=0.3s
[2026-05-01T06:43:32+00:00]   done seed=3478 i_mult=8.0 closed_loop fitness=-4.892e-05 wall=0.3s
[2026-05-01T06:43:32+00:00]   done seed=3515 i_mult=8.0 open_loop fitness=-1.463e-04 wall=0.3s
[2026-05-01T06:43:32+00:00]   done seed=3515 i_mult=8.0 closed_loop fitness=-4.852e-05 wall=0.3s
[2026-05-01T06:43:33+00:00]   done seed=3552 i_mult=8.0 open_loop fitness=-1.466e-04 wall=0.3s
[2026-05-01T06:43:33+00:00]   done seed=3552 i_mult=8.0 closed_loop fitness=-4.878e-05 wall=0.3s
[2026-05-01T06:43:34+00:00]   done seed=3589 i_mult=8.0 open_loop fitness=-1.450e-04 wall=0.3s
[2026-05-01T06:43:34+00:00]   done seed=3589 i_mult=8.0 closed_loop fitness=-4.869e-05 wall=0.3s
[2026-05-01T06:43:34+00:00]   done seed=3626 i_mult=8.0 open_loop fitness=-1.468e-04 wall=0.3s
[2026-05-01T06:43:34+00:00]   done seed=3626 i_mult=8.0 closed_loop fitness=-4.836e-05 wall=0.3s
[2026-05-01T06:43:35+00:00]   done seed=3663 i_mult=8.0 open_loop fitness=-1.479e-04 wall=0.3s
[2026-05-01T06:43:35+00:00]   done seed=3663 i_mult=8.0 closed_loop fitness=-4.922e-05 wall=0.3s
[2026-05-01T06:43:35+00:00] block 10 complete: total wall 128.4s
