E0427 21:50:50.738548  360982 cuda_executor.cc:1526] Could not get kernel mode driver version: (INVALID_ARGUMENT: Version does not match the format X.Y.Z)
E0427 21:50:50.745076  360927 cuda_executor.cc:1526] Could not get kernel mode driver version: (INVALID_ARGUMENT: Version does not match the format X.Y.Z)
[2026-04-28T04:50:50+00:00] [batch] starting; device=gpu cuda:0
[2026-04-28T04:50:50+00:00] [batch] results dir: /home/ed/silicritter/overnight_results
[2026-04-28T04:50:50+00:00] [batch] === block1_step17_factorial begin ===
[2026-04-28T04:50:50+00:00] [block1] step17 factorial: 98 configs x 5 seeds = 490 runs
[2026-04-28T04:50:55+00:00] [block1] 1/490 baseline_stdp_only seed=0: -2.586e-04 -> -2.214e-04 (delta +3.72e-05, 4.4s)
[2026-04-28T04:50:56+00:00] [block1] 2/490 baseline_stdp_only seed=1: -2.678e-04 -> -2.250e-04 (delta +4.28e-05, 1.7s)
[2026-04-28T04:50:58+00:00] [block1] 3/490 baseline_stdp_only seed=2: -2.716e-04 -> -2.263e-04 (delta +4.53e-05, 1.7s)
[2026-04-28T04:51:00+00:00] [block1] 4/490 baseline_stdp_only seed=3: -2.792e-04 -> -2.367e-04 (delta +4.24e-05, 1.7s)
[2026-04-28T04:51:02+00:00] [block1] 5/490 baseline_stdp_only seed=4: -2.665e-04 -> -2.233e-04 (delta +4.32e-05, 1.7s)
[2026-04-28T04:51:03+00:00] [block1] 6/490 baseline_release_only seed=0: -2.586e-04 -> -2.201e-04 (delta +3.85e-05, 1.7s)
[2026-04-28T04:51:05+00:00] [block1] 7/490 baseline_release_only seed=1: -2.678e-04 -> -2.259e-04 (delta +4.19e-05, 1.7s)
[2026-04-28T04:51:07+00:00] [block1] 8/490 baseline_release_only seed=2: -2.716e-04 -> -2.267e-04 (delta +4.49e-05, 1.7s)
[2026-04-28T04:51:09+00:00] [block1] 9/490 baseline_release_only seed=3: -2.792e-04 -> -2.381e-04 (delta +4.11e-05, 1.7s)
[2026-04-28T04:51:10+00:00] [block1] 10/490 baseline_release_only seed=4: -2.665e-04 -> -2.218e-04 (delta +4.47e-05, 1.7s)
[2026-04-28T04:51:14+00:00] [block1] 11/490 stochastic_uniform_iv0.2_thr0.05_dur200 seed=0: -2.586e-04 -> -2.183e-04 (delta +4.03e-05, 4.2s)
[2026-04-28T04:51:18+00:00] [block1] 12/490 stochastic_uniform_iv0.2_thr0.05_dur200 seed=1: -2.678e-04 -> -2.285e-04 (delta +3.93e-05, 3.2s)
[2026-04-28T04:51:21+00:00] [block1] 13/490 stochastic_uniform_iv0.2_thr0.05_dur200 seed=2: -2.716e-04 -> -2.250e-04 (delta +4.66e-05, 3.3s)
[2026-04-28T04:51:24+00:00] [block1] 14/490 stochastic_uniform_iv0.2_thr0.05_dur200 seed=3: -2.792e-04 -> -2.357e-04 (delta +4.35e-05, 3.3s)
[2026-04-28T04:51:28+00:00] [block1] 15/490 stochastic_uniform_iv0.2_thr0.05_dur200 seed=4: -2.665e-04 -> -2.228e-04 (delta +4.37e-05, 3.3s)
[2026-04-28T04:51:32+00:00] [block1] 16/490 stochastic_uniform_iv0.2_thr0.05_dur1000 seed=0: -2.586e-04 -> -2.180e-04 (delta +4.06e-05, 4.2s)
[2026-04-28T04:51:35+00:00] [block1] 17/490 stochastic_uniform_iv0.2_thr0.05_dur1000 seed=1: -2.678e-04 -> -2.270e-04 (delta +4.08e-05, 3.3s)
[2026-04-28T04:51:39+00:00] [block1] 18/490 stochastic_uniform_iv0.2_thr0.05_dur1000 seed=2: -2.716e-04 -> -2.235e-04 (delta +4.81e-05, 3.3s)
[2026-04-28T04:51:42+00:00] [block1] 19/490 stochastic_uniform_iv0.2_thr0.05_dur1000 seed=3: -2.792e-04 -> -2.370e-04 (delta +4.21e-05, 3.2s)
[2026-04-28T04:51:45+00:00] [block1] 20/490 stochastic_uniform_iv0.2_thr0.05_dur1000 seed=4: -2.665e-04 -> -2.235e-04 (delta +4.30e-05, 3.2s)
[2026-04-28T04:51:49+00:00] [block1] 21/490 stochastic_uniform_iv0.2_thr0.20_dur200 seed=0: -2.586e-04 -> -2.172e-04 (delta +4.14e-05, 4.1s)
[2026-04-28T04:51:53+00:00] [block1] 22/490 stochastic_uniform_iv0.2_thr0.20_dur200 seed=1: -2.678e-04 -> -2.268e-04 (delta +4.10e-05, 3.3s)
[2026-04-28T04:51:56+00:00] [block1] 23/490 stochastic_uniform_iv0.2_thr0.20_dur200 seed=2: -2.716e-04 -> -2.252e-04 (delta +4.63e-05, 3.2s)
[2026-04-28T04:51:59+00:00] [block1] 24/490 stochastic_uniform_iv0.2_thr0.20_dur200 seed=3: -2.792e-04 -> -2.340e-04 (delta +4.52e-05, 3.2s)
[2026-04-28T04:52:02+00:00] [block1] 25/490 stochastic_uniform_iv0.2_thr0.20_dur200 seed=4: -2.665e-04 -> -2.227e-04 (delta +4.38e-05, 3.2s)
[2026-04-28T04:52:07+00:00] [block1] 26/490 stochastic_uniform_iv0.2_thr0.20_dur1000 seed=0: -2.586e-04 -> -2.228e-04 (delta +3.58e-05, 4.1s)
[2026-04-28T04:52:10+00:00] [block1] 27/490 stochastic_uniform_iv0.2_thr0.20_dur1000 seed=1: -2.678e-04 -> -2.252e-04 (delta +4.26e-05, 3.2s)
[2026-04-28T04:52:13+00:00] [block1] 28/490 stochastic_uniform_iv0.2_thr0.20_dur1000 seed=2: -2.716e-04 -> -2.266e-04 (delta +4.50e-05, 3.2s)
[2026-04-28T04:52:16+00:00] [block1] 29/490 stochastic_uniform_iv0.2_thr0.20_dur1000 seed=3: -2.792e-04 -> -2.351e-04 (delta +4.40e-05, 3.2s)
[2026-04-28T04:52:20+00:00] [block1] 30/490 stochastic_uniform_iv0.2_thr0.20_dur1000 seed=4: -2.665e-04 -> -2.242e-04 (delta +4.23e-05, 3.2s)
[2026-04-28T04:52:24+00:00] [block1] 31/490 stochastic_uniform_iv1.0_thr0.05_dur200 seed=0: -2.586e-04 -> -2.201e-04 (delta +3.85e-05, 4.1s)
[2026-04-28T04:52:27+00:00] [block1] 32/490 stochastic_uniform_iv1.0_thr0.05_dur200 seed=1: -2.678e-04 -> -2.280e-04 (delta +3.98e-05, 3.2s)
[2026-04-28T04:52:30+00:00] [block1] 33/490 stochastic_uniform_iv1.0_thr0.05_dur200 seed=2: -2.716e-04 -> -2.258e-04 (delta +4.57e-05, 3.2s)
[2026-04-28T04:52:34+00:00] [block1] 34/490 stochastic_uniform_iv1.0_thr0.05_dur200 seed=3: -2.792e-04 -> -2.364e-04 (delta +4.28e-05, 3.2s)
[2026-04-28T04:52:37+00:00] [block1] 35/490 stochastic_uniform_iv1.0_thr0.05_dur200 seed=4: -2.665e-04 -> -2.261e-04 (delta +4.03e-05, 3.2s)
[2026-04-28T04:52:41+00:00] [block1] 36/490 stochastic_uniform_iv1.0_thr0.05_dur1000 seed=0: -2.586e-04 -> -2.227e-04 (delta +3.59e-05, 4.1s)
[2026-04-28T04:52:44+00:00] [block1] 37/490 stochastic_uniform_iv1.0_thr0.05_dur1000 seed=1: -2.678e-04 -> -2.302e-04 (delta +3.76e-05, 3.2s)
[2026-04-28T04:52:48+00:00] [block1] 38/490 stochastic_uniform_iv1.0_thr0.05_dur1000 seed=2: -2.716e-04 -> -2.301e-04 (delta +4.14e-05, 3.2s)
[2026-04-28T04:52:51+00:00] [block1] 39/490 stochastic_uniform_iv1.0_thr0.05_dur1000 seed=3: -2.792e-04 -> -2.348e-04 (delta +4.43e-05, 3.3s)
[2026-04-28T04:52:54+00:00] [block1] 40/490 stochastic_uniform_iv1.0_thr0.05_dur1000 seed=4: -2.665e-04 -> -2.256e-04 (delta +4.09e-05, 3.2s)
[2026-04-28T04:52:58+00:00] [block1] 41/490 stochastic_uniform_iv1.0_thr0.20_dur200 seed=0: -2.586e-04 -> -2.253e-04 (delta +3.33e-05, 3.2s)
[2026-04-28T04:53:01+00:00] [block1] 42/490 stochastic_uniform_iv1.0_thr0.20_dur200 seed=1: -2.678e-04 -> -2.230e-04 (delta +4.48e-05, 3.2s)
[2026-04-28T04:53:04+00:00] [block1] 43/490 stochastic_uniform_iv1.0_thr0.20_dur200 seed=2: -2.716e-04 -> -2.309e-04 (delta +4.07e-05, 3.2s)
[2026-04-28T04:53:08+00:00] [block1] 44/490 stochastic_uniform_iv1.0_thr0.20_dur200 seed=3: -2.792e-04 -> -2.389e-04 (delta +4.03e-05, 3.2s)
[2026-04-28T04:53:11+00:00] [block1] 45/490 stochastic_uniform_iv1.0_thr0.20_dur200 seed=4: -2.665e-04 -> -2.235e-04 (delta +4.30e-05, 3.2s)
[2026-04-28T04:53:14+00:00] [block1] 46/490 stochastic_uniform_iv1.0_thr0.20_dur1000 seed=0: -2.586e-04 -> -2.215e-04 (delta +3.71e-05, 3.2s)
[2026-04-28T04:53:17+00:00] [block1] 47/490 stochastic_uniform_iv1.0_thr0.20_dur1000 seed=1: -2.678e-04 -> -2.277e-04 (delta +4.01e-05, 3.2s)
[2026-04-28T04:53:21+00:00] [block1] 48/490 stochastic_uniform_iv1.0_thr0.20_dur1000 seed=2: -2.716e-04 -> -2.300e-04 (delta +4.16e-05, 3.2s)
[2026-04-28T04:53:24+00:00] [block1] 49/490 stochastic_uniform_iv1.0_thr0.20_dur1000 seed=3: -2.792e-04 -> -2.383e-04 (delta +4.09e-05, 3.2s)
[2026-04-28T04:53:27+00:00] [block1] 50/490 stochastic_uniform_iv1.0_thr0.20_dur1000 seed=4: -2.665e-04 -> -2.244e-04 (delta +4.21e-05, 3.2s)
[2026-04-28T04:53:31+00:00] [block1] 51/490 stochastic_uniform_iv1.8_thr0.05_dur200 seed=0: -2.586e-04 -> -2.164e-04 (delta +4.22e-05, 3.2s)
[2026-04-28T04:53:34+00:00] [block1] 52/490 stochastic_uniform_iv1.8_thr0.05_dur200 seed=1: -2.678e-04 -> -2.224e-04 (delta +4.54e-05, 3.2s)
[2026-04-28T04:53:37+00:00] [block1] 53/490 stochastic_uniform_iv1.8_thr0.05_dur200 seed=2: -2.716e-04 -> -2.260e-04 (delta +4.56e-05, 3.2s)
[2026-04-28T04:53:41+00:00] [block1] 54/490 stochastic_uniform_iv1.8_thr0.05_dur200 seed=3: -2.792e-04 -> -2.395e-04 (delta +3.97e-05, 3.3s)
[2026-04-28T04:53:44+00:00] [block1] 55/490 stochastic_uniform_iv1.8_thr0.05_dur200 seed=4: -2.665e-04 -> -2.220e-04 (delta +4.45e-05, 3.2s)
[2026-04-28T04:53:47+00:00] [block1] 56/490 stochastic_uniform_iv1.8_thr0.05_dur1000 seed=0: -2.586e-04 -> -2.199e-04 (delta +3.87e-05, 3.2s)
[2026-04-28T04:53:50+00:00] [block1] 57/490 stochastic_uniform_iv1.8_thr0.05_dur1000 seed=1: -2.678e-04 -> -2.275e-04 (delta +4.03e-05, 3.2s)
[2026-04-28T04:53:54+00:00] [block1] 58/490 stochastic_uniform_iv1.8_thr0.05_dur1000 seed=2: -2.716e-04 -> -2.250e-04 (delta +4.66e-05, 3.2s)
[2026-04-28T04:53:57+00:00] [block1] 59/490 stochastic_uniform_iv1.8_thr0.05_dur1000 seed=3: -2.792e-04 -> -2.391e-04 (delta +4.00e-05, 3.2s)
[2026-04-28T04:54:00+00:00] [block1] 60/490 stochastic_uniform_iv1.8_thr0.05_dur1000 seed=4: -2.665e-04 -> -2.259e-04 (delta +4.06e-05, 3.2s)
[2026-04-28T04:54:04+00:00] [block1] 61/490 stochastic_uniform_iv1.8_thr0.20_dur200 seed=0: -2.586e-04 -> -2.286e-04 (delta +3.00e-05, 3.2s)
[2026-04-28T04:54:07+00:00] [block1] 62/490 stochastic_uniform_iv1.8_thr0.20_dur200 seed=1: -2.678e-04 -> -2.304e-04 (delta +3.74e-05, 3.2s)
[2026-04-28T04:54:10+00:00] [block1] 63/490 stochastic_uniform_iv1.8_thr0.20_dur200 seed=2: -2.716e-04 -> -2.282e-04 (delta +4.34e-05, 3.2s)
[2026-04-28T04:54:14+00:00] [block1] 64/490 stochastic_uniform_iv1.8_thr0.20_dur200 seed=3: -2.792e-04 -> -2.396e-04 (delta +3.95e-05, 3.2s)
[2026-04-28T04:54:17+00:00] [block1] 65/490 stochastic_uniform_iv1.8_thr0.20_dur200 seed=4: -2.665e-04 -> -2.263e-04 (delta +4.02e-05, 3.2s)
[2026-04-28T04:54:20+00:00] [block1] 66/490 stochastic_uniform_iv1.8_thr0.20_dur1000 seed=0: -2.586e-04 -> -2.225e-04 (delta +3.61e-05, 3.2s)
[2026-04-28T04:54:24+00:00] [block1] 67/490 stochastic_uniform_iv1.8_thr0.20_dur1000 seed=1: -2.678e-04 -> -2.296e-04 (delta +3.82e-05, 3.2s)
[2026-04-28T04:54:27+00:00] [block1] 68/490 stochastic_uniform_iv1.8_thr0.20_dur1000 seed=2: -2.716e-04 -> -2.299e-04 (delta +4.16e-05, 3.2s)
[2026-04-28T04:54:30+00:00] [block1] 69/490 stochastic_uniform_iv1.8_thr0.20_dur1000 seed=3: -2.792e-04 -> -2.440e-04 (delta +3.52e-05, 3.2s)
[2026-04-28T04:54:34+00:00] [block1] 70/490 stochastic_uniform_iv1.8_thr0.20_dur1000 seed=4: -2.665e-04 -> -2.248e-04 (delta +4.17e-05, 3.2s)
[2026-04-28T04:54:38+00:00] [block1] 71/490 stochastic_hebbian_iv0.2_thr0.05_dur200 seed=0: -2.586e-04 -> -2.189e-04 (delta +3.97e-05, 4.0s)
[2026-04-28T04:54:42+00:00] [block1] 72/490 stochastic_hebbian_iv0.2_thr0.05_dur200 seed=1: -2.678e-04 -> -2.257e-04 (delta +4.21e-05, 3.8s)
[2026-04-28T04:54:46+00:00] [block1] 73/490 stochastic_hebbian_iv0.2_thr0.05_dur200 seed=2: -2.716e-04 -> -2.270e-04 (delta +4.46e-05, 3.8s)
[2026-04-28T04:54:50+00:00] [block1] 74/490 stochastic_hebbian_iv0.2_thr0.05_dur200 seed=3: -2.792e-04 -> -2.367e-04 (delta +4.25e-05, 3.8s)
[2026-04-28T04:54:54+00:00] [block1] 75/490 stochastic_hebbian_iv0.2_thr0.05_dur200 seed=4: -2.665e-04 -> -2.246e-04 (delta +4.19e-05, 3.9s)
[2026-04-28T04:54:58+00:00] [block1] 76/490 stochastic_hebbian_iv0.2_thr0.05_dur1000 seed=0: -2.586e-04 -> -2.180e-04 (delta +4.06e-05, 3.9s)
[2026-04-28T04:55:02+00:00] [block1] 77/490 stochastic_hebbian_iv0.2_thr0.05_dur1000 seed=1: -2.678e-04 -> -2.247e-04 (delta +4.31e-05, 3.9s)
[2026-04-28T04:55:06+00:00] [block1] 78/490 stochastic_hebbian_iv0.2_thr0.05_dur1000 seed=2: -2.716e-04 -> -2.251e-04 (delta +4.65e-05, 3.9s)
[2026-04-28T04:55:10+00:00] [block1] 79/490 stochastic_hebbian_iv0.2_thr0.05_dur1000 seed=3: -2.792e-04 -> -2.367e-04 (delta +4.24e-05, 3.9s)
[2026-04-28T04:55:14+00:00] [block1] 80/490 stochastic_hebbian_iv0.2_thr0.05_dur1000 seed=4: -2.665e-04 -> -2.241e-04 (delta +4.24e-05, 3.8s)
[2026-04-28T04:55:18+00:00] [block1] 81/490 stochastic_hebbian_iv0.2_thr0.20_dur200 seed=0: -2.586e-04 -> -2.135e-04 (delta +4.51e-05, 3.9s)
[2026-04-28T04:55:21+00:00] [block1] 82/490 stochastic_hebbian_iv0.2_thr0.20_dur200 seed=1: -2.678e-04 -> -2.283e-04 (delta +3.95e-05, 3.8s)
[2026-04-28T04:55:25+00:00] [block1] 83/490 stochastic_hebbian_iv0.2_thr0.20_dur200 seed=2: -2.716e-04 -> -2.262e-04 (delta +4.53e-05, 3.8s)
[2026-04-28T04:55:29+00:00] [block1] 84/490 stochastic_hebbian_iv0.2_thr0.20_dur200 seed=3: -2.792e-04 -> -2.360e-04 (delta +4.31e-05, 3.8s)
[2026-04-28T04:55:33+00:00] [block1] 85/490 stochastic_hebbian_iv0.2_thr0.20_dur200 seed=4: -2.665e-04 -> -2.187e-04 (delta +4.78e-05, 3.8s)
[2026-04-28T04:55:37+00:00] [block1] 86/490 stochastic_hebbian_iv0.2_thr0.20_dur1000 seed=0: -2.586e-04 -> -2.195e-04 (delta +3.91e-05, 4.0s)
[2026-04-28T04:55:41+00:00] [block1] 87/490 stochastic_hebbian_iv0.2_thr0.20_dur1000 seed=1: -2.678e-04 -> -2.259e-04 (delta +4.19e-05, 3.9s)
[2026-04-28T04:55:45+00:00] [block1] 88/490 stochastic_hebbian_iv0.2_thr0.20_dur1000 seed=2: -2.716e-04 -> -2.298e-04 (delta +4.17e-05, 3.8s)
[2026-04-28T04:55:49+00:00] [block1] 89/490 stochastic_hebbian_iv0.2_thr0.20_dur1000 seed=3: -2.792e-04 -> -2.326e-04 (delta +4.66e-05, 3.8s)
[2026-04-28T04:55:53+00:00] [block1] 90/490 stochastic_hebbian_iv0.2_thr0.20_dur1000 seed=4: -2.665e-04 -> -2.206e-04 (delta +4.59e-05, 3.8s)
[2026-04-28T04:55:57+00:00] [block1] 91/490 stochastic_hebbian_iv1.0_thr0.05_dur200 seed=0: -2.586e-04 -> -2.232e-04 (delta +3.54e-05, 3.9s)
[2026-04-28T04:56:01+00:00] [block1] 92/490 stochastic_hebbian_iv1.0_thr0.05_dur200 seed=1: -2.678e-04 -> -2.227e-04 (delta +4.51e-05, 3.8s)
[2026-04-28T04:56:05+00:00] [block1] 93/490 stochastic_hebbian_iv1.0_thr0.05_dur200 seed=2: -2.716e-04 -> -2.270e-04 (delta +4.45e-05, 3.8s)
[2026-04-28T04:56:09+00:00] [block1] 94/490 stochastic_hebbian_iv1.0_thr0.05_dur200 seed=3: -2.792e-04 -> -2.401e-04 (delta +3.91e-05, 3.8s)
[2026-04-28T04:56:13+00:00] [block1] 95/490 stochastic_hebbian_iv1.0_thr0.05_dur200 seed=4: -2.665e-04 -> -2.229e-04 (delta +4.36e-05, 3.8s)
[2026-04-28T04:56:17+00:00] [block1] 96/490 stochastic_hebbian_iv1.0_thr0.05_dur1000 seed=0: -2.586e-04 -> -2.238e-04 (delta +3.47e-05, 3.9s)
[2026-04-28T04:56:21+00:00] [block1] 97/490 stochastic_hebbian_iv1.0_thr0.05_dur1000 seed=1: -2.678e-04 -> -2.266e-04 (delta +4.12e-05, 3.9s)
[2026-04-28T04:56:25+00:00] [block1] 98/490 stochastic_hebbian_iv1.0_thr0.05_dur1000 seed=2: -2.716e-04 -> -2.298e-04 (delta +4.18e-05, 3.9s)
[2026-04-28T04:56:29+00:00] [block1] 99/490 stochastic_hebbian_iv1.0_thr0.05_dur1000 seed=3: -2.792e-04 -> -2.376e-04 (delta +4.15e-05, 3.8s)
[2026-04-28T04:56:33+00:00] [block1] 100/490 stochastic_hebbian_iv1.0_thr0.05_dur1000 seed=4: -2.665e-04 -> -2.235e-04 (delta +4.30e-05, 3.8s)
[2026-04-28T04:56:37+00:00] [block1] 101/490 stochastic_hebbian_iv1.0_thr0.20_dur200 seed=0: -2.586e-04 -> -2.214e-04 (delta +3.72e-05, 3.9s)
[2026-04-28T04:56:41+00:00] [block1] 102/490 stochastic_hebbian_iv1.0_thr0.20_dur200 seed=1: -2.678e-04 -> -2.282e-04 (delta +3.96e-05, 3.8s)
[2026-04-28T04:56:45+00:00] [block1] 103/490 stochastic_hebbian_iv1.0_thr0.20_dur200 seed=2: -2.716e-04 -> -2.306e-04 (delta +4.10e-05, 3.8s)
[2026-04-28T04:56:49+00:00] [block1] 104/490 stochastic_hebbian_iv1.0_thr0.20_dur200 seed=3: -2.792e-04 -> -2.377e-04 (delta +4.15e-05, 3.9s)
[2026-04-28T04:56:53+00:00] [block1] 105/490 stochastic_hebbian_iv1.0_thr0.20_dur200 seed=4: -2.665e-04 -> -2.271e-04 (delta +3.94e-05, 3.9s)
[2026-04-28T04:56:57+00:00] [block1] 106/490 stochastic_hebbian_iv1.0_thr0.20_dur1000 seed=0: -2.586e-04 -> -2.210e-04 (delta +3.76e-05, 3.8s)
[2026-04-28T04:57:01+00:00] [block1] 107/490 stochastic_hebbian_iv1.0_thr0.20_dur1000 seed=1: -2.678e-04 -> -2.269e-04 (delta +4.09e-05, 3.8s)
[2026-04-28T04:57:05+00:00] [block1] 108/490 stochastic_hebbian_iv1.0_thr0.20_dur1000 seed=2: -2.716e-04 -> -2.318e-04 (delta +3.98e-05, 3.8s)
[2026-04-28T04:57:09+00:00] [block1] 109/490 stochastic_hebbian_iv1.0_thr0.20_dur1000 seed=3: -2.792e-04 -> -2.353e-04 (delta +4.39e-05, 3.8s)
[2026-04-28T04:57:13+00:00] [block1] 110/490 stochastic_hebbian_iv1.0_thr0.20_dur1000 seed=4: -2.665e-04 -> -2.205e-04 (delta +4.60e-05, 3.8s)
[2026-04-28T04:57:17+00:00] [block1] 111/490 stochastic_hebbian_iv1.8_thr0.05_dur200 seed=0: -2.586e-04 -> -2.159e-04 (delta +4.27e-05, 3.8s)
[2026-04-28T04:57:21+00:00] [block1] 112/490 stochastic_hebbian_iv1.8_thr0.05_dur200 seed=1: -2.678e-04 -> -2.288e-04 (delta +3.90e-05, 3.8s)
[2026-04-28T04:57:25+00:00] [block1] 113/490 stochastic_hebbian_iv1.8_thr0.05_dur200 seed=2: -2.716e-04 -> -2.296e-04 (delta +4.19e-05, 3.9s)
[2026-04-28T04:57:29+00:00] [block1] 114/490 stochastic_hebbian_iv1.8_thr0.05_dur200 seed=3: -2.792e-04 -> -2.368e-04 (delta +4.24e-05, 3.9s)
[2026-04-28T04:57:33+00:00] [block1] 115/490 stochastic_hebbian_iv1.8_thr0.05_dur200 seed=4: -2.665e-04 -> -2.234e-04 (delta +4.31e-05, 3.9s)
[2026-04-28T04:57:37+00:00] [block1] 116/490 stochastic_hebbian_iv1.8_thr0.05_dur1000 seed=0: -2.586e-04 -> -2.179e-04 (delta +4.07e-05, 3.9s)
[2026-04-28T04:57:41+00:00] [block1] 117/490 stochastic_hebbian_iv1.8_thr0.05_dur1000 seed=1: -2.678e-04 -> -2.288e-04 (delta +3.90e-05, 3.9s)
[2026-04-28T04:57:45+00:00] [block1] 118/490 stochastic_hebbian_iv1.8_thr0.05_dur1000 seed=2: -2.716e-04 -> -2.333e-04 (delta +3.83e-05, 3.9s)
[2026-04-28T04:57:49+00:00] [block1] 119/490 stochastic_hebbian_iv1.8_thr0.05_dur1000 seed=3: -2.792e-04 -> -2.376e-04 (delta +4.16e-05, 3.8s)
[2026-04-28T04:57:53+00:00] [block1] 120/490 stochastic_hebbian_iv1.8_thr0.05_dur1000 seed=4: -2.665e-04 -> -2.254e-04 (delta +4.11e-05, 3.9s)
[2026-04-28T04:57:57+00:00] [block1] 121/490 stochastic_hebbian_iv1.8_thr0.20_dur200 seed=0: -2.586e-04 -> -2.267e-04 (delta +3.19e-05, 3.9s)
[2026-04-28T04:58:01+00:00] [block1] 122/490 stochastic_hebbian_iv1.8_thr0.20_dur200 seed=1: -2.678e-04 -> -2.336e-04 (delta +3.42e-05, 3.8s)
[2026-04-28T04:58:05+00:00] [block1] 123/490 stochastic_hebbian_iv1.8_thr0.20_dur200 seed=2: -2.716e-04 -> -2.328e-04 (delta +3.88e-05, 3.9s)
[2026-04-28T04:58:09+00:00] [block1] 124/490 stochastic_hebbian_iv1.8_thr0.20_dur200 seed=3: -2.792e-04 -> -2.360e-04 (delta +4.31e-05, 3.9s)
[2026-04-28T04:58:14+00:00] [block1] 125/490 stochastic_hebbian_iv1.8_thr0.20_dur200 seed=4: -2.665e-04 -> -2.291e-04 (delta +3.74e-05, 3.9s)
[2026-04-28T04:58:18+00:00] [block1] 126/490 stochastic_hebbian_iv1.8_thr0.20_dur1000 seed=0: -2.586e-04 -> -2.261e-04 (delta +3.25e-05, 3.9s)
[2026-04-28T04:58:22+00:00] [block1] 127/490 stochastic_hebbian_iv1.8_thr0.20_dur1000 seed=1: -2.678e-04 -> -2.305e-04 (delta +3.73e-05, 3.9s)
[2026-04-28T04:58:26+00:00] [block1] 128/490 stochastic_hebbian_iv1.8_thr0.20_dur1000 seed=2: -2.716e-04 -> -2.312e-04 (delta +4.04e-05, 3.9s)
[2026-04-28T04:58:30+00:00] [block1] 129/490 stochastic_hebbian_iv1.8_thr0.20_dur1000 seed=3: -2.792e-04 -> -2.402e-04 (delta +3.90e-05, 3.9s)
[2026-04-28T04:58:34+00:00] [block1] 130/490 stochastic_hebbian_iv1.8_thr0.20_dur1000 seed=4: -2.665e-04 -> -2.249e-04 (delta +4.16e-05, 3.9s)
[2026-04-28T04:58:37+00:00] [block1] 131/490 periodic_uniform_iv0.2_thr0.05_dur200 seed=0: -2.586e-04 -> -2.231e-04 (delta +3.55e-05, 3.4s)
[2026-04-28T04:58:41+00:00] [block1] 132/490 periodic_uniform_iv0.2_thr0.05_dur200 seed=1: -2.678e-04 -> -2.238e-04 (delta +4.40e-05, 3.3s)
[2026-04-28T04:58:44+00:00] [block1] 133/490 periodic_uniform_iv0.2_thr0.05_dur200 seed=2: -2.716e-04 -> -2.266e-04 (delta +4.50e-05, 3.3s)
[2026-04-28T04:58:48+00:00] [block1] 134/490 periodic_uniform_iv0.2_thr0.05_dur200 seed=3: -2.792e-04 -> -2.376e-04 (delta +4.16e-05, 3.3s)
[2026-04-28T04:58:51+00:00] [block1] 135/490 periodic_uniform_iv0.2_thr0.05_dur200 seed=4: -2.665e-04 -> -2.203e-04 (delta +4.62e-05, 3.3s)
[2026-04-28T04:58:55+00:00] [block1] 136/490 periodic_uniform_iv0.2_thr0.05_dur1000 seed=0: -2.586e-04 -> -2.256e-04 (delta +3.29e-05, 3.3s)
[2026-04-28T04:58:58+00:00] [block1] 137/490 periodic_uniform_iv0.2_thr0.05_dur1000 seed=1: -2.678e-04 -> -2.238e-04 (delta +4.40e-05, 3.3s)
[2026-04-28T04:59:02+00:00] [block1] 138/490 periodic_uniform_iv0.2_thr0.05_dur1000 seed=2: -2.716e-04 -> -2.302e-04 (delta +4.13e-05, 3.3s)
[2026-04-28T04:59:05+00:00] [block1] 139/490 periodic_uniform_iv0.2_thr0.05_dur1000 seed=3: -2.792e-04 -> -2.387e-04 (delta +4.05e-05, 3.3s)
[2026-04-28T04:59:09+00:00] [block1] 140/490 periodic_uniform_iv0.2_thr0.05_dur1000 seed=4: -2.665e-04 -> -2.211e-04 (delta +4.54e-05, 3.3s)
[2026-04-28T04:59:12+00:00] [block1] 141/490 periodic_uniform_iv0.2_thr0.20_dur200 seed=0: -2.586e-04 -> -2.197e-04 (delta +3.89e-05, 3.3s)
[2026-04-28T04:59:16+00:00] [block1] 142/490 periodic_uniform_iv0.2_thr0.20_dur200 seed=1: -2.678e-04 -> -2.241e-04 (delta +4.37e-05, 3.3s)
[2026-04-28T04:59:19+00:00] [block1] 143/490 periodic_uniform_iv0.2_thr0.20_dur200 seed=2: -2.716e-04 -> -2.266e-04 (delta +4.50e-05, 3.3s)
[2026-04-28T04:59:23+00:00] [block1] 144/490 periodic_uniform_iv0.2_thr0.20_dur200 seed=3: -2.792e-04 -> -2.381e-04 (delta +4.11e-05, 3.4s)
[2026-04-28T04:59:26+00:00] [block1] 145/490 periodic_uniform_iv0.2_thr0.20_dur200 seed=4: -2.665e-04 -> -2.191e-04 (delta +4.74e-05, 3.3s)
[2026-04-28T04:59:30+00:00] [block1] 146/490 periodic_uniform_iv0.2_thr0.20_dur1000 seed=0: -2.586e-04 -> -2.239e-04 (delta +3.47e-05, 3.3s)
[2026-04-28T04:59:33+00:00] [block1] 147/490 periodic_uniform_iv0.2_thr0.20_dur1000 seed=1: -2.678e-04 -> -2.262e-04 (delta +4.16e-05, 3.3s)
[2026-04-28T04:59:37+00:00] [block1] 148/490 periodic_uniform_iv0.2_thr0.20_dur1000 seed=2: -2.716e-04 -> -2.234e-04 (delta +4.82e-05, 3.3s)
[2026-04-28T04:59:40+00:00] [block1] 149/490 periodic_uniform_iv0.2_thr0.20_dur1000 seed=3: -2.792e-04 -> -2.364e-04 (delta +4.27e-05, 3.3s)
[2026-04-28T04:59:43+00:00] [block1] 150/490 periodic_uniform_iv0.2_thr0.20_dur1000 seed=4: -2.665e-04 -> -2.258e-04 (delta +4.07e-05, 3.3s)
[2026-04-28T04:59:47+00:00] [block1] 151/490 periodic_uniform_iv1.0_thr0.05_dur200 seed=0: -2.586e-04 -> -2.232e-04 (delta +3.53e-05, 3.3s)
[2026-04-28T04:59:50+00:00] [block1] 152/490 periodic_uniform_iv1.0_thr0.05_dur200 seed=1: -2.678e-04 -> -2.309e-04 (delta +3.69e-05, 3.3s)
[2026-04-28T04:59:54+00:00] [block1] 153/490 periodic_uniform_iv1.0_thr0.05_dur200 seed=2: -2.716e-04 -> -2.297e-04 (delta +4.18e-05, 3.3s)
[2026-04-28T04:59:57+00:00] [block1] 154/490 periodic_uniform_iv1.0_thr0.05_dur200 seed=3: -2.792e-04 -> -2.375e-04 (delta +4.17e-05, 3.3s)
[2026-04-28T05:00:01+00:00] [block1] 155/490 periodic_uniform_iv1.0_thr0.05_dur200 seed=4: -2.665e-04 -> -2.236e-04 (delta +4.29e-05, 3.3s)
[2026-04-28T05:00:04+00:00] [block1] 156/490 periodic_uniform_iv1.0_thr0.05_dur1000 seed=0: -2.586e-04 -> -2.212e-04 (delta +3.73e-05, 3.3s)
[2026-04-28T05:00:08+00:00] [block1] 157/490 periodic_uniform_iv1.0_thr0.05_dur1000 seed=1: -2.678e-04 -> -2.250e-04 (delta +4.28e-05, 3.3s)
[2026-04-28T05:00:11+00:00] [block1] 158/490 periodic_uniform_iv1.0_thr0.05_dur1000 seed=2: -2.716e-04 -> -2.267e-04 (delta +4.49e-05, 3.3s)
[2026-04-28T05:00:15+00:00] [block1] 159/490 periodic_uniform_iv1.0_thr0.05_dur1000 seed=3: -2.792e-04 -> -2.382e-04 (delta +4.10e-05, 3.3s)
[2026-04-28T05:00:18+00:00] [block1] 160/490 periodic_uniform_iv1.0_thr0.05_dur1000 seed=4: -2.665e-04 -> -2.207e-04 (delta +4.58e-05, 3.3s)
[2026-04-28T05:00:22+00:00] [block1] 161/490 periodic_uniform_iv1.0_thr0.20_dur200 seed=0: -2.586e-04 -> -2.211e-04 (delta +3.75e-05, 3.3s)
[2026-04-28T05:00:25+00:00] [block1] 162/490 periodic_uniform_iv1.0_thr0.20_dur200 seed=1: -2.678e-04 -> -2.291e-04 (delta +3.87e-05, 3.3s)
[2026-04-28T05:00:29+00:00] [block1] 163/490 periodic_uniform_iv1.0_thr0.20_dur200 seed=2: -2.716e-04 -> -2.280e-04 (delta +4.36e-05, 3.2s)
[2026-04-28T05:00:32+00:00] [block1] 164/490 periodic_uniform_iv1.0_thr0.20_dur200 seed=3: -2.792e-04 -> -2.399e-04 (delta +3.93e-05, 3.3s)
[2026-04-28T05:00:36+00:00] [block1] 165/490 periodic_uniform_iv1.0_thr0.20_dur200 seed=4: -2.665e-04 -> -2.235e-04 (delta +4.30e-05, 3.3s)
[2026-04-28T05:00:39+00:00] [block1] 166/490 periodic_uniform_iv1.0_thr0.20_dur1000 seed=0: -2.586e-04 -> -2.247e-04 (delta +3.39e-05, 3.3s)
[2026-04-28T05:00:43+00:00] [block1] 167/490 periodic_uniform_iv1.0_thr0.20_dur1000 seed=1: -2.678e-04 -> -2.249e-04 (delta +4.29e-05, 3.3s)
[2026-04-28T05:00:46+00:00] [block1] 168/490 periodic_uniform_iv1.0_thr0.20_dur1000 seed=2: -2.716e-04 -> -2.317e-04 (delta +3.99e-05, 3.3s)
[2026-04-28T05:00:50+00:00] [block1] 169/490 periodic_uniform_iv1.0_thr0.20_dur1000 seed=3: -2.792e-04 -> -2.389e-04 (delta +4.03e-05, 3.3s)
[2026-04-28T05:00:53+00:00] [block1] 170/490 periodic_uniform_iv1.0_thr0.20_dur1000 seed=4: -2.665e-04 -> -2.271e-04 (delta +3.94e-05, 3.3s)
[2026-04-28T05:00:57+00:00] [block1] 171/490 periodic_uniform_iv1.8_thr0.05_dur200 seed=0: -2.586e-04 -> -2.218e-04 (delta +3.68e-05, 3.3s)
[2026-04-28T05:01:00+00:00] [block1] 172/490 periodic_uniform_iv1.8_thr0.05_dur200 seed=1: -2.678e-04 -> -2.265e-04 (delta +4.13e-05, 3.3s)
[2026-04-28T05:01:04+00:00] [block1] 173/490 periodic_uniform_iv1.8_thr0.05_dur200 seed=2: -2.716e-04 -> -2.264e-04 (delta +4.51e-05, 3.3s)
[2026-04-28T05:01:07+00:00] [block1] 174/490 periodic_uniform_iv1.8_thr0.05_dur200 seed=3: -2.792e-04 -> -2.391e-04 (delta +4.01e-05, 3.3s)
[2026-04-28T05:01:11+00:00] [block1] 175/490 periodic_uniform_iv1.8_thr0.05_dur200 seed=4: -2.665e-04 -> -2.251e-04 (delta +4.14e-05, 3.3s)
[2026-04-28T05:01:14+00:00] [block1] 176/490 periodic_uniform_iv1.8_thr0.05_dur1000 seed=0: -2.586e-04 -> -2.200e-04 (delta +3.86e-05, 3.3s)
[2026-04-28T05:01:18+00:00] [block1] 177/490 periodic_uniform_iv1.8_thr0.05_dur1000 seed=1: -2.678e-04 -> -2.287e-04 (delta +3.91e-05, 3.3s)
[2026-04-28T05:01:21+00:00] [block1] 178/490 periodic_uniform_iv1.8_thr0.05_dur1000 seed=2: -2.716e-04 -> -2.272e-04 (delta +4.43e-05, 3.3s)
[2026-04-28T05:01:25+00:00] [block1] 179/490 periodic_uniform_iv1.8_thr0.05_dur1000 seed=3: -2.792e-04 -> -2.371e-04 (delta +4.21e-05, 3.3s)
[2026-04-28T05:01:28+00:00] [block1] 180/490 periodic_uniform_iv1.8_thr0.05_dur1000 seed=4: -2.665e-04 -> -2.290e-04 (delta +3.75e-05, 3.3s)
[2026-04-28T05:01:32+00:00] [block1] 181/490 periodic_uniform_iv1.8_thr0.20_dur200 seed=0: -2.586e-04 -> -2.208e-04 (delta +3.78e-05, 3.3s)
[2026-04-28T05:01:35+00:00] [block1] 182/490 periodic_uniform_iv1.8_thr0.20_dur200 seed=1: -2.678e-04 -> -2.309e-04 (delta +3.70e-05, 3.3s)
[2026-04-28T05:01:39+00:00] [block1] 183/490 periodic_uniform_iv1.8_thr0.20_dur200 seed=2: -2.716e-04 -> -2.271e-04 (delta +4.44e-05, 3.4s)
[2026-04-28T05:01:43+00:00] [block1] 184/490 periodic_uniform_iv1.8_thr0.20_dur200 seed=3: -2.792e-04 -> -2.333e-04 (delta +4.59e-05, 3.3s)
[2026-04-28T05:01:46+00:00] [block1] 185/490 periodic_uniform_iv1.8_thr0.20_dur200 seed=4: -2.665e-04 -> -2.296e-04 (delta +3.69e-05, 3.3s)
[2026-04-28T05:01:50+00:00] [block1] 186/490 periodic_uniform_iv1.8_thr0.20_dur1000 seed=0: -2.586e-04 -> -2.204e-04 (delta +3.82e-05, 3.3s)
[2026-04-28T05:01:53+00:00] [block1] 187/490 periodic_uniform_iv1.8_thr0.20_dur1000 seed=1: -2.678e-04 -> -2.267e-04 (delta +4.11e-05, 3.3s)
[2026-04-28T05:01:57+00:00] [block1] 188/490 periodic_uniform_iv1.8_thr0.20_dur1000 seed=2: -2.716e-04 -> -2.368e-04 (delta +3.48e-05, 3.3s)
[2026-04-28T05:02:00+00:00] [block1] 189/490 periodic_uniform_iv1.8_thr0.20_dur1000 seed=3: -2.792e-04 -> -2.336e-04 (delta +4.56e-05, 3.3s)
[2026-04-28T05:02:04+00:00] [block1] 190/490 periodic_uniform_iv1.8_thr0.20_dur1000 seed=4: -2.665e-04 -> -2.274e-04 (delta +3.91e-05, 3.3s)
[2026-04-28T05:02:08+00:00] [block1] 191/490 periodic_hebbian_iv0.2_thr0.05_dur200 seed=0: -2.586e-04 -> -2.198e-04 (delta +3.88e-05, 3.9s)
[2026-04-28T05:02:12+00:00] [block1] 192/490 periodic_hebbian_iv0.2_thr0.05_dur200 seed=1: -2.678e-04 -> -2.259e-04 (delta +4.19e-05, 3.9s)
[2026-04-28T05:02:16+00:00] [block1] 193/490 periodic_hebbian_iv0.2_thr0.05_dur200 seed=2: -2.716e-04 -> -2.242e-04 (delta +4.74e-05, 3.9s)
[2026-04-28T05:02:20+00:00] [block1] 194/490 periodic_hebbian_iv0.2_thr0.05_dur200 seed=3: -2.792e-04 -> -2.397e-04 (delta +3.94e-05, 3.9s)
[2026-04-28T05:02:24+00:00] [block1] 195/490 periodic_hebbian_iv0.2_thr0.05_dur200 seed=4: -2.665e-04 -> -2.222e-04 (delta +4.42e-05, 3.9s)
[2026-04-28T05:02:28+00:00] [block1] 196/490 periodic_hebbian_iv0.2_thr0.05_dur1000 seed=0: -2.586e-04 -> -2.224e-04 (delta +3.62e-05, 3.9s)
[2026-04-28T05:02:33+00:00] [block1] 197/490 periodic_hebbian_iv0.2_thr0.05_dur1000 seed=1: -2.678e-04 -> -2.226e-04 (delta +4.52e-05, 3.9s)
[2026-04-28T05:02:37+00:00] [block1] 198/490 periodic_hebbian_iv0.2_thr0.05_dur1000 seed=2: -2.716e-04 -> -2.279e-04 (delta +4.37e-05, 3.9s)
[2026-04-28T05:02:41+00:00] [block1] 199/490 periodic_hebbian_iv0.2_thr0.05_dur1000 seed=3: -2.792e-04 -> -2.376e-04 (delta +4.15e-05, 3.9s)
[2026-04-28T05:02:45+00:00] [block1] 200/490 periodic_hebbian_iv0.2_thr0.05_dur1000 seed=4: -2.665e-04 -> -2.243e-04 (delta +4.22e-05, 3.9s)
[2026-04-28T05:02:49+00:00] [block1] 201/490 periodic_hebbian_iv0.2_thr0.20_dur200 seed=0: -2.586e-04 -> -2.234e-04 (delta +3.52e-05, 3.9s)
[2026-04-28T05:02:53+00:00] [block1] 202/490 periodic_hebbian_iv0.2_thr0.20_dur200 seed=1: -2.678e-04 -> -2.231e-04 (delta +4.47e-05, 3.9s)
[2026-04-28T05:02:58+00:00] [block1] 203/490 periodic_hebbian_iv0.2_thr0.20_dur200 seed=2: -2.716e-04 -> -2.226e-04 (delta +4.89e-05, 3.9s)
[2026-04-28T05:03:02+00:00] [block1] 204/490 periodic_hebbian_iv0.2_thr0.20_dur200 seed=3: -2.792e-04 -> -2.375e-04 (delta +4.17e-05, 3.9s)
[2026-04-28T05:03:06+00:00] [block1] 205/490 periodic_hebbian_iv0.2_thr0.20_dur200 seed=4: -2.665e-04 -> -2.226e-04 (delta +4.38e-05, 3.9s)
[2026-04-28T05:03:10+00:00] [block1] 206/490 periodic_hebbian_iv0.2_thr0.20_dur1000 seed=0: -2.586e-04 -> -2.236e-04 (delta +3.50e-05, 3.9s)
[2026-04-28T05:03:14+00:00] [block1] 207/490 periodic_hebbian_iv0.2_thr0.20_dur1000 seed=1: -2.678e-04 -> -2.258e-04 (delta +4.20e-05, 3.9s)
[2026-04-28T05:03:18+00:00] [block1] 208/490 periodic_hebbian_iv0.2_thr0.20_dur1000 seed=2: -2.716e-04 -> -2.275e-04 (delta +4.41e-05, 3.9s)
[2026-04-28T05:03:22+00:00] [block1] 209/490 periodic_hebbian_iv0.2_thr0.20_dur1000 seed=3: -2.792e-04 -> -2.345e-04 (delta +4.47e-05, 3.9s)
[2026-04-28T05:03:27+00:00] [block1] 210/490 periodic_hebbian_iv0.2_thr0.20_dur1000 seed=4: -2.665e-04 -> -2.222e-04 (delta +4.43e-05, 3.9s)
[2026-04-28T05:03:31+00:00] [block1] 211/490 periodic_hebbian_iv1.0_thr0.05_dur200 seed=0: -2.586e-04 -> -2.199e-04 (delta +3.87e-05, 3.9s)
[2026-04-28T05:03:35+00:00] [block1] 212/490 periodic_hebbian_iv1.0_thr0.05_dur200 seed=1: -2.678e-04 -> -2.302e-04 (delta +3.76e-05, 3.9s)
[2026-04-28T05:03:39+00:00] [block1] 213/490 periodic_hebbian_iv1.0_thr0.05_dur200 seed=2: -2.716e-04 -> -2.270e-04 (delta +4.46e-05, 3.9s)
[2026-04-28T05:03:43+00:00] [block1] 214/490 periodic_hebbian_iv1.0_thr0.05_dur200 seed=3: -2.792e-04 -> -2.381e-04 (delta +4.10e-05, 3.9s)
[2026-04-28T05:03:47+00:00] [block1] 215/490 periodic_hebbian_iv1.0_thr0.05_dur200 seed=4: -2.665e-04 -> -2.254e-04 (delta +4.11e-05, 3.9s)
[2026-04-28T05:03:52+00:00] [block1] 216/490 periodic_hebbian_iv1.0_thr0.05_dur1000 seed=0: -2.586e-04 -> -2.220e-04 (delta +3.66e-05, 3.8s)
[2026-04-28T05:03:56+00:00] [block1] 217/490 periodic_hebbian_iv1.0_thr0.05_dur1000 seed=1: -2.678e-04 -> -2.255e-04 (delta +4.23e-05, 3.9s)
[2026-04-28T05:04:00+00:00] [block1] 218/490 periodic_hebbian_iv1.0_thr0.05_dur1000 seed=2: -2.716e-04 -> -2.311e-04 (delta +4.05e-05, 3.9s)
[2026-04-28T05:04:04+00:00] [block1] 219/490 periodic_hebbian_iv1.0_thr0.05_dur1000 seed=3: -2.792e-04 -> -2.367e-04 (delta +4.25e-05, 3.9s)
[2026-04-28T05:04:08+00:00] [block1] 220/490 periodic_hebbian_iv1.0_thr0.05_dur1000 seed=4: -2.665e-04 -> -2.266e-04 (delta +3.99e-05, 3.9s)
[2026-04-28T05:04:12+00:00] [block1] 221/490 periodic_hebbian_iv1.0_thr0.20_dur200 seed=0: -2.586e-04 -> -2.206e-04 (delta +3.80e-05, 3.9s)
[2026-04-28T05:04:17+00:00] [block1] 222/490 periodic_hebbian_iv1.0_thr0.20_dur200 seed=1: -2.678e-04 -> -2.245e-04 (delta +4.33e-05, 3.9s)
[2026-04-28T05:04:21+00:00] [block1] 223/490 periodic_hebbian_iv1.0_thr0.20_dur200 seed=2: -2.716e-04 -> -2.240e-04 (delta +4.76e-05, 3.9s)
[2026-04-28T05:04:25+00:00] [block1] 224/490 periodic_hebbian_iv1.0_thr0.20_dur200 seed=3: -2.792e-04 -> -2.374e-04 (delta +4.18e-05, 3.9s)
[2026-04-28T05:04:29+00:00] [block1] 225/490 periodic_hebbian_iv1.0_thr0.20_dur200 seed=4: -2.665e-04 -> -2.255e-04 (delta +4.10e-05, 3.9s)
[2026-04-28T05:04:33+00:00] [block1] 226/490 periodic_hebbian_iv1.0_thr0.20_dur1000 seed=0: -2.586e-04 -> -2.275e-04 (delta +3.11e-05, 4.0s)
[2026-04-28T05:04:38+00:00] [block1] 227/490 periodic_hebbian_iv1.0_thr0.20_dur1000 seed=1: -2.678e-04 -> -2.262e-04 (delta +4.16e-05, 3.9s)
[2026-04-28T05:04:42+00:00] [block1] 228/490 periodic_hebbian_iv1.0_thr0.20_dur1000 seed=2: -2.716e-04 -> -2.276e-04 (delta +4.40e-05, 3.9s)
[2026-04-28T05:04:46+00:00] [block1] 229/490 periodic_hebbian_iv1.0_thr0.20_dur1000 seed=3: -2.792e-04 -> -2.382e-04 (delta +4.10e-05, 3.9s)
[2026-04-28T05:04:50+00:00] [block1] 230/490 periodic_hebbian_iv1.0_thr0.20_dur1000 seed=4: -2.665e-04 -> -2.258e-04 (delta +4.07e-05, 3.9s)
[2026-04-28T05:04:54+00:00] [block1] 231/490 periodic_hebbian_iv1.8_thr0.05_dur200 seed=0: -2.586e-04 -> -2.224e-04 (delta +3.62e-05, 3.9s)
[2026-04-28T05:04:59+00:00] [block1] 232/490 periodic_hebbian_iv1.8_thr0.05_dur200 seed=1: -2.678e-04 -> -2.260e-04 (delta +4.18e-05, 3.9s)
[2026-04-28T05:05:03+00:00] [block1] 233/490 periodic_hebbian_iv1.8_thr0.05_dur200 seed=2: -2.716e-04 -> -2.308e-04 (delta +4.08e-05, 3.9s)
[2026-04-28T05:05:07+00:00] [block1] 234/490 periodic_hebbian_iv1.8_thr0.05_dur200 seed=3: -2.792e-04 -> -2.384e-04 (delta +4.07e-05, 3.9s)
[2026-04-28T05:05:11+00:00] [block1] 235/490 periodic_hebbian_iv1.8_thr0.05_dur200 seed=4: -2.665e-04 -> -2.302e-04 (delta +3.63e-05, 3.9s)
[2026-04-28T05:05:15+00:00] [block1] 236/490 periodic_hebbian_iv1.8_thr0.05_dur1000 seed=0: -2.586e-04 -> -2.219e-04 (delta +3.67e-05, 3.9s)
[2026-04-28T05:05:20+00:00] [block1] 237/490 periodic_hebbian_iv1.8_thr0.05_dur1000 seed=1: -2.678e-04 -> -2.251e-04 (delta +4.27e-05, 3.9s)
[2026-04-28T05:05:24+00:00] [block1] 238/490 periodic_hebbian_iv1.8_thr0.05_dur1000 seed=2: -2.716e-04 -> -2.285e-04 (delta +4.31e-05, 3.9s)
[2026-04-28T05:05:28+00:00] [block1] 239/490 periodic_hebbian_iv1.8_thr0.05_dur1000 seed=3: -2.792e-04 -> -2.352e-04 (delta +4.40e-05, 3.9s)
[2026-04-28T05:05:32+00:00] [block1] 240/490 periodic_hebbian_iv1.8_thr0.05_dur1000 seed=4: -2.665e-04 -> -2.222e-04 (delta +4.43e-05, 3.9s)
[2026-04-28T05:05:36+00:00] [block1] 241/490 periodic_hebbian_iv1.8_thr0.20_dur200 seed=0: -2.586e-04 -> -2.271e-04 (delta +3.15e-05, 3.9s)
[2026-04-28T05:05:41+00:00] [block1] 242/490 periodic_hebbian_iv1.8_thr0.20_dur200 seed=1: -2.678e-04 -> -2.320e-04 (delta +3.58e-05, 3.9s)
[2026-04-28T05:05:45+00:00] [block1] 243/490 periodic_hebbian_iv1.8_thr0.20_dur200 seed=2: -2.716e-04 -> -2.296e-04 (delta +4.20e-05, 3.9s)
[2026-04-28T05:05:49+00:00] [block1] 244/490 periodic_hebbian_iv1.8_thr0.20_dur200 seed=3: -2.792e-04 -> -2.432e-04 (delta +3.60e-05, 3.9s)
[2026-04-28T05:05:53+00:00] [block1] 245/490 periodic_hebbian_iv1.8_thr0.20_dur200 seed=4: -2.665e-04 -> -2.263e-04 (delta +4.02e-05, 3.9s)
[2026-04-28T05:05:57+00:00] [block1] 246/490 periodic_hebbian_iv1.8_thr0.20_dur1000 seed=0: -2.586e-04 -> -2.356e-04 (delta +2.30e-05, 3.9s)
[2026-04-28T05:06:02+00:00] [block1] 247/490 periodic_hebbian_iv1.8_thr0.20_dur1000 seed=1: -2.678e-04 -> -2.318e-04 (delta +3.60e-05, 3.9s)
[2026-04-28T05:06:06+00:00] [block1] 248/490 periodic_hebbian_iv1.8_thr0.20_dur1000 seed=2: -2.716e-04 -> -2.289e-04 (delta +4.27e-05, 3.9s)
[2026-04-28T05:06:10+00:00] [block1] 249/490 periodic_hebbian_iv1.8_thr0.20_dur1000 seed=3: -2.792e-04 -> -2.362e-04 (delta +4.29e-05, 4.0s)
[2026-04-28T05:06:15+00:00] [block1] 250/490 periodic_hebbian_iv1.8_thr0.20_dur1000 seed=4: -2.665e-04 -> -2.292e-04 (delta +3.73e-05, 4.1s)
[2026-04-28T05:06:19+00:00] [block1] 251/490 valence_gated_uniform_iv0.2_thr0.05_dur200 seed=0: -2.586e-04 -> -2.142e-04 (delta +4.44e-05, 3.5s)
[2026-04-28T05:06:22+00:00] [block1] 252/490 valence_gated_uniform_iv0.2_thr0.05_dur200 seed=1: -2.678e-04 -> -2.268e-04 (delta +4.10e-05, 3.3s)
[2026-04-28T05:06:26+00:00] [block1] 253/490 valence_gated_uniform_iv0.2_thr0.05_dur200 seed=2: -2.716e-04 -> -2.261e-04 (delta +4.55e-05, 3.3s)
[2026-04-28T05:06:29+00:00] [block1] 254/490 valence_gated_uniform_iv0.2_thr0.05_dur200 seed=3: -2.792e-04 -> -2.352e-04 (delta +4.40e-05, 3.3s)
[2026-04-28T05:06:33+00:00] [block1] 255/490 valence_gated_uniform_iv0.2_thr0.05_dur200 seed=4: -2.665e-04 -> -2.215e-04 (delta +4.50e-05, 3.3s)
[2026-04-28T05:06:37+00:00] [block1] 256/490 valence_gated_uniform_iv0.2_thr0.05_dur1000 seed=0: -2.586e-04 -> -2.193e-04 (delta +3.93e-05, 3.3s)
[2026-04-28T05:06:40+00:00] [block1] 257/490 valence_gated_uniform_iv0.2_thr0.05_dur1000 seed=1: -2.678e-04 -> -2.295e-04 (delta +3.83e-05, 3.3s)
[2026-04-28T05:06:44+00:00] [block1] 258/490 valence_gated_uniform_iv0.2_thr0.05_dur1000 seed=2: -2.716e-04 -> -2.247e-04 (delta +4.69e-05, 3.3s)
[2026-04-28T05:06:48+00:00] [block1] 259/490 valence_gated_uniform_iv0.2_thr0.05_dur1000 seed=3: -2.792e-04 -> -2.344e-04 (delta +4.48e-05, 3.3s)
[2026-04-28T05:06:51+00:00] [block1] 260/490 valence_gated_uniform_iv0.2_thr0.05_dur1000 seed=4: -2.665e-04 -> -2.255e-04 (delta +4.10e-05, 3.3s)
[2026-04-28T05:06:55+00:00] [block1] 261/490 valence_gated_uniform_iv0.2_thr0.20_dur200 seed=0: -2.586e-04 -> -2.145e-04 (delta +4.40e-05, 3.3s)
[2026-04-28T05:06:58+00:00] [block1] 262/490 valence_gated_uniform_iv0.2_thr0.20_dur200 seed=1: -2.678e-04 -> -2.191e-04 (delta +4.87e-05, 3.3s)
[2026-04-28T05:07:02+00:00] [block1] 263/490 valence_gated_uniform_iv0.2_thr0.20_dur200 seed=2: -2.716e-04 -> -2.237e-04 (delta +4.79e-05, 3.3s)
[2026-04-28T05:07:06+00:00] [block1] 264/490 valence_gated_uniform_iv0.2_thr0.20_dur200 seed=3: -2.792e-04 -> -2.365e-04 (delta +4.26e-05, 3.4s)
[2026-04-28T05:07:09+00:00] [block1] 265/490 valence_gated_uniform_iv0.2_thr0.20_dur200 seed=4: -2.665e-04 -> -2.185e-04 (delta +4.80e-05, 3.3s)
[2026-04-28T05:07:13+00:00] [block1] 266/490 valence_gated_uniform_iv0.2_thr0.20_dur1000 seed=0: -2.586e-04 -> -2.208e-04 (delta +3.78e-05, 3.3s)
[2026-04-28T05:07:17+00:00] [block1] 267/490 valence_gated_uniform_iv0.2_thr0.20_dur1000 seed=1: -2.678e-04 -> -2.179e-04 (delta +4.99e-05, 3.3s)
[2026-04-28T05:07:20+00:00] [block1] 268/490 valence_gated_uniform_iv0.2_thr0.20_dur1000 seed=2: -2.716e-04 -> -2.268e-04 (delta +4.48e-05, 3.3s)
[2026-04-28T05:07:24+00:00] [block1] 269/490 valence_gated_uniform_iv0.2_thr0.20_dur1000 seed=3: -2.792e-04 -> -2.376e-04 (delta +4.16e-05, 3.4s)
[2026-04-28T05:07:28+00:00] [block1] 270/490 valence_gated_uniform_iv0.2_thr0.20_dur1000 seed=4: -2.665e-04 -> -2.249e-04 (delta +4.16e-05, 3.3s)
[2026-04-28T05:07:31+00:00] [block1] 271/490 valence_gated_uniform_iv1.0_thr0.05_dur200 seed=0: -2.586e-04 -> -2.224e-04 (delta +3.62e-05, 3.3s)
[2026-04-28T05:07:35+00:00] [block1] 272/490 valence_gated_uniform_iv1.0_thr0.05_dur200 seed=1: -2.678e-04 -> -2.266e-04 (delta +4.13e-05, 3.3s)
[2026-04-28T05:07:39+00:00] [block1] 273/490 valence_gated_uniform_iv1.0_thr0.05_dur200 seed=2: -2.716e-04 -> -2.255e-04 (delta +4.61e-05, 3.3s)
[2026-04-28T05:07:42+00:00] [block1] 274/490 valence_gated_uniform_iv1.0_thr0.05_dur200 seed=3: -2.792e-04 -> -2.343e-04 (delta +4.49e-05, 3.3s)
[2026-04-28T05:07:46+00:00] [block1] 275/490 valence_gated_uniform_iv1.0_thr0.05_dur200 seed=4: -2.665e-04 -> -2.226e-04 (delta +4.39e-05, 3.3s)
[2026-04-28T05:07:50+00:00] [block1] 276/490 valence_gated_uniform_iv1.0_thr0.05_dur1000 seed=0: -2.586e-04 -> -2.181e-04 (delta +4.05e-05, 3.3s)
[2026-04-28T05:07:53+00:00] [block1] 277/490 valence_gated_uniform_iv1.0_thr0.05_dur1000 seed=1: -2.678e-04 -> -2.228e-04 (delta +4.50e-05, 3.3s)
[2026-04-28T05:07:57+00:00] [block1] 278/490 valence_gated_uniform_iv1.0_thr0.05_dur1000 seed=2: -2.716e-04 -> -2.247e-04 (delta +4.69e-05, 3.3s)
[2026-04-28T05:08:00+00:00] [block1] 279/490 valence_gated_uniform_iv1.0_thr0.05_dur1000 seed=3: -2.792e-04 -> -2.346e-04 (delta +4.46e-05, 3.3s)
[2026-04-28T05:08:04+00:00] [block1] 280/490 valence_gated_uniform_iv1.0_thr0.05_dur1000 seed=4: -2.665e-04 -> -2.240e-04 (delta +4.25e-05, 3.3s)
[2026-04-28T05:08:08+00:00] [block1] 281/490 valence_gated_uniform_iv1.0_thr0.20_dur200 seed=0: -2.586e-04 -> -2.216e-04 (delta +3.70e-05, 3.3s)
[2026-04-28T05:08:11+00:00] [block1] 282/490 valence_gated_uniform_iv1.0_thr0.20_dur200 seed=1: -2.678e-04 -> -2.254e-04 (delta +4.24e-05, 3.3s)
[2026-04-28T05:08:15+00:00] [block1] 283/490 valence_gated_uniform_iv1.0_thr0.20_dur200 seed=2: -2.716e-04 -> -2.257e-04 (delta +4.59e-05, 3.3s)
[2026-04-28T05:08:19+00:00] [block1] 284/490 valence_gated_uniform_iv1.0_thr0.20_dur200 seed=3: -2.792e-04 -> -2.389e-04 (delta +4.03e-05, 3.3s)
[2026-04-28T05:08:22+00:00] [block1] 285/490 valence_gated_uniform_iv1.0_thr0.20_dur200 seed=4: -2.665e-04 -> -2.240e-04 (delta +4.25e-05, 3.3s)
[2026-04-28T05:08:26+00:00] [block1] 286/490 valence_gated_uniform_iv1.0_thr0.20_dur1000 seed=0: -2.586e-04 -> -2.224e-04 (delta +3.62e-05, 3.3s)
[2026-04-28T05:08:30+00:00] [block1] 287/490 valence_gated_uniform_iv1.0_thr0.20_dur1000 seed=1: -2.678e-04 -> -2.217e-04 (delta +4.61e-05, 3.3s)
[2026-04-28T05:08:33+00:00] [block1] 288/490 valence_gated_uniform_iv1.0_thr0.20_dur1000 seed=2: -2.716e-04 -> -2.239e-04 (delta +4.76e-05, 3.3s)
[2026-04-28T05:08:37+00:00] [block1] 289/490 valence_gated_uniform_iv1.0_thr0.20_dur1000 seed=3: -2.792e-04 -> -2.378e-04 (delta +4.14e-05, 3.3s)
[2026-04-28T05:08:41+00:00] [block1] 290/490 valence_gated_uniform_iv1.0_thr0.20_dur1000 seed=4: -2.665e-04 -> -2.244e-04 (delta +4.21e-05, 3.4s)
[2026-04-28T05:08:44+00:00] [block1] 291/490 valence_gated_uniform_iv1.8_thr0.05_dur200 seed=0: -2.586e-04 -> -2.208e-04 (delta +3.78e-05, 3.3s)
[2026-04-28T05:08:48+00:00] [block1] 292/490 valence_gated_uniform_iv1.8_thr0.05_dur200 seed=1: -2.678e-04 -> -2.204e-04 (delta +4.74e-05, 3.3s)
[2026-04-28T05:08:52+00:00] [block1] 293/490 valence_gated_uniform_iv1.8_thr0.05_dur200 seed=2: -2.716e-04 -> -2.249e-04 (delta +4.67e-05, 3.3s)
[2026-04-28T05:08:55+00:00] [block1] 294/490 valence_gated_uniform_iv1.8_thr0.05_dur200 seed=3: -2.792e-04 -> -2.375e-04 (delta +4.17e-05, 3.3s)
[2026-04-28T05:08:59+00:00] [block1] 295/490 valence_gated_uniform_iv1.8_thr0.05_dur200 seed=4: -2.665e-04 -> -2.245e-04 (delta +4.20e-05, 3.3s)
[2026-04-28T05:09:02+00:00] [block1] 296/490 valence_gated_uniform_iv1.8_thr0.05_dur1000 seed=0: -2.586e-04 -> -2.194e-04 (delta +3.91e-05, 3.3s)
[2026-04-28T05:09:06+00:00] [block1] 297/490 valence_gated_uniform_iv1.8_thr0.05_dur1000 seed=1: -2.678e-04 -> -2.269e-04 (delta +4.09e-05, 3.3s)
[2026-04-28T05:09:10+00:00] [block1] 298/490 valence_gated_uniform_iv1.8_thr0.05_dur1000 seed=2: -2.716e-04 -> -2.209e-04 (delta +5.07e-05, 3.3s)
[2026-04-28T05:09:13+00:00] [block1] 299/490 valence_gated_uniform_iv1.8_thr0.05_dur1000 seed=3: -2.792e-04 -> -2.318e-04 (delta +4.74e-05, 3.3s)
[2026-04-28T05:09:17+00:00] [block1] 300/490 valence_gated_uniform_iv1.8_thr0.05_dur1000 seed=4: -2.665e-04 -> -2.249e-04 (delta +4.16e-05, 3.3s)
[2026-04-28T05:09:21+00:00] [block1] 301/490 valence_gated_uniform_iv1.8_thr0.20_dur200 seed=0: -2.586e-04 -> -2.224e-04 (delta +3.62e-05, 3.3s)
[2026-04-28T05:09:24+00:00] [block1] 302/490 valence_gated_uniform_iv1.8_thr0.20_dur200 seed=1: -2.678e-04 -> -2.274e-04 (delta +4.04e-05, 3.3s)
[2026-04-28T05:09:28+00:00] [block1] 303/490 valence_gated_uniform_iv1.8_thr0.20_dur200 seed=2: -2.716e-04 -> -2.256e-04 (delta +4.59e-05, 3.3s)
[2026-04-28T05:09:32+00:00] [block1] 304/490 valence_gated_uniform_iv1.8_thr0.20_dur200 seed=3: -2.792e-04 -> -2.386e-04 (delta +4.06e-05, 3.3s)
[2026-04-28T05:09:35+00:00] [block1] 305/490 valence_gated_uniform_iv1.8_thr0.20_dur200 seed=4: -2.665e-04 -> -2.219e-04 (delta +4.46e-05, 3.3s)
[2026-04-28T05:09:39+00:00] [block1] 306/490 valence_gated_uniform_iv1.8_thr0.20_dur1000 seed=0: -2.586e-04 -> -2.182e-04 (delta +4.04e-05, 3.4s)
[2026-04-28T05:09:43+00:00] [block1] 307/490 valence_gated_uniform_iv1.8_thr0.20_dur1000 seed=1: -2.678e-04 -> -2.289e-04 (delta +3.89e-05, 3.3s)
[2026-04-28T05:09:47+00:00] [block1] 308/490 valence_gated_uniform_iv1.8_thr0.20_dur1000 seed=2: -2.716e-04 -> -2.252e-04 (delta +4.64e-05, 3.3s)
[2026-04-28T05:09:50+00:00] [block1] 309/490 valence_gated_uniform_iv1.8_thr0.20_dur1000 seed=3: -2.792e-04 -> -2.430e-04 (delta +3.61e-05, 3.3s)
[2026-04-28T05:09:54+00:00] [block1] 310/490 valence_gated_uniform_iv1.8_thr0.20_dur1000 seed=4: -2.665e-04 -> -2.315e-04 (delta +3.49e-05, 3.3s)
[2026-04-28T05:09:58+00:00] [block1] 311/490 valence_gated_hebbian_iv0.2_thr0.05_dur200 seed=0: -2.586e-04 -> -2.212e-04 (delta +3.74e-05, 3.9s)
[2026-04-28T05:10:03+00:00] [block1] 312/490 valence_gated_hebbian_iv0.2_thr0.05_dur200 seed=1: -2.678e-04 -> -2.245e-04 (delta +4.33e-05, 3.9s)
[2026-04-28T05:10:07+00:00] [block1] 313/490 valence_gated_hebbian_iv0.2_thr0.05_dur200 seed=2: -2.716e-04 -> -2.260e-04 (delta +4.56e-05, 3.9s)
[2026-04-28T05:10:11+00:00] [block1] 314/490 valence_gated_hebbian_iv0.2_thr0.05_dur200 seed=3: -2.792e-04 -> -2.400e-04 (delta +3.92e-05, 3.9s)
[2026-04-28T05:10:16+00:00] [block1] 315/490 valence_gated_hebbian_iv0.2_thr0.05_dur200 seed=4: -2.665e-04 -> -2.288e-04 (delta +3.77e-05, 3.9s)
[2026-04-28T05:10:20+00:00] [block1] 316/490 valence_gated_hebbian_iv0.2_thr0.05_dur1000 seed=0: -2.586e-04 -> -2.165e-04 (delta +4.21e-05, 3.9s)
[2026-04-28T05:10:24+00:00] [block1] 317/490 valence_gated_hebbian_iv0.2_thr0.05_dur1000 seed=1: -2.678e-04 -> -2.278e-04 (delta +4.00e-05, 3.9s)
[2026-04-28T05:10:28+00:00] [block1] 318/490 valence_gated_hebbian_iv0.2_thr0.05_dur1000 seed=2: -2.716e-04 -> -2.288e-04 (delta +4.28e-05, 3.9s)
[2026-04-28T05:10:33+00:00] [block1] 319/490 valence_gated_hebbian_iv0.2_thr0.05_dur1000 seed=3: -2.792e-04 -> -2.342e-04 (delta +4.49e-05, 3.9s)
[2026-04-28T05:10:37+00:00] [block1] 320/490 valence_gated_hebbian_iv0.2_thr0.05_dur1000 seed=4: -2.665e-04 -> -2.235e-04 (delta +4.30e-05, 4.0s)
[2026-04-28T05:10:41+00:00] [block1] 321/490 valence_gated_hebbian_iv0.2_thr0.20_dur200 seed=0: -2.586e-04 -> -2.231e-04 (delta +3.55e-05, 3.9s)
[2026-04-28T05:10:46+00:00] [block1] 322/490 valence_gated_hebbian_iv0.2_thr0.20_dur200 seed=1: -2.678e-04 -> -2.242e-04 (delta +4.36e-05, 4.1s)
[2026-04-28T05:10:50+00:00] [block1] 323/490 valence_gated_hebbian_iv0.2_thr0.20_dur200 seed=2: -2.716e-04 -> -2.240e-04 (delta +4.75e-05, 3.9s)
[2026-04-28T05:10:54+00:00] [block1] 324/490 valence_gated_hebbian_iv0.2_thr0.20_dur200 seed=3: -2.792e-04 -> -2.377e-04 (delta +4.15e-05, 3.9s)
[2026-04-28T05:10:59+00:00] [block1] 325/490 valence_gated_hebbian_iv0.2_thr0.20_dur200 seed=4: -2.665e-04 -> -2.207e-04 (delta +4.58e-05, 3.9s)
[2026-04-28T05:11:03+00:00] [block1] 326/490 valence_gated_hebbian_iv0.2_thr0.20_dur1000 seed=0: -2.586e-04 -> -2.172e-04 (delta +4.14e-05, 3.9s)
[2026-04-28T05:11:07+00:00] [block1] 327/490 valence_gated_hebbian_iv0.2_thr0.20_dur1000 seed=1: -2.678e-04 -> -2.219e-04 (delta +4.59e-05, 3.9s)
[2026-04-28T05:11:12+00:00] [block1] 328/490 valence_gated_hebbian_iv0.2_thr0.20_dur1000 seed=2: -2.716e-04 -> -2.281e-04 (delta +4.35e-05, 3.9s)
[2026-04-28T05:11:16+00:00] [block1] 329/490 valence_gated_hebbian_iv0.2_thr0.20_dur1000 seed=3: -2.792e-04 -> -2.327e-04 (delta +4.64e-05, 4.0s)
[2026-04-28T05:11:20+00:00] [block1] 330/490 valence_gated_hebbian_iv0.2_thr0.20_dur1000 seed=4: -2.665e-04 -> -2.216e-04 (delta +4.49e-05, 3.9s)
[2026-04-28T05:11:24+00:00] [block1] 331/490 valence_gated_hebbian_iv1.0_thr0.05_dur200 seed=0: -2.586e-04 -> -2.176e-04 (delta +4.10e-05, 3.9s)
[2026-04-28T05:11:29+00:00] [block1] 332/490 valence_gated_hebbian_iv1.0_thr0.05_dur200 seed=1: -2.678e-04 -> -2.257e-04 (delta +4.21e-05, 3.9s)
[2026-04-28T05:11:33+00:00] [block1] 333/490 valence_gated_hebbian_iv1.0_thr0.05_dur200 seed=2: -2.716e-04 -> -2.295e-04 (delta +4.21e-05, 3.9s)
[2026-04-28T05:11:37+00:00] [block1] 334/490 valence_gated_hebbian_iv1.0_thr0.05_dur200 seed=3: -2.792e-04 -> -2.365e-04 (delta +4.27e-05, 3.9s)
[2026-04-28T05:11:42+00:00] [block1] 335/490 valence_gated_hebbian_iv1.0_thr0.05_dur200 seed=4: -2.665e-04 -> -2.211e-04 (delta +4.54e-05, 3.9s)
[2026-04-28T05:11:46+00:00] [block1] 336/490 valence_gated_hebbian_iv1.0_thr0.05_dur1000 seed=0: -2.586e-04 -> -2.203e-04 (delta +3.83e-05, 4.0s)
[2026-04-28T05:11:51+00:00] [block1] 337/490 valence_gated_hebbian_iv1.0_thr0.05_dur1000 seed=1: -2.678e-04 -> -2.277e-04 (delta +4.01e-05, 4.0s)
[2026-04-28T05:11:55+00:00] [block1] 338/490 valence_gated_hebbian_iv1.0_thr0.05_dur1000 seed=2: -2.716e-04 -> -2.298e-04 (delta +4.18e-05, 3.9s)
[2026-04-28T05:11:59+00:00] [block1] 339/490 valence_gated_hebbian_iv1.0_thr0.05_dur1000 seed=3: -2.792e-04 -> -2.353e-04 (delta +4.39e-05, 4.0s)
[2026-04-28T05:12:04+00:00] [block1] 340/490 valence_gated_hebbian_iv1.0_thr0.05_dur1000 seed=4: -2.665e-04 -> -2.240e-04 (delta +4.25e-05, 3.9s)
[2026-04-28T05:12:08+00:00] [block1] 341/490 valence_gated_hebbian_iv1.0_thr0.20_dur200 seed=0: -2.586e-04 -> -2.232e-04 (delta +3.54e-05, 3.9s)
[2026-04-28T05:12:12+00:00] [block1] 342/490 valence_gated_hebbian_iv1.0_thr0.20_dur200 seed=1: -2.678e-04 -> -2.294e-04 (delta +3.84e-05, 4.0s)
[2026-04-28T05:12:17+00:00] [block1] 343/490 valence_gated_hebbian_iv1.0_thr0.20_dur200 seed=2: -2.716e-04 -> -2.282e-04 (delta +4.34e-05, 3.9s)
[2026-04-28T05:12:21+00:00] [block1] 344/490 valence_gated_hebbian_iv1.0_thr0.20_dur200 seed=3: -2.792e-04 -> -2.379e-04 (delta +4.12e-05, 3.9s)
[2026-04-28T05:12:25+00:00] [block1] 345/490 valence_gated_hebbian_iv1.0_thr0.20_dur200 seed=4: -2.665e-04 -> -2.294e-04 (delta +3.71e-05, 3.9s)
[2026-04-28T05:12:30+00:00] [block1] 346/490 valence_gated_hebbian_iv1.0_thr0.20_dur1000 seed=0: -2.586e-04 -> -2.206e-04 (delta +3.80e-05, 3.9s)
[2026-04-28T05:12:34+00:00] [block1] 347/490 valence_gated_hebbian_iv1.0_thr0.20_dur1000 seed=1: -2.678e-04 -> -2.248e-04 (delta +4.30e-05, 3.9s)
[2026-04-28T05:12:38+00:00] [block1] 348/490 valence_gated_hebbian_iv1.0_thr0.20_dur1000 seed=2: -2.716e-04 -> -2.249e-04 (delta +4.67e-05, 3.9s)
[2026-04-28T05:12:43+00:00] [block1] 349/490 valence_gated_hebbian_iv1.0_thr0.20_dur1000 seed=3: -2.792e-04 -> -2.344e-04 (delta +4.48e-05, 3.9s)
[2026-04-28T05:12:47+00:00] [block1] 350/490 valence_gated_hebbian_iv1.0_thr0.20_dur1000 seed=4: -2.665e-04 -> -2.238e-04 (delta +4.27e-05, 3.9s)
[2026-04-28T05:12:51+00:00] [block1] 351/490 valence_gated_hebbian_iv1.8_thr0.05_dur200 seed=0: -2.586e-04 -> -2.226e-04 (delta +3.60e-05, 3.9s)
[2026-04-28T05:12:56+00:00] [block1] 352/490 valence_gated_hebbian_iv1.8_thr0.05_dur200 seed=1: -2.678e-04 -> -2.305e-04 (delta +3.73e-05, 3.9s)
[2026-04-28T05:13:00+00:00] [block1] 353/490 valence_gated_hebbian_iv1.8_thr0.05_dur200 seed=2: -2.716e-04 -> -2.262e-04 (delta +4.54e-05, 4.0s)
[2026-04-28T05:13:04+00:00] [block1] 354/490 valence_gated_hebbian_iv1.8_thr0.05_dur200 seed=3: -2.792e-04 -> -2.365e-04 (delta +4.27e-05, 3.9s)
[2026-04-28T05:13:09+00:00] [block1] 355/490 valence_gated_hebbian_iv1.8_thr0.05_dur200 seed=4: -2.665e-04 -> -2.220e-04 (delta +4.45e-05, 3.9s)
[2026-04-28T05:13:13+00:00] [block1] 356/490 valence_gated_hebbian_iv1.8_thr0.05_dur1000 seed=0: -2.586e-04 -> -2.209e-04 (delta +3.77e-05, 3.9s)
[2026-04-28T05:13:17+00:00] [block1] 357/490 valence_gated_hebbian_iv1.8_thr0.05_dur1000 seed=1: -2.678e-04 -> -2.262e-04 (delta +4.16e-05, 3.9s)
[2026-04-28T05:13:22+00:00] [block1] 358/490 valence_gated_hebbian_iv1.8_thr0.05_dur1000 seed=2: -2.716e-04 -> -2.247e-04 (delta +4.69e-05, 4.0s)
[2026-04-28T05:13:26+00:00] [block1] 359/490 valence_gated_hebbian_iv1.8_thr0.05_dur1000 seed=3: -2.792e-04 -> -2.414e-04 (delta +3.78e-05, 4.0s)
[2026-04-28T05:13:31+00:00] [block1] 360/490 valence_gated_hebbian_iv1.8_thr0.05_dur1000 seed=4: -2.665e-04 -> -2.263e-04 (delta +4.02e-05, 3.9s)
[2026-04-28T05:13:35+00:00] [block1] 361/490 valence_gated_hebbian_iv1.8_thr0.20_dur200 seed=0: -2.586e-04 -> -2.242e-04 (delta +3.43e-05, 3.9s)
[2026-04-28T05:13:39+00:00] [block1] 362/490 valence_gated_hebbian_iv1.8_thr0.20_dur200 seed=1: -2.678e-04 -> -2.267e-04 (delta +4.11e-05, 4.0s)
[2026-04-28T05:13:44+00:00] [block1] 363/490 valence_gated_hebbian_iv1.8_thr0.20_dur200 seed=2: -2.716e-04 -> -2.314e-04 (delta +4.01e-05, 3.9s)
[2026-04-28T05:13:48+00:00] [block1] 364/490 valence_gated_hebbian_iv1.8_thr0.20_dur200 seed=3: -2.792e-04 -> -2.325e-04 (delta +4.66e-05, 4.0s)
[2026-04-28T05:13:53+00:00] [block1] 365/490 valence_gated_hebbian_iv1.8_thr0.20_dur200 seed=4: -2.665e-04 -> -2.308e-04 (delta +3.57e-05, 3.9s)
[2026-04-28T05:13:57+00:00] [block1] 366/490 valence_gated_hebbian_iv1.8_thr0.20_dur1000 seed=0: -2.586e-04 -> -2.230e-04 (delta +3.56e-05, 3.9s)
[2026-04-28T05:14:01+00:00] [block1] 367/490 valence_gated_hebbian_iv1.8_thr0.20_dur1000 seed=1: -2.678e-04 -> -2.295e-04 (delta +3.83e-05, 3.9s)
[2026-04-28T05:14:06+00:00] [block1] 368/490 valence_gated_hebbian_iv1.8_thr0.20_dur1000 seed=2: -2.716e-04 -> -2.256e-04 (delta +4.60e-05, 3.9s)
[2026-04-28T05:14:10+00:00] [block1] 369/490 valence_gated_hebbian_iv1.8_thr0.20_dur1000 seed=3: -2.792e-04 -> -2.355e-04 (delta +4.37e-05, 3.9s)
[2026-04-28T05:14:14+00:00] [block1] 370/490 valence_gated_hebbian_iv1.8_thr0.20_dur1000 seed=4: -2.665e-04 -> -2.225e-04 (delta +4.40e-05, 4.0s)
[2026-04-28T05:14:18+00:00] [block1] 371/490 valence_inverted_uniform_iv0.2_thr0.05_dur200 seed=0: -2.586e-04 -> -2.187e-04 (delta +3.99e-05, 3.4s)
[2026-04-28T05:14:22+00:00] [block1] 372/490 valence_inverted_uniform_iv0.2_thr0.05_dur200 seed=1: -2.678e-04 -> -2.250e-04 (delta +4.28e-05, 3.3s)
[2026-04-28T05:14:26+00:00] [block1] 373/490 valence_inverted_uniform_iv0.2_thr0.05_dur200 seed=2: -2.716e-04 -> -2.246e-04 (delta +4.70e-05, 3.3s)
[2026-04-28T05:14:30+00:00] [block1] 374/490 valence_inverted_uniform_iv0.2_thr0.05_dur200 seed=3: -2.792e-04 -> -2.391e-04 (delta +4.01e-05, 3.3s)
[2026-04-28T05:14:33+00:00] [block1] 375/490 valence_inverted_uniform_iv0.2_thr0.05_dur200 seed=4: -2.665e-04 -> -2.239e-04 (delta +4.26e-05, 3.3s)
[2026-04-28T05:14:37+00:00] [block1] 376/490 valence_inverted_uniform_iv0.2_thr0.05_dur1000 seed=0: -2.586e-04 -> -2.181e-04 (delta +4.05e-05, 3.3s)
[2026-04-28T05:14:41+00:00] [block1] 377/490 valence_inverted_uniform_iv0.2_thr0.05_dur1000 seed=1: -2.678e-04 -> -2.295e-04 (delta +3.84e-05, 3.3s)
[2026-04-28T05:14:45+00:00] [block1] 378/490 valence_inverted_uniform_iv0.2_thr0.05_dur1000 seed=2: -2.716e-04 -> -2.269e-04 (delta +4.47e-05, 3.3s)
[2026-04-28T05:14:49+00:00] [block1] 379/490 valence_inverted_uniform_iv0.2_thr0.05_dur1000 seed=3: -2.792e-04 -> -2.362e-04 (delta +4.29e-05, 3.3s)
[2026-04-28T05:14:52+00:00] [block1] 380/490 valence_inverted_uniform_iv0.2_thr0.05_dur1000 seed=4: -2.665e-04 -> -2.207e-04 (delta +4.58e-05, 3.3s)
[2026-04-28T05:14:56+00:00] [block1] 381/490 valence_inverted_uniform_iv0.2_thr0.20_dur200 seed=0: -2.586e-04 -> -2.197e-04 (delta +3.88e-05, 3.3s)
[2026-04-28T05:15:00+00:00] [block1] 382/490 valence_inverted_uniform_iv0.2_thr0.20_dur200 seed=1: -2.678e-04 -> -2.257e-04 (delta +4.21e-05, 3.3s)
[2026-04-28T05:15:04+00:00] [block1] 383/490 valence_inverted_uniform_iv0.2_thr0.20_dur200 seed=2: -2.716e-04 -> -2.256e-04 (delta +4.60e-05, 3.4s)
[2026-04-28T05:15:08+00:00] [block1] 384/490 valence_inverted_uniform_iv0.2_thr0.20_dur200 seed=3: -2.792e-04 -> -2.365e-04 (delta +4.27e-05, 3.3s)
[2026-04-28T05:15:11+00:00] [block1] 385/490 valence_inverted_uniform_iv0.2_thr0.20_dur200 seed=4: -2.665e-04 -> -2.174e-04 (delta +4.91e-05, 3.3s)
[2026-04-28T05:15:15+00:00] [block1] 386/490 valence_inverted_uniform_iv0.2_thr0.20_dur1000 seed=0: -2.586e-04 -> -2.191e-04 (delta +3.94e-05, 3.3s)
[2026-04-28T05:15:19+00:00] [block1] 387/490 valence_inverted_uniform_iv0.2_thr0.20_dur1000 seed=1: -2.678e-04 -> -2.244e-04 (delta +4.34e-05, 3.3s)
[2026-04-28T05:15:23+00:00] [block1] 388/490 valence_inverted_uniform_iv0.2_thr0.20_dur1000 seed=2: -2.716e-04 -> -2.225e-04 (delta +4.90e-05, 3.3s)
[2026-04-28T05:15:27+00:00] [block1] 389/490 valence_inverted_uniform_iv0.2_thr0.20_dur1000 seed=3: -2.792e-04 -> -2.384e-04 (delta +4.08e-05, 3.3s)
[2026-04-28T05:15:30+00:00] [block1] 390/490 valence_inverted_uniform_iv0.2_thr0.20_dur1000 seed=4: -2.665e-04 -> -2.241e-04 (delta +4.24e-05, 3.3s)
[2026-04-28T05:15:34+00:00] [block1] 391/490 valence_inverted_uniform_iv1.0_thr0.05_dur200 seed=0: -2.586e-04 -> -2.198e-04 (delta +3.88e-05, 3.3s)
[2026-04-28T05:15:38+00:00] [block1] 392/490 valence_inverted_uniform_iv1.0_thr0.05_dur200 seed=1: -2.678e-04 -> -2.227e-04 (delta +4.51e-05, 3.3s)
[2026-04-28T05:15:42+00:00] [block1] 393/490 valence_inverted_uniform_iv1.0_thr0.05_dur200 seed=2: -2.716e-04 -> -2.299e-04 (delta +4.17e-05, 3.3s)
[2026-04-28T05:15:46+00:00] [block1] 394/490 valence_inverted_uniform_iv1.0_thr0.05_dur200 seed=3: -2.792e-04 -> -2.380e-04 (delta +4.12e-05, 3.4s)
[2026-04-28T05:15:49+00:00] [block1] 395/490 valence_inverted_uniform_iv1.0_thr0.05_dur200 seed=4: -2.665e-04 -> -2.270e-04 (delta +3.95e-05, 3.4s)
[2026-04-28T05:15:53+00:00] [block1] 396/490 valence_inverted_uniform_iv1.0_thr0.05_dur1000 seed=0: -2.586e-04 -> -2.243e-04 (delta +3.43e-05, 3.3s)
[2026-04-28T05:15:57+00:00] [block1] 397/490 valence_inverted_uniform_iv1.0_thr0.05_dur1000 seed=1: -2.678e-04 -> -2.303e-04 (delta +3.75e-05, 3.3s)
[2026-04-28T05:16:01+00:00] [block1] 398/490 valence_inverted_uniform_iv1.0_thr0.05_dur1000 seed=2: -2.716e-04 -> -2.305e-04 (delta +4.10e-05, 3.3s)
[2026-04-28T05:16:05+00:00] [block1] 399/490 valence_inverted_uniform_iv1.0_thr0.05_dur1000 seed=3: -2.792e-04 -> -2.325e-04 (delta +4.67e-05, 3.3s)
[2026-04-28T05:16:08+00:00] [block1] 400/490 valence_inverted_uniform_iv1.0_thr0.05_dur1000 seed=4: -2.665e-04 -> -2.263e-04 (delta +4.02e-05, 3.3s)
[2026-04-28T05:16:12+00:00] [block1] 401/490 valence_inverted_uniform_iv1.0_thr0.20_dur200 seed=0: -2.586e-04 -> -2.274e-04 (delta +3.12e-05, 3.3s)
[2026-04-28T05:16:16+00:00] [block1] 402/490 valence_inverted_uniform_iv1.0_thr0.20_dur200 seed=1: -2.678e-04 -> -2.268e-04 (delta +4.10e-05, 3.3s)
[2026-04-28T05:16:20+00:00] [block1] 403/490 valence_inverted_uniform_iv1.0_thr0.20_dur200 seed=2: -2.716e-04 -> -2.296e-04 (delta +4.20e-05, 3.3s)
[2026-04-28T05:16:24+00:00] [block1] 404/490 valence_inverted_uniform_iv1.0_thr0.20_dur200 seed=3: -2.792e-04 -> -2.392e-04 (delta +4.00e-05, 3.4s)
[2026-04-28T05:16:27+00:00] [block1] 405/490 valence_inverted_uniform_iv1.0_thr0.20_dur200 seed=4: -2.665e-04 -> -2.254e-04 (delta +4.11e-05, 3.3s)
[2026-04-28T05:16:31+00:00] [block1] 406/490 valence_inverted_uniform_iv1.0_thr0.20_dur1000 seed=0: -2.586e-04 -> -2.217e-04 (delta +3.69e-05, 3.3s)
[2026-04-28T05:16:35+00:00] [block1] 407/490 valence_inverted_uniform_iv1.0_thr0.20_dur1000 seed=1: -2.678e-04 -> -2.320e-04 (delta +3.59e-05, 3.4s)
[2026-04-28T05:16:39+00:00] [block1] 408/490 valence_inverted_uniform_iv1.0_thr0.20_dur1000 seed=2: -2.716e-04 -> -2.295e-04 (delta +4.20e-05, 3.3s)
[2026-04-28T05:16:43+00:00] [block1] 409/490 valence_inverted_uniform_iv1.0_thr0.20_dur1000 seed=3: -2.792e-04 -> -2.383e-04 (delta +4.09e-05, 3.3s)
[2026-04-28T05:16:47+00:00] [block1] 410/490 valence_inverted_uniform_iv1.0_thr0.20_dur1000 seed=4: -2.665e-04 -> -2.299e-04 (delta +3.66e-05, 3.5s)
[2026-04-28T05:16:51+00:00] [block1] 411/490 valence_inverted_uniform_iv1.8_thr0.05_dur200 seed=0: -2.586e-04 -> -2.226e-04 (delta +3.60e-05, 3.3s)
[2026-04-28T05:16:54+00:00] [block1] 412/490 valence_inverted_uniform_iv1.8_thr0.05_dur200 seed=1: -2.678e-04 -> -2.289e-04 (delta +3.89e-05, 3.3s)
[2026-04-28T05:16:58+00:00] [block1] 413/490 valence_inverted_uniform_iv1.8_thr0.05_dur200 seed=2: -2.716e-04 -> -2.299e-04 (delta +4.17e-05, 3.3s)
[2026-04-28T05:17:02+00:00] [block1] 414/490 valence_inverted_uniform_iv1.8_thr0.05_dur200 seed=3: -2.792e-04 -> -2.388e-04 (delta +4.03e-05, 3.3s)
[2026-04-28T05:17:06+00:00] [block1] 415/490 valence_inverted_uniform_iv1.8_thr0.05_dur200 seed=4: -2.665e-04 -> -2.270e-04 (delta +3.95e-05, 3.3s)
[2026-04-28T05:17:10+00:00] [block1] 416/490 valence_inverted_uniform_iv1.8_thr0.05_dur1000 seed=0: -2.586e-04 -> -2.215e-04 (delta +3.70e-05, 3.3s)
[2026-04-28T05:17:13+00:00] [block1] 417/490 valence_inverted_uniform_iv1.8_thr0.05_dur1000 seed=1: -2.678e-04 -> -2.328e-04 (delta +3.50e-05, 3.3s)
[2026-04-28T05:17:17+00:00] [block1] 418/490 valence_inverted_uniform_iv1.8_thr0.05_dur1000 seed=2: -2.716e-04 -> -2.237e-04 (delta +4.79e-05, 3.3s)
[2026-04-28T05:17:21+00:00] [block1] 419/490 valence_inverted_uniform_iv1.8_thr0.05_dur1000 seed=3: -2.792e-04 -> -2.369e-04 (delta +4.23e-05, 3.4s)
[2026-04-28T05:17:25+00:00] [block1] 420/490 valence_inverted_uniform_iv1.8_thr0.05_dur1000 seed=4: -2.665e-04 -> -2.267e-04 (delta +3.98e-05, 3.4s)
[2026-04-28T05:17:29+00:00] [block1] 421/490 valence_inverted_uniform_iv1.8_thr0.20_dur200 seed=0: -2.586e-04 -> -2.231e-04 (delta +3.55e-05, 3.3s)
[2026-04-28T05:17:33+00:00] [block1] 422/490 valence_inverted_uniform_iv1.8_thr0.20_dur200 seed=1: -2.678e-04 -> -2.240e-04 (delta +4.38e-05, 3.3s)
[2026-04-28T05:17:37+00:00] [block1] 423/490 valence_inverted_uniform_iv1.8_thr0.20_dur200 seed=2: -2.716e-04 -> -2.286e-04 (delta +4.30e-05, 3.3s)
[2026-04-28T05:17:40+00:00] [block1] 424/490 valence_inverted_uniform_iv1.8_thr0.20_dur200 seed=3: -2.792e-04 -> -2.387e-04 (delta +4.05e-05, 3.3s)
[2026-04-28T05:17:44+00:00] [block1] 425/490 valence_inverted_uniform_iv1.8_thr0.20_dur200 seed=4: -2.665e-04 -> -2.258e-04 (delta +4.07e-05, 3.3s)
[2026-04-28T05:17:48+00:00] [block1] 426/490 valence_inverted_uniform_iv1.8_thr0.20_dur1000 seed=0: -2.586e-04 -> -2.250e-04 (delta +3.36e-05, 3.4s)
[2026-04-28T05:17:52+00:00] [block1] 427/490 valence_inverted_uniform_iv1.8_thr0.20_dur1000 seed=1: -2.678e-04 -> -2.248e-04 (delta +4.30e-05, 3.3s)
[2026-04-28T05:17:56+00:00] [block1] 428/490 valence_inverted_uniform_iv1.8_thr0.20_dur1000 seed=2: -2.716e-04 -> -2.343e-04 (delta +3.73e-05, 3.3s)
[2026-04-28T05:18:00+00:00] [block1] 429/490 valence_inverted_uniform_iv1.8_thr0.20_dur1000 seed=3: -2.792e-04 -> -2.415e-04 (delta +3.77e-05, 3.3s)
[2026-04-28T05:18:04+00:00] [block1] 430/490 valence_inverted_uniform_iv1.8_thr0.20_dur1000 seed=4: -2.665e-04 -> -2.252e-04 (delta +4.13e-05, 3.3s)
[2026-04-28T05:18:08+00:00] [block1] 431/490 valence_inverted_hebbian_iv0.2_thr0.05_dur200 seed=0: -2.586e-04 -> -2.221e-04 (delta +3.65e-05, 3.9s)
[2026-04-28T05:18:12+00:00] [block1] 432/490 valence_inverted_hebbian_iv0.2_thr0.05_dur200 seed=1: -2.678e-04 -> -2.284e-04 (delta +3.94e-05, 3.9s)
[2026-04-28T05:18:17+00:00] [block1] 433/490 valence_inverted_hebbian_iv0.2_thr0.05_dur200 seed=2: -2.716e-04 -> -2.272e-04 (delta +4.44e-05, 3.9s)
[2026-04-28T05:18:21+00:00] [block1] 434/490 valence_inverted_hebbian_iv0.2_thr0.05_dur200 seed=3: -2.792e-04 -> -2.383e-04 (delta +4.09e-05, 3.9s)
[2026-04-28T05:18:26+00:00] [block1] 435/490 valence_inverted_hebbian_iv0.2_thr0.05_dur200 seed=4: -2.665e-04 -> -2.242e-04 (delta +4.23e-05, 3.9s)
[2026-04-28T05:18:30+00:00] [block1] 436/490 valence_inverted_hebbian_iv0.2_thr0.05_dur1000 seed=0: -2.586e-04 -> -2.203e-04 (delta +3.83e-05, 3.9s)
[2026-04-28T05:18:35+00:00] [block1] 437/490 valence_inverted_hebbian_iv0.2_thr0.05_dur1000 seed=1: -2.678e-04 -> -2.307e-04 (delta +3.71e-05, 3.9s)
[2026-04-28T05:18:39+00:00] [block1] 438/490 valence_inverted_hebbian_iv0.2_thr0.05_dur1000 seed=2: -2.716e-04 -> -2.279e-04 (delta +4.36e-05, 4.0s)
[2026-04-28T05:18:44+00:00] [block1] 439/490 valence_inverted_hebbian_iv0.2_thr0.05_dur1000 seed=3: -2.792e-04 -> -2.340e-04 (delta +4.52e-05, 4.0s)
[2026-04-28T05:18:48+00:00] [block1] 440/490 valence_inverted_hebbian_iv0.2_thr0.05_dur1000 seed=4: -2.665e-04 -> -2.241e-04 (delta +4.24e-05, 3.9s)
[2026-04-28T05:18:53+00:00] [block1] 441/490 valence_inverted_hebbian_iv0.2_thr0.20_dur200 seed=0: -2.586e-04 -> -2.199e-04 (delta +3.87e-05, 4.0s)
[2026-04-28T05:18:57+00:00] [block1] 442/490 valence_inverted_hebbian_iv0.2_thr0.20_dur200 seed=1: -2.678e-04 -> -2.292e-04 (delta +3.86e-05, 4.0s)
[2026-04-28T05:19:02+00:00] [block1] 443/490 valence_inverted_hebbian_iv0.2_thr0.20_dur200 seed=2: -2.716e-04 -> -2.247e-04 (delta +4.69e-05, 3.9s)
[2026-04-28T05:19:06+00:00] [block1] 444/490 valence_inverted_hebbian_iv0.2_thr0.20_dur200 seed=3: -2.792e-04 -> -2.358e-04 (delta +4.34e-05, 3.9s)
[2026-04-28T05:19:11+00:00] [block1] 445/490 valence_inverted_hebbian_iv0.2_thr0.20_dur200 seed=4: -2.665e-04 -> -2.223e-04 (delta +4.42e-05, 4.0s)
[2026-04-28T05:19:15+00:00] [block1] 446/490 valence_inverted_hebbian_iv0.2_thr0.20_dur1000 seed=0: -2.586e-04 -> -2.204e-04 (delta +3.82e-05, 3.9s)
[2026-04-28T05:19:20+00:00] [block1] 447/490 valence_inverted_hebbian_iv0.2_thr0.20_dur1000 seed=1: -2.678e-04 -> -2.264e-04 (delta +4.14e-05, 3.9s)
[2026-04-28T05:19:24+00:00] [block1] 448/490 valence_inverted_hebbian_iv0.2_thr0.20_dur1000 seed=2: -2.716e-04 -> -2.273e-04 (delta +4.43e-05, 3.9s)
[2026-04-28T05:19:29+00:00] [block1] 449/490 valence_inverted_hebbian_iv0.2_thr0.20_dur1000 seed=3: -2.792e-04 -> -2.361e-04 (delta +4.31e-05, 3.9s)
[2026-04-28T05:19:33+00:00] [block1] 450/490 valence_inverted_hebbian_iv0.2_thr0.20_dur1000 seed=4: -2.665e-04 -> -2.268e-04 (delta +3.96e-05, 4.0s)
[2026-04-28T05:19:38+00:00] [block1] 451/490 valence_inverted_hebbian_iv1.0_thr0.05_dur200 seed=0: -2.586e-04 -> -2.230e-04 (delta +3.56e-05, 3.9s)
[2026-04-28T05:19:42+00:00] [block1] 452/490 valence_inverted_hebbian_iv1.0_thr0.05_dur200 seed=1: -2.678e-04 -> -2.245e-04 (delta +4.33e-05, 3.9s)
[2026-04-28T05:19:47+00:00] [block1] 453/490 valence_inverted_hebbian_iv1.0_thr0.05_dur200 seed=2: -2.716e-04 -> -2.225e-04 (delta +4.91e-05, 4.0s)
[2026-04-28T05:19:51+00:00] [block1] 454/490 valence_inverted_hebbian_iv1.0_thr0.05_dur200 seed=3: -2.792e-04 -> -2.373e-04 (delta +4.19e-05, 4.0s)
[2026-04-28T05:19:56+00:00] [block1] 455/490 valence_inverted_hebbian_iv1.0_thr0.05_dur200 seed=4: -2.665e-04 -> -2.235e-04 (delta +4.30e-05, 3.9s)
[2026-04-28T05:20:00+00:00] [block1] 456/490 valence_inverted_hebbian_iv1.0_thr0.05_dur1000 seed=0: -2.586e-04 -> -2.257e-04 (delta +3.29e-05, 4.0s)
[2026-04-28T05:20:05+00:00] [block1] 457/490 valence_inverted_hebbian_iv1.0_thr0.05_dur1000 seed=1: -2.678e-04 -> -2.223e-04 (delta +4.55e-05, 3.9s)
[2026-04-28T05:20:09+00:00] [block1] 458/490 valence_inverted_hebbian_iv1.0_thr0.05_dur1000 seed=2: -2.716e-04 -> -2.243e-04 (delta +4.73e-05, 3.9s)
[2026-04-28T05:20:14+00:00] [block1] 459/490 valence_inverted_hebbian_iv1.0_thr0.05_dur1000 seed=3: -2.792e-04 -> -2.332e-04 (delta +4.60e-05, 3.9s)
[2026-04-28T05:20:18+00:00] [block1] 460/490 valence_inverted_hebbian_iv1.0_thr0.05_dur1000 seed=4: -2.665e-04 -> -2.272e-04 (delta +3.93e-05, 3.9s)
[2026-04-28T05:20:23+00:00] [block1] 461/490 valence_inverted_hebbian_iv1.0_thr0.20_dur200 seed=0: -2.586e-04 -> -2.203e-04 (delta +3.83e-05, 4.0s)
[2026-04-28T05:20:27+00:00] [block1] 462/490 valence_inverted_hebbian_iv1.0_thr0.20_dur200 seed=1: -2.678e-04 -> -2.297e-04 (delta +3.81e-05, 3.9s)
[2026-04-28T05:20:32+00:00] [block1] 463/490 valence_inverted_hebbian_iv1.0_thr0.20_dur200 seed=2: -2.716e-04 -> -2.312e-04 (delta +4.04e-05, 3.9s)
[2026-04-28T05:20:36+00:00] [block1] 464/490 valence_inverted_hebbian_iv1.0_thr0.20_dur200 seed=3: -2.792e-04 -> -2.393e-04 (delta +3.99e-05, 3.9s)
[2026-04-28T05:20:41+00:00] [block1] 465/490 valence_inverted_hebbian_iv1.0_thr0.20_dur200 seed=4: -2.665e-04 -> -2.264e-04 (delta +4.01e-05, 4.0s)
[2026-04-28T05:20:45+00:00] [block1] 466/490 valence_inverted_hebbian_iv1.0_thr0.20_dur1000 seed=0: -2.586e-04 -> -2.228e-04 (delta +3.58e-05, 4.0s)
[2026-04-28T05:20:50+00:00] [block1] 467/490 valence_inverted_hebbian_iv1.0_thr0.20_dur1000 seed=1: -2.678e-04 -> -2.262e-04 (delta +4.16e-05, 3.9s)
[2026-04-28T05:20:54+00:00] [block1] 468/490 valence_inverted_hebbian_iv1.0_thr0.20_dur1000 seed=2: -2.716e-04 -> -2.281e-04 (delta +4.35e-05, 3.9s)
[2026-04-28T05:20:59+00:00] [block1] 469/490 valence_inverted_hebbian_iv1.0_thr0.20_dur1000 seed=3: -2.792e-04 -> -2.328e-04 (delta +4.64e-05, 3.9s)
[2026-04-28T05:21:03+00:00] [block1] 470/490 valence_inverted_hebbian_iv1.0_thr0.20_dur1000 seed=4: -2.665e-04 -> -2.244e-04 (delta +4.21e-05, 4.0s)
[2026-04-28T05:21:08+00:00] [block1] 471/490 valence_inverted_hebbian_iv1.8_thr0.05_dur200 seed=0: -2.586e-04 -> -2.211e-04 (delta +3.75e-05, 4.0s)
[2026-04-28T05:21:12+00:00] [block1] 472/490 valence_inverted_hebbian_iv1.8_thr0.05_dur200 seed=1: -2.678e-04 -> -2.291e-04 (delta +3.87e-05, 3.9s)
[2026-04-28T05:21:17+00:00] [block1] 473/490 valence_inverted_hebbian_iv1.8_thr0.05_dur200 seed=2: -2.716e-04 -> -2.263e-04 (delta +4.52e-05, 4.0s)
[2026-04-28T05:21:21+00:00] [block1] 474/490 valence_inverted_hebbian_iv1.8_thr0.05_dur200 seed=3: -2.792e-04 -> -2.403e-04 (delta +3.88e-05, 4.0s)
[2026-04-28T05:21:26+00:00] [block1] 475/490 valence_inverted_hebbian_iv1.8_thr0.05_dur200 seed=4: -2.665e-04 -> -2.240e-04 (delta +4.25e-05, 3.9s)
[2026-04-28T05:21:30+00:00] [block1] 476/490 valence_inverted_hebbian_iv1.8_thr0.05_dur1000 seed=0: -2.586e-04 -> -2.229e-04 (delta +3.57e-05, 3.9s)
[2026-04-28T05:21:35+00:00] [block1] 477/490 valence_inverted_hebbian_iv1.8_thr0.05_dur1000 seed=1: -2.678e-04 -> -2.258e-04 (delta +4.20e-05, 4.0s)
[2026-04-28T05:21:39+00:00] [block1] 478/490 valence_inverted_hebbian_iv1.8_thr0.05_dur1000 seed=2: -2.716e-04 -> -2.284e-04 (delta +4.32e-05, 3.9s)
[2026-04-28T05:21:44+00:00] [block1] 479/490 valence_inverted_hebbian_iv1.8_thr0.05_dur1000 seed=3: -2.792e-04 -> -2.375e-04 (delta +4.16e-05, 4.0s)
[2026-04-28T05:21:48+00:00] [block1] 480/490 valence_inverted_hebbian_iv1.8_thr0.05_dur1000 seed=4: -2.665e-04 -> -2.254e-04 (delta +4.11e-05, 4.0s)
[2026-04-28T05:21:53+00:00] [block1] 481/490 valence_inverted_hebbian_iv1.8_thr0.20_dur200 seed=0: -2.586e-04 -> -2.207e-04 (delta +3.79e-05, 3.9s)
[2026-04-28T05:21:57+00:00] [block1] 482/490 valence_inverted_hebbian_iv1.8_thr0.20_dur200 seed=1: -2.678e-04 -> -2.293e-04 (delta +3.86e-05, 3.9s)
[2026-04-28T05:22:02+00:00] [block1] 483/490 valence_inverted_hebbian_iv1.8_thr0.20_dur200 seed=2: -2.716e-04 -> -2.339e-04 (delta +3.77e-05, 3.9s)
[2026-04-28T05:22:06+00:00] [block1] 484/490 valence_inverted_hebbian_iv1.8_thr0.20_dur200 seed=3: -2.792e-04 -> -2.406e-04 (delta +3.86e-05, 3.9s)
[2026-04-28T05:22:11+00:00] [block1] 485/490 valence_inverted_hebbian_iv1.8_thr0.20_dur200 seed=4: -2.665e-04 -> -2.302e-04 (delta +3.63e-05, 4.0s)
[2026-04-28T05:22:15+00:00] [block1] 486/490 valence_inverted_hebbian_iv1.8_thr0.20_dur1000 seed=0: -2.586e-04 -> -2.259e-04 (delta +3.27e-05, 3.9s)
[2026-04-28T05:22:20+00:00] [block1] 487/490 valence_inverted_hebbian_iv1.8_thr0.20_dur1000 seed=1: -2.678e-04 -> -2.301e-04 (delta +3.78e-05, 3.9s)
[2026-04-28T05:22:24+00:00] [block1] 488/490 valence_inverted_hebbian_iv1.8_thr0.20_dur1000 seed=2: -2.716e-04 -> -2.326e-04 (delta +3.90e-05, 4.0s)
[2026-04-28T05:22:29+00:00] [block1] 489/490 valence_inverted_hebbian_iv1.8_thr0.20_dur1000 seed=3: -2.792e-04 -> -2.404e-04 (delta +3.87e-05, 3.9s)
[2026-04-28T05:22:34+00:00] [block1] 490/490 valence_inverted_hebbian_iv1.8_thr0.20_dur1000 seed=4: -2.665e-04 -> -2.290e-04 (delta +3.75e-05, 3.9s)
